<?xml version="1.0" encoding="UTF-8"?>
<!-- Generated by org.testng.reporters.JUnitReportReporter -->
<testsuite name="com.dcits.defaultReport.TestDefaultReport" tests="2001" time="0.173" ignored="0" failures="1" timestamp="22 八月 2019 09:34:35 GMT" skipped="0" hostname="HELLOWORLD" errors="0">
  <testcase name="test1" time="0.000" classname="com.dcits.defaultReport.TestDefaultReport"/>
  <testcase name="test3" time="0.000" classname="com.dcits.defaultReport.TestDefaultReport"/>
  <testcase name="test3" time="0.000" classname="com.dcits.defaultReport.TestDefaultReport"/>
  <testcase name="test3" time="0.000" classname="com.dcits.defaultReport.TestDefaultReport"/>
  <testcase name="test1" time="0.000" classname="com.dcits.defaultReport.TestDefaultReport"/>
  <testcase name="test1" time="0.000" classname="com.dcits.defaultReport.TestDefaultReport"/>
  <testcase name="test1" time="0.000" classname="com.dcits.defaultReport.TestDefaultReport"/>
  <testcase name="test3" time="0.000" classname="com.dcits.defaultReport.TestDefaultReport"/>
  <testcase name="test3" time="0.000" classname="com.dcits.defaultReport.TestDefaultReport"/>
  <testcase name="test3" time="0.000" classname="com.dcits.defaultReport.TestDefaultReport"/>
  <testcase name="test1" time="0.000" classname="com.dcits.defaultReport.TestDefaultReport"/>
  <testcase name="test1" time="0.000" classname="com.dcits.defaultReport.TestDefaultReport"/>
  <testcase name="test3" time="0.000" classname="com.dcits.defaultReport.TestDefaultReport"/>
  <testcase name="test3" time="0.000" classname="com.dcits.defaultReport.TestDefaultReport"/>
  <testcase name="test1" time="0.000" classname="com.dcits.defaultReport.TestDefaultReport"/>
  <testcase name="test1" time="0.000" classname="com.dcits.defaultReport.TestDefaultReport"/>
  <testcase name="test3" time="0.000" classname="com.dcits.defaultReport.TestDefaultReport"/>
  <testcase name="test3" time="0.000" classname="com.dcits.defaultReport.TestDefaultReport"/>
  <testcase name="test3" time="0.000" classname="com.dcits.defaultReport.TestDefaultReport"/>
  <testcase name="test1" time="0.000" classname="com.dcits.defaultReport.TestDefaultReport"/>
  <testcase name="test1" time="0.000" classname="com.dcits.defaultReport.TestDefaultReport"/>
  <testcase name="test3" time="0.000" classname="com.dcits.defaultReport.TestDefaultReport"/>
  <testcase name="test1" time="0.000" classname="com.dcits.defaultReport.TestDefaultReport"/>
  <testcase name="test3" time="0.000" classname="com.dcits.defaultReport.TestDefaultReport"/>
  <testcase name="test3" time="0.001" classname="com.dcits.defaultReport.TestDefaultReport"/>
  <testcase name="test1" time="0.000" classname="com.dcits.defaultReport.TestDefaultReport"/>
  <testcase name="test1" time="0.000" classname="com.dcits.defaultReport.TestDefaultReport"/>
  <testcase name="test1" time="0.000" classname="com.dcits.defaultReport.TestDefaultReport"/>
  <testcase name="test3" time="0.001" classname="com.dcits.defaultReport.TestDefaultReport"/>
  <testcase name="test1" time="0.000" classname="com.dcits.defaultReport.TestDefaultReport"/>
  <testcase name="test1" time="0.000" classname="com.dcits.defaultReport.TestDefaultReport"/>
  <testcase name="test1" time="0.000" classname="com.dcits.defaultReport.TestDefaultReport"/>
  <testcase name="test3" time="0.000" classname="com.dcits.defaultReport.TestDefaultReport"/>
  <testcase name="test1" time="0.000" classname="com.dcits.defaultReport.TestDefaultReport"/>
  <testcase name="test1" time="0.000" classname="com.dcits.defaultReport.TestDefaultReport"/>
  <testcase name="test3" time="0.000" classname="com.dcits.defaultReport.TestDefaultReport"/>
  <testcase name="test3" time="0.000" classname="com.dcits.defaultReport.TestDefaultReport"/>
  <testcase name="test3" time="0.000" classname="com.dcits.defaultReport.TestDefaultReport"/>
  <testcase name="test1" time="0.000" classname="com.dcits.defaultReport.TestDefaultReport"/>
  <testcase name="test1" time="0.000" classname="com.dcits.defaultReport.TestDefaultReport"/>
  <testcase name="test3" time="0.000" classname="com.dcits.defaultReport.TestDefaultReport"/>
  <testcase name="test1" time="0.000" classname="com.dcits.defaultReport.TestDefaultReport"/>
  <testcase name="test1" time="0.000" classname="com.dcits.defaultReport.TestDefaultReport"/>
  <testcase name="test3" time="0.000" classname="com.dcits.defaultReport.TestDefaultReport"/>
  <testcase name="test3" time="0.000" classname="com.dcits.defaultReport.TestDefaultReport"/>
  <testcase name="test3" time="0.000" classname="com.dcits.defaultReport.TestDefaultReport"/>
  <testcase name="test1" time="0.000" classname="com.dcits.defaultReport.TestDefaultReport"/>
  <testcase name="test1" time="0.001" classname="com.dcits.defaultReport.TestDefaultReport"/>
  <testcase name="test1" time="0.000" classname="com.dcits.defaultReport.TestDefaultReport"/>
  <testcase name="test3" time="0.000" classname="com.dcits.defaultReport.TestDefaultReport"/>
  <testcase name="test1" time="0.000" classname="com.dcits.defaultReport.TestDefaultReport"/>
  <testcase name="test1" time="0.000" classname="com.dcits.defaultReport.TestDefaultReport"/>
  <testcase name="test3" time="0.000" classname="com.dcits.defaultReport.TestDefaultReport"/>
  <testcase name="test3" time="0.000" classname="com.dcits.defaultReport.TestDefaultReport"/>
  <testcase name="test1" time="0.000" classname="com.dcits.defaultReport.TestDefaultReport"/>
  <testcase name="test1" time="0.002" classname="com.dcits.defaultReport.TestDefaultReport"/>
  <testcase name="test1" time="0.000" classname="com.dcits.defaultReport.TestDefaultReport"/>
  <testcase name="test1" time="0.000" classname="com.dcits.defaultReport.TestDefaultReport"/>
  <testcase name="test3" time="0.000" classname="com.dcits.defaultReport.TestDefaultReport"/>
  <testcase name="test3" time="0.000" classname="com.dcits.defaultReport.TestDefaultReport"/>
  <testcase name="test3" time="0.000" classname="com.dcits.defaultReport.TestDefaultReport"/>
  <testcase name="test3" time="0.000" classname="com.dcits.defaultReport.TestDefaultReport"/>
  <testcase name="test1" time="0.000" classname="com.dcits.defaultReport.TestDefaultReport"/>
  <testcase name="test1" time="0.001" classname="com.dcits.defaultReport.TestDefaultReport"/>
  <testcase name="test1" time="0.000" classname="com.dcits.defaultReport.TestDefaultReport"/>
  <testcase name="test3" time="0.000" classname="com.dcits.defaultReport.TestDefaultReport"/>
  <testcase name="test3" time="0.000" classname="com.dcits.defaultReport.TestDefaultReport"/>
  <testcase name="test3" time="0.000" classname="com.dcits.defaultReport.TestDefaultReport"/>
  <testcase name="test3" time="0.000" classname="com.dcits.defaultReport.TestDefaultReport"/>
  <testcase name="test1" time="0.001" classname="com.dcits.defaultReport.TestDefaultReport"/>
  <testcase name="test3" time="0.000" classname="com.dcits.defaultReport.TestDefaultReport"/>
  <testcase name="test3" time="0.000" classname="com.dcits.defaultReport.TestDefaultReport"/>
  <testcase name="test3" time="0.000" classname="com.dcits.defaultReport.TestDefaultReport"/>
  <testcase name="test3" time="0.000" classname="com.dcits.defaultReport.TestDefaultReport"/>
  <testcase name="test3" time="0.000" classname="com.dcits.defaultReport.TestDefaultReport"/>
  <testcase name="test3" time="0.000" classname="com.dcits.defaultReport.TestDefaultReport"/>
  <testcase name="test3" time="0.000" classname="com.dcits.defaultReport.TestDefaultReport"/>
  <testcase name="test3" time="0.000" classname="com.dcits.defaultReport.TestDefaultReport"/>
  <testcase name="test1" time="0.000" classname="com.dcits.defaultReport.TestDefaultReport"/>
  <testcase name="test3" time="0.001" classname="com.dcits.defaultReport.TestDefaultReport"/>
  <testcase name="test1" time="0.000" classname="com.dcits.defaultReport.TestDefaultReport"/>
  <testcase name="test1" time="0.000" classname="com.dcits.defaultReport.TestDefaultReport"/>
  <testcase name="test3" time="0.000" classname="com.dcits.defaultReport.TestDefaultReport"/>
  <testcase name="test1" time="0.000" classname="com.dcits.defaultReport.TestDefaultReport"/>
  <testcase name="test1" time="0.001" classname="com.dcits.defaultReport.TestDefaultReport"/>
  <testcase name="test1" time="0.000" classname="com.dcits.defaultReport.TestDefaultReport"/>
  <testcase name="test1" time="0.001" classname="com.dcits.defaultReport.TestDefaultReport"/>
  <testcase name="test1" time="0.000" classname="com.dcits.defaultReport.TestDefaultReport"/>
  <testcase name="test3" time="0.000" classname="com.dcits.defaultReport.TestDefaultReport"/>
  <testcase name="test1" time="0.000" classname="com.dcits.defaultReport.TestDefaultReport"/>
  <testcase name="test3" time="0.000" classname="com.dcits.defaultReport.TestDefaultReport"/>
  <testcase name="test1" time="0.000" classname="com.dcits.defaultReport.TestDefaultReport"/>
  <testcase name="test1" time="0.000" classname="com.dcits.defaultReport.TestDefaultReport"/>
  <testcase name="test1" time="0.000" classname="com.dcits.defaultReport.TestDefaultReport"/>
  <testcase name="test1" time="0.000" classname="com.dcits.defaultReport.TestDefaultReport"/>
  <testcase name="test1" time="0.000" classname="com.dcits.defaultReport.TestDefaultReport"/>
  <testcase name="test1" time="0.000" classname="com.dcits.defaultReport.TestDefaultReport"/>
  <testcase name="test1" time="0.000" classname="com.dcits.defaultReport.TestDefaultReport"/>
  <testcase name="test3" time="0.000" classname="com.dcits.defaultReport.TestDefaultReport"/>
  <testcase name="test1" time="0.001" classname="com.dcits.defaultReport.TestDefaultReport"/>
  <testcase name="test1" time="0.000" classname="com.dcits.defaultReport.TestDefaultReport"/>
  <testcase name="test3" time="0.000" classname="com.dcits.defaultReport.TestDefaultReport"/>
  <testcase name="test1" time="0.000" classname="com.dcits.defaultReport.TestDefaultReport"/>
  <testcase name="test1" time="0.000" classname="com.dcits.defaultReport.TestDefaultReport"/>
  <testcase name="test3" time="0.000" classname="com.dcits.defaultReport.TestDefaultReport"/>
  <testcase name="test1" time="0.000" classname="com.dcits.defaultReport.TestDefaultReport"/>
  <testcase name="test1" time="0.000" classname="com.dcits.defaultReport.TestDefaultReport"/>
  <testcase name="test3" time="0.000" classname="com.dcits.defaultReport.TestDefaultReport"/>
  <testcase name="test1" time="0.000" classname="com.dcits.defaultReport.TestDefaultReport"/>
  <testcase name="test3" time="0.000" classname="com.dcits.defaultReport.TestDefaultReport"/>
  <testcase name="test3" time="0.001" classname="com.dcits.defaultReport.TestDefaultReport"/>
  <testcase name="test3" time="0.000" classname="com.dcits.defaultReport.TestDefaultReport"/>
  <testcase name="test1" time="0.000" classname="com.dcits.defaultReport.TestDefaultReport"/>
  <testcase name="test3" time="0.000" classname="com.dcits.defaultReport.TestDefaultReport"/>
  <testcase name="test1" time="0.000" classname="com.dcits.defaultReport.TestDefaultReport"/>
  <testcase name="test1" time="0.000" classname="com.dcits.defaultReport.TestDefaultReport"/>
  <testcase name="test3" time="0.000" classname="com.dcits.defaultReport.TestDefaultReport"/>
  <testcase name="test3" time="0.000" classname="com.dcits.defaultReport.TestDefaultReport"/>
  <testcase name="test3" time="0.000" classname="com.dcits.defaultReport.TestDefaultReport"/>
  <testcase name="test3" time="0.000" classname="com.dcits.defaultReport.TestDefaultReport"/>
  <testcase name="test3" time="0.000" classname="com.dcits.defaultReport.TestDefaultReport"/>
  <testcase name="test3" time="0.000" classname="com.dcits.defaultReport.TestDefaultReport"/>
  <testcase name="test3" time="0.000" classname="com.dcits.defaultReport.TestDefaultReport"/>
  <testcase name="test3" time="0.000" classname="com.dcits.defaultReport.TestDefaultReport"/>
  <testcase name="test3" time="0.000" classname="com.dcits.defaultReport.TestDefaultReport"/>
  <testcase name="test1" time="0.001" classname="com.dcits.defaultReport.TestDefaultReport"/>
  <testcase name="test3" time="0.000" classname="com.dcits.defaultReport.TestDefaultReport"/>
  <testcase name="test3" time="0.000" classname="com.dcits.defaultReport.TestDefaultReport"/>
  <testcase name="test1" time="0.000" classname="com.dcits.defaultReport.TestDefaultReport"/>
  <testcase name="test1" time="0.000" classname="com.dcits.defaultReport.TestDefaultReport"/>
  <testcase name="test3" time="0.000" classname="com.dcits.defaultReport.TestDefaultReport"/>
  <testcase name="test1" time="0.000" classname="com.dcits.defaultReport.TestDefaultReport"/>
  <testcase name="test3" time="0.000" classname="com.dcits.defaultReport.TestDefaultReport"/>
  <testcase name="test1" time="0.000" classname="com.dcits.defaultReport.TestDefaultReport"/>
  <testcase name="test1" time="0.000" classname="com.dcits.defaultReport.TestDefaultReport"/>
  <testcase name="test3" time="0.000" classname="com.dcits.defaultReport.TestDefaultReport"/>
  <testcase name="test3" time="0.000" classname="com.dcits.defaultReport.TestDefaultReport"/>
  <testcase name="test3" time="0.000" classname="com.dcits.defaultReport.TestDefaultReport"/>
  <testcase name="test1" time="0.000" classname="com.dcits.defaultReport.TestDefaultReport"/>
  <testcase name="test1" time="0.000" classname="com.dcits.defaultReport.TestDefaultReport"/>
  <testcase name="test3" time="0.000" classname="com.dcits.defaultReport.TestDefaultReport"/>
  <testcase name="test1" time="0.000" classname="com.dcits.defaultReport.TestDefaultReport"/>
  <testcase name="test3" time="0.000" classname="com.dcits.defaultReport.TestDefaultReport"/>
  <testcase name="test1" time="0.000" classname="com.dcits.defaultReport.TestDefaultReport"/>
  <testcase name="test3" time="0.000" classname="com.dcits.defaultReport.TestDefaultReport"/>
  <testcase name="test1" time="0.001" classname="com.dcits.defaultReport.TestDefaultReport"/>
  <testcase name="test3" time="0.000" classname="com.dcits.defaultReport.TestDefaultReport"/>
  <testcase name="test1" time="0.000" classname="com.dcits.defaultReport.TestDefaultReport"/>
  <testcase name="test1" time="0.000" classname="com.dcits.defaultReport.TestDefaultReport"/>
  <testcase name="test3" time="0.000" classname="com.dcits.defaultReport.TestDefaultReport"/>
  <testcase name="test1" time="0.000" classname="com.dcits.defaultReport.TestDefaultReport"/>
  <testcase name="test1" time="0.000" classname="com.dcits.defaultReport.TestDefaultReport"/>
  <testcase name="test3" time="0.000" classname="com.dcits.defaultReport.TestDefaultReport"/>
  <testcase name="test3" time="0.000" classname="com.dcits.defaultReport.TestDefaultReport"/>
  <testcase name="test1" time="0.000" classname="com.dcits.defaultReport.TestDefaultReport"/>
  <testcase name="test1" time="0.000" classname="com.dcits.defaultReport.TestDefaultReport"/>
  <testcase name="test1" time="0.000" classname="com.dcits.defaultReport.TestDefaultReport"/>
  <testcase name="test3" time="0.000" classname="com.dcits.defaultReport.TestDefaultReport"/>
  <testcase name="test3" time="0.000" classname="com.dcits.defaultReport.TestDefaultReport"/>
  <testcase name="test3" time="0.000" classname="com.dcits.defaultReport.TestDefaultReport"/>
  <testcase name="test3" time="0.000" classname="com.dcits.defaultReport.TestDefaultReport"/>
  <testcase name="test3" time="0.000" classname="com.dcits.defaultReport.TestDefaultReport"/>
  <testcase name="test3" time="0.000" classname="com.dcits.defaultReport.TestDefaultReport"/>
  <testcase name="test1" time="0.000" classname="com.dcits.defaultReport.TestDefaultReport"/>
  <testcase name="test3" time="0.000" classname="com.dcits.defaultReport.TestDefaultReport"/>
  <testcase name="test1" time="0.000" classname="com.dcits.defaultReport.TestDefaultReport"/>
  <testcase name="test1" time="0.000" classname="com.dcits.defaultReport.TestDefaultReport"/>
  <testcase name="test1" time="0.000" classname="com.dcits.defaultReport.TestDefaultReport"/>
  <testcase name="test1" time="0.000" classname="com.dcits.defaultReport.TestDefaultReport"/>
  <testcase name="test3" time="0.000" classname="com.dcits.defaultReport.TestDefaultReport"/>
  <testcase name="test3" time="0.000" classname="com.dcits.defaultReport.TestDefaultReport"/>
  <testcase name="test3" time="0.000" classname="com.dcits.defaultReport.TestDefaultReport"/>
  <testcase name="test1" time="0.000" classname="com.dcits.defaultReport.TestDefaultReport"/>
  <testcase name="test3" time="0.000" classname="com.dcits.defaultReport.TestDefaultReport"/>
  <testcase name="test1" time="0.000" classname="com.dcits.defaultReport.TestDefaultReport"/>
  <testcase name="test3" time="0.000" classname="com.dcits.defaultReport.TestDefaultReport"/>
  <testcase name="test1" time="0.000" classname="com.dcits.defaultReport.TestDefaultReport"/>
  <testcase name="test3" time="0.000" classname="com.dcits.defaultReport.TestDefaultReport"/>
  <testcase name="test1" time="0.000" classname="com.dcits.defaultReport.TestDefaultReport"/>
  <testcase name="test3" time="0.000" classname="com.dcits.defaultReport.TestDefaultReport"/>
  <testcase name="test3" time="0.000" classname="com.dcits.defaultReport.TestDefaultReport"/>
  <testcase name="test3" time="0.000" classname="com.dcits.defaultReport.TestDefaultReport"/>
  <testcase name="test1" time="0.000" classname="com.dcits.defaultReport.TestDefaultReport"/>
  <testcase name="test3" time="0.000" classname="com.dcits.defaultReport.TestDefaultReport"/>
  <testcase name="test3" time="0.000" classname="com.dcits.defaultReport.TestDefaultReport"/>
  <testcase name="test1" time="0.000" classname="com.dcits.defaultReport.TestDefaultReport"/>
  <testcase name="test1" time="0.000" classname="com.dcits.defaultReport.TestDefaultReport"/>
  <testcase name="test1" time="0.002" classname="com.dcits.defaultReport.TestDefaultReport"/>
  <testcase name="test3" time="0.000" classname="com.dcits.defaultReport.TestDefaultReport"/>
  <testcase name="test1" time="0.000" classname="com.dcits.defaultReport.TestDefaultReport"/>
  <testcase name="test3" time="0.000" classname="com.dcits.defaultReport.TestDefaultReport"/>
  <testcase name="test3" time="0.001" classname="com.dcits.defaultReport.TestDefaultReport"/>
  <testcase name="test1" time="0.000" classname="com.dcits.defaultReport.TestDefaultReport"/>
  <testcase name="test1" time="0.000" classname="com.dcits.defaultReport.TestDefaultReport"/>
  <testcase name="test3" time="0.000" classname="com.dcits.defaultReport.TestDefaultReport"/>
  <testcase name="test3" time="0.000" classname="com.dcits.defaultReport.TestDefaultReport"/>
  <testcase name="test3" time="0.000" classname="com.dcits.defaultReport.TestDefaultReport"/>
  <testcase name="test3" time="0.000" classname="com.dcits.defaultReport.TestDefaultReport"/>
  <testcase name="test3" time="0.000" classname="com.dcits.defaultReport.TestDefaultReport"/>
  <testcase name="test3" time="0.000" classname="com.dcits.defaultReport.TestDefaultReport"/>
  <testcase name="test1" time="0.001" classname="com.dcits.defaultReport.TestDefaultReport"/>
  <testcase name="test1" time="0.000" classname="com.dcits.defaultReport.TestDefaultReport"/>
  <testcase name="test1" time="0.001" classname="com.dcits.defaultReport.TestDefaultReport"/>
  <testcase name="test1" time="0.000" classname="com.dcits.defaultReport.TestDefaultReport"/>
  <testcase name="test3" time="0.000" classname="com.dcits.defaultReport.TestDefaultReport"/>
  <testcase name="test3" time="0.000" classname="com.dcits.defaultReport.TestDefaultReport"/>
  <testcase name="test1" time="0.000" classname="com.dcits.defaultReport.TestDefaultReport"/>
  <testcase name="test3" time="0.000" classname="com.dcits.defaultReport.TestDefaultReport"/>
  <testcase name="test1" time="0.000" classname="com.dcits.defaultReport.TestDefaultReport"/>
  <testcase name="test1" time="0.000" classname="com.dcits.defaultReport.TestDefaultReport"/>
  <testcase name="test1" time="0.000" classname="com.dcits.defaultReport.TestDefaultReport"/>
  <testcase name="test1" time="0.000" classname="com.dcits.defaultReport.TestDefaultReport"/>
  <testcase name="test1" time="0.000" classname="com.dcits.defaultReport.TestDefaultReport"/>
  <testcase name="test1" time="0.000" classname="com.dcits.defaultReport.TestDefaultReport"/>
  <testcase name="test1" time="0.000" classname="com.dcits.defaultReport.TestDefaultReport"/>
  <testcase name="test1" time="0.000" classname="com.dcits.defaultReport.TestDefaultReport"/>
  <testcase name="test3" time="0.000" classname="com.dcits.defaultReport.TestDefaultReport"/>
  <testcase name="test1" time="0.000" classname="com.dcits.defaultReport.TestDefaultReport"/>
  <testcase name="test1" time="0.000" classname="com.dcits.defaultReport.TestDefaultReport"/>
  <testcase name="test1" time="0.000" classname="com.dcits.defaultReport.TestDefaultReport"/>
  <testcase name="test1" time="0.000" classname="com.dcits.defaultReport.TestDefaultReport"/>
  <testcase name="test3" time="0.000" classname="com.dcits.defaultReport.TestDefaultReport"/>
  <testcase name="test3" time="0.000" classname="com.dcits.defaultReport.TestDefaultReport"/>
  <testcase name="test1" time="0.000" classname="com.dcits.defaultReport.TestDefaultReport"/>
  <testcase name="test3" time="0.000" classname="com.dcits.defaultReport.TestDefaultReport"/>
  <testcase name="test1" time="0.000" classname="com.dcits.defaultReport.TestDefaultReport"/>
  <testcase name="test3" time="0.000" classname="com.dcits.defaultReport.TestDefaultReport"/>
  <testcase name="test1" time="0.001" classname="com.dcits.defaultReport.TestDefaultReport"/>
  <testcase name="test1" time="0.000" classname="com.dcits.defaultReport.TestDefaultReport"/>
  <testcase name="test1" time="0.000" classname="com.dcits.defaultReport.TestDefaultReport"/>
  <testcase name="test3" time="0.000" classname="com.dcits.defaultReport.TestDefaultReport"/>
  <testcase name="test3" time="0.000" classname="com.dcits.defaultReport.TestDefaultReport"/>
  <testcase name="test1" time="0.000" classname="com.dcits.defaultReport.TestDefaultReport"/>
  <testcase name="test3" time="0.000" classname="com.dcits.defaultReport.TestDefaultReport"/>
  <testcase name="test3" time="0.000" classname="com.dcits.defaultReport.TestDefaultReport"/>
  <testcase name="test3" time="0.000" classname="com.dcits.defaultReport.TestDefaultReport"/>
  <testcase name="test1" time="0.000" classname="com.dcits.defaultReport.TestDefaultReport"/>
  <testcase name="test1" time="0.000" classname="com.dcits.defaultReport.TestDefaultReport"/>
  <testcase name="test1" time="0.000" classname="com.dcits.defaultReport.TestDefaultReport"/>
  <testcase name="test1" time="0.000" classname="com.dcits.defaultReport.TestDefaultReport"/>
  <testcase name="test1" time="0.000" classname="com.dcits.defaultReport.TestDefaultReport"/>
  <testcase name="test1" time="0.001" classname="com.dcits.defaultReport.TestDefaultReport"/>
  <testcase name="test1" time="0.000" classname="com.dcits.defaultReport.TestDefaultReport"/>
  <testcase name="test1" time="0.000" classname="com.dcits.defaultReport.TestDefaultReport"/>
  <testcase name="test3" time="0.000" classname="com.dcits.defaultReport.TestDefaultReport"/>
  <testcase name="test3" time="0.000" classname="com.dcits.defaultReport.TestDefaultReport"/>
  <testcase name="test3" time="0.000" classname="com.dcits.defaultReport.TestDefaultReport"/>
  <testcase name="test3" time="0.000" classname="com.dcits.defaultReport.TestDefaultReport"/>
  <testcase name="test3" time="0.000" classname="com.dcits.defaultReport.TestDefaultReport"/>
  <testcase name="test3" time="0.000" classname="com.dcits.defaultReport.TestDefaultReport"/>
  <testcase name="test3" time="0.000" classname="com.dcits.defaultReport.TestDefaultReport"/>
  <testcase name="test3" time="0.000" classname="com.dcits.defaultReport.TestDefaultReport"/>
  <testcase name="test3" time="0.000" classname="com.dcits.defaultReport.TestDefaultReport"/>
  <testcase name="test3" time="0.000" classname="com.dcits.defaultReport.TestDefaultReport"/>
  <testcase name="test1" time="0.000" classname="com.dcits.defaultReport.TestDefaultReport"/>
  <testcase name="test3" time="0.000" classname="com.dcits.defaultReport.TestDefaultReport"/>
  <testcase name="test3" time="0.000" classname="com.dcits.defaultReport.TestDefaultReport"/>
  <testcase name="test3" time="0.001" classname="com.dcits.defaultReport.TestDefaultReport"/>
  <testcase name="test1" time="0.000" classname="com.dcits.defaultReport.TestDefaultReport"/>
  <testcase name="test1" time="0.000" classname="com.dcits.defaultReport.TestDefaultReport"/>
  <testcase name="test1" time="0.000" classname="com.dcits.defaultReport.TestDefaultReport"/>
  <testcase name="test1" time="0.000" classname="com.dcits.defaultReport.TestDefaultReport"/>
  <testcase name="test1" time="0.000" classname="com.dcits.defaultReport.TestDefaultReport"/>
  <testcase name="test1" time="0.000" classname="com.dcits.defaultReport.TestDefaultReport"/>
  <testcase name="test3" time="0.000" classname="com.dcits.defaultReport.TestDefaultReport"/>
  <testcase name="test3" time="0.000" classname="com.dcits.defaultReport.TestDefaultReport"/>
  <testcase name="test1" time="0.000" classname="com.dcits.defaultReport.TestDefaultReport"/>
  <testcase name="test3" time="0.000" classname="com.dcits.defaultReport.TestDefaultReport"/>
  <testcase name="test3" time="0.000" classname="com.dcits.defaultReport.TestDefaultReport"/>
  <testcase name="test1" time="0.000" classname="com.dcits.defaultReport.TestDefaultReport"/>
  <testcase name="test3" time="0.000" classname="com.dcits.defaultReport.TestDefaultReport"/>
  <testcase name="test3" time="0.000" classname="com.dcits.defaultReport.TestDefaultReport"/>
  <testcase name="test3" time="0.000" classname="com.dcits.defaultReport.TestDefaultReport"/>
  <testcase name="test3" time="0.000" classname="com.dcits.defaultReport.TestDefaultReport"/>
  <testcase name="test3" time="0.000" classname="com.dcits.defaultReport.TestDefaultReport"/>
  <testcase name="test3" time="0.000" classname="com.dcits.defaultReport.TestDefaultReport"/>
  <testcase name="test1" time="0.000" classname="com.dcits.defaultReport.TestDefaultReport"/>
  <testcase name="test3" time="0.000" classname="com.dcits.defaultReport.TestDefaultReport"/>
  <testcase name="test1" time="0.000" classname="com.dcits.defaultReport.TestDefaultReport"/>
  <testcase name="test3" time="0.000" classname="com.dcits.defaultReport.TestDefaultReport"/>
  <testcase name="test3" time="0.000" classname="com.dcits.defaultReport.TestDefaultReport"/>
  <testcase name="test1" time="0.000" classname="com.dcits.defaultReport.TestDefaultReport"/>
  <testcase name="test1" time="0.000" classname="com.dcits.defaultReport.TestDefaultReport"/>
  <testcase name="test3" time="0.000" classname="com.dcits.defaultReport.TestDefaultReport"/>
  <testcase name="test1" time="0.000" classname="com.dcits.defaultReport.TestDefaultReport"/>
  <testcase name="test1" time="0.002" classname="com.dcits.defaultReport.TestDefaultReport"/>
  <testcase name="test3" time="0.000" classname="com.dcits.defaultReport.TestDefaultReport"/>
  <testcase name="test3" time="0.000" classname="com.dcits.defaultReport.TestDefaultReport"/>
  <testcase name="test1" time="0.000" classname="com.dcits.defaultReport.TestDefaultReport"/>
  <testcase name="test3" time="0.000" classname="com.dcits.defaultReport.TestDefaultReport"/>
  <testcase name="test3" time="0.000" classname="com.dcits.defaultReport.TestDefaultReport"/>
  <testcase name="test3" time="0.000" classname="com.dcits.defaultReport.TestDefaultReport"/>
  <testcase name="test3" time="0.000" classname="com.dcits.defaultReport.TestDefaultReport"/>
  <testcase name="test3" time="0.000" classname="com.dcits.defaultReport.TestDefaultReport"/>
  <testcase name="test3" time="0.000" classname="com.dcits.defaultReport.TestDefaultReport"/>
  <testcase name="test3" time="0.000" classname="com.dcits.defaultReport.TestDefaultReport"/>
  <testcase name="test1" time="0.000" classname="com.dcits.defaultReport.TestDefaultReport"/>
  <testcase name="test3" time="0.000" classname="com.dcits.defaultReport.TestDefaultReport"/>
  <testcase name="test3" time="0.000" classname="com.dcits.defaultReport.TestDefaultReport"/>
  <testcase name="test1" time="0.000" classname="com.dcits.defaultReport.TestDefaultReport"/>
  <testcase name="test3" time="0.000" classname="com.dcits.defaultReport.TestDefaultReport"/>
  <testcase name="test3" time="0.000" classname="com.dcits.defaultReport.TestDefaultReport"/>
  <testcase name="test3" time="0.000" classname="com.dcits.defaultReport.TestDefaultReport"/>
  <testcase name="test1" time="0.000" classname="com.dcits.defaultReport.TestDefaultReport"/>
  <testcase name="test1" time="0.000" classname="com.dcits.defaultReport.TestDefaultReport"/>
  <testcase name="test3" time="0.000" classname="com.dcits.defaultReport.TestDefaultReport"/>
  <testcase name="test3" time="0.000" classname="com.dcits.defaultReport.TestDefaultReport"/>
  <testcase name="test1" time="0.000" classname="com.dcits.defaultReport.TestDefaultReport"/>
  <testcase name="test3" time="0.000" classname="com.dcits.defaultReport.TestDefaultReport"/>
  <testcase name="test3" time="0.000" classname="com.dcits.defaultReport.TestDefaultReport"/>
  <testcase name="test3" time="0.000" classname="com.dcits.defaultReport.TestDefaultReport"/>
  <testcase name="test3" time="0.000" classname="com.dcits.defaultReport.TestDefaultReport"/>
  <testcase name="test1" time="0.000" classname="com.dcits.defaultReport.TestDefaultReport"/>
  <testcase name="test3" time="0.000" classname="com.dcits.defaultReport.TestDefaultReport"/>
  <testcase name="test3" time="0.000" classname="com.dcits.defaultReport.TestDefaultReport"/>
  <testcase name="test3" time="0.000" classname="com.dcits.defaultReport.TestDefaultReport"/>
  <testcase name="test3" time="0.000" classname="com.dcits.defaultReport.TestDefaultReport"/>
  <testcase name="test1" time="0.000" classname="com.dcits.defaultReport.TestDefaultReport"/>
  <testcase name="test1" time="0.000" classname="com.dcits.defaultReport.TestDefaultReport"/>
  <testcase name="test3" time="0.000" classname="com.dcits.defaultReport.TestDefaultReport"/>
  <testcase name="test1" time="0.000" classname="com.dcits.defaultReport.TestDefaultReport"/>
  <testcase name="test3" time="0.000" classname="com.dcits.defaultReport.TestDefaultReport"/>
  <testcase name="test1" time="0.000" classname="com.dcits.defaultReport.TestDefaultReport"/>
  <testcase name="test1" time="0.000" classname="com.dcits.defaultReport.TestDefaultReport"/>
  <testcase name="test1" time="0.000" classname="com.dcits.defaultReport.TestDefaultReport"/>
  <testcase name="test1" time="0.000" classname="com.dcits.defaultReport.TestDefaultReport"/>
  <testcase name="test1" time="0.000" classname="com.dcits.defaultReport.TestDefaultReport"/>
  <testcase name="test3" time="0.000" classname="com.dcits.defaultReport.TestDefaultReport"/>
  <testcase name="test3" time="0.000" classname="com.dcits.defaultReport.TestDefaultReport"/>
  <testcase name="test3" time="0.000" classname="com.dcits.defaultReport.TestDefaultReport"/>
  <testcase name="test3" time="0.000" classname="com.dcits.defaultReport.TestDefaultReport"/>
  <testcase name="test3" time="0.000" classname="com.dcits.defaultReport.TestDefaultReport"/>
  <testcase name="test1" time="0.000" classname="com.dcits.defaultReport.TestDefaultReport"/>
  <testcase name="test3" time="0.000" classname="com.dcits.defaultReport.TestDefaultReport"/>
  <testcase name="test3" time="0.000" classname="com.dcits.defaultReport.TestDefaultReport"/>
  <testcase name="test1" time="0.000" classname="com.dcits.defaultReport.TestDefaultReport"/>
  <testcase name="test1" time="0.001" classname="com.dcits.defaultReport.TestDefaultReport"/>
  <testcase name="test3" time="0.000" classname="com.dcits.defaultReport.TestDefaultReport"/>
  <testcase name="test3" time="0.000" classname="com.dcits.defaultReport.TestDefaultReport"/>
  <testcase name="test3" time="0.000" classname="com.dcits.defaultReport.TestDefaultReport"/>
  <testcase name="test3" time="0.000" classname="com.dcits.defaultReport.TestDefaultReport"/>
  <testcase name="test1" time="0.001" classname="com.dcits.defaultReport.TestDefaultReport"/>
  <testcase name="test1" time="0.000" classname="com.dcits.defaultReport.TestDefaultReport"/>
  <testcase name="test3" time="0.000" classname="com.dcits.defaultReport.TestDefaultReport"/>
  <testcase name="test3" time="0.000" classname="com.dcits.defaultReport.TestDefaultReport"/>
  <testcase name="test1" time="0.000" classname="com.dcits.defaultReport.TestDefaultReport"/>
  <testcase name="test1" time="0.000" classname="com.dcits.defaultReport.TestDefaultReport"/>
  <testcase name="test1" time="0.000" classname="com.dcits.defaultReport.TestDefaultReport"/>
  <testcase name="test3" time="0.000" classname="com.dcits.defaultReport.TestDefaultReport"/>
  <testcase name="test3" time="0.000" classname="com.dcits.defaultReport.TestDefaultReport"/>
  <testcase name="test3" time="0.003" classname="com.dcits.defaultReport.TestDefaultReport"/>
  <testcase name="test1" time="0.000" classname="com.dcits.defaultReport.TestDefaultReport"/>
  <testcase name="test1" time="0.000" classname="com.dcits.defaultReport.TestDefaultReport"/>
  <testcase name="test1" time="0.000" classname="com.dcits.defaultReport.TestDefaultReport"/>
  <testcase name="test3" time="0.000" classname="com.dcits.defaultReport.TestDefaultReport"/>
  <testcase name="test3" time="0.000" classname="com.dcits.defaultReport.TestDefaultReport"/>
  <testcase name="test1" time="0.001" classname="com.dcits.defaultReport.TestDefaultReport"/>
  <testcase name="test1" time="0.000" classname="com.dcits.defaultReport.TestDefaultReport"/>
  <testcase name="test3" time="0.000" classname="com.dcits.defaultReport.TestDefaultReport"/>
  <testcase name="test3" time="0.000" classname="com.dcits.defaultReport.TestDefaultReport"/>
  <testcase name="test1" time="0.001" classname="com.dcits.defaultReport.TestDefaultReport"/>
  <testcase name="test3" time="0.000" classname="com.dcits.defaultReport.TestDefaultReport"/>
  <testcase name="test3" time="0.000" classname="com.dcits.defaultReport.TestDefaultReport"/>
  <testcase name="test3" time="0.000" classname="com.dcits.defaultReport.TestDefaultReport"/>
  <testcase name="test3" time="0.000" classname="com.dcits.defaultReport.TestDefaultReport"/>
  <testcase name="test3" time="0.000" classname="com.dcits.defaultReport.TestDefaultReport"/>
  <testcase name="test3" time="0.000" classname="com.dcits.defaultReport.TestDefaultReport"/>
  <testcase name="test1" time="0.000" classname="com.dcits.defaultReport.TestDefaultReport"/>
  <testcase name="test1" time="0.000" classname="com.dcits.defaultReport.TestDefaultReport"/>
  <testcase name="test3" time="0.000" classname="com.dcits.defaultReport.TestDefaultReport"/>
  <testcase name="test3" time="0.000" classname="com.dcits.defaultReport.TestDefaultReport"/>
  <testcase name="test3" time="0.000" classname="com.dcits.defaultReport.TestDefaultReport"/>
  <testcase name="test3" time="0.000" classname="com.dcits.defaultReport.TestDefaultReport"/>
  <testcase name="test1" time="0.000" classname="com.dcits.defaultReport.TestDefaultReport"/>
  <testcase name="test3" time="0.000" classname="com.dcits.defaultReport.TestDefaultReport"/>
  <testcase name="test3" time="0.000" classname="com.dcits.defaultReport.TestDefaultReport"/>
  <testcase name="test1" time="0.000" classname="com.dcits.defaultReport.TestDefaultReport"/>
  <testcase name="test1" time="0.000" classname="com.dcits.defaultReport.TestDefaultReport"/>
  <testcase name="test3" time="0.000" classname="com.dcits.defaultReport.TestDefaultReport"/>
  <testcase name="test3" time="0.000" classname="com.dcits.defaultReport.TestDefaultReport"/>
  <testcase name="test1" time="0.000" classname="com.dcits.defaultReport.TestDefaultReport"/>
  <testcase name="test3" time="0.000" classname="com.dcits.defaultReport.TestDefaultReport"/>
  <testcase name="test1" time="0.000" classname="com.dcits.defaultReport.TestDefaultReport"/>
  <testcase name="test1" time="0.000" classname="com.dcits.defaultReport.TestDefaultReport"/>
  <testcase name="test1" time="0.000" classname="com.dcits.defaultReport.TestDefaultReport"/>
  <testcase name="test1" time="0.000" classname="com.dcits.defaultReport.TestDefaultReport"/>
  <testcase name="test3" time="0.000" classname="com.dcits.defaultReport.TestDefaultReport"/>
  <testcase name="test1" time="0.000" classname="com.dcits.defaultReport.TestDefaultReport"/>
  <testcase name="test3" time="0.000" classname="com.dcits.defaultReport.TestDefaultReport"/>
  <testcase name="test1" time="0.000" classname="com.dcits.defaultReport.TestDefaultReport"/>
  <testcase name="test1" time="0.000" classname="com.dcits.defaultReport.TestDefaultReport"/>
  <testcase name="test1" time="0.000" classname="com.dcits.defaultReport.TestDefaultReport"/>
  <testcase name="test1" time="0.000" classname="com.dcits.defaultReport.TestDefaultReport"/>
  <testcase name="test1" time="0.000" classname="com.dcits.defaultReport.TestDefaultReport"/>
  <testcase name="test1" time="0.000" classname="com.dcits.defaultReport.TestDefaultReport"/>
  <testcase name="test1" time="0.000" classname="com.dcits.defaultReport.TestDefaultReport"/>
  <testcase name="test1" time="0.000" classname="com.dcits.defaultReport.TestDefaultReport"/>
  <testcase name="test3" time="0.000" classname="com.dcits.defaultReport.TestDefaultReport"/>
  <testcase name="test1" time="0.000" classname="com.dcits.defaultReport.TestDefaultReport"/>
  <testcase name="test1" time="0.001" classname="com.dcits.defaultReport.TestDefaultReport"/>
  <testcase name="test3" time="0.000" classname="com.dcits.defaultReport.TestDefaultReport"/>
  <testcase name="test3" time="0.000" classname="com.dcits.defaultReport.TestDefaultReport"/>
  <testcase name="test1" time="0.001" classname="com.dcits.defaultReport.TestDefaultReport"/>
  <testcase name="test1" time="0.000" classname="com.dcits.defaultReport.TestDefaultReport"/>
  <testcase name="test3" time="0.000" classname="com.dcits.defaultReport.TestDefaultReport"/>
  <testcase name="test1" time="0.000" classname="com.dcits.defaultReport.TestDefaultReport"/>
  <testcase name="test3" time="0.000" classname="com.dcits.defaultReport.TestDefaultReport"/>
  <testcase name="test3" time="0.000" classname="com.dcits.defaultReport.TestDefaultReport"/>
  <testcase name="test1" time="0.000" classname="com.dcits.defaultReport.TestDefaultReport"/>
  <testcase name="test1" time="0.000" classname="com.dcits.defaultReport.TestDefaultReport"/>
  <testcase name="test1" time="0.000" classname="com.dcits.defaultReport.TestDefaultReport"/>
  <testcase name="test3" time="0.000" classname="com.dcits.defaultReport.TestDefaultReport"/>
  <testcase name="test3" time="0.000" classname="com.dcits.defaultReport.TestDefaultReport"/>
  <testcase name="test3" time="0.000" classname="com.dcits.defaultReport.TestDefaultReport"/>
  <testcase name="test3" time="0.000" classname="com.dcits.defaultReport.TestDefaultReport"/>
  <testcase name="test3" time="0.000" classname="com.dcits.defaultReport.TestDefaultReport"/>
  <testcase name="test1" time="0.000" classname="com.dcits.defaultReport.TestDefaultReport"/>
  <testcase name="test3" time="0.000" classname="com.dcits.defaultReport.TestDefaultReport"/>
  <testcase name="test1" time="0.000" classname="com.dcits.defaultReport.TestDefaultReport"/>
  <testcase name="test3" time="0.000" classname="com.dcits.defaultReport.TestDefaultReport"/>
  <testcase name="test3" time="0.000" classname="com.dcits.defaultReport.TestDefaultReport"/>
  <testcase name="test1" time="0.000" classname="com.dcits.defaultReport.TestDefaultReport"/>
  <testcase name="test3" time="0.000" classname="com.dcits.defaultReport.TestDefaultReport"/>
  <testcase name="test1" time="0.000" classname="com.dcits.defaultReport.TestDefaultReport"/>
  <testcase name="test3" time="0.000" classname="com.dcits.defaultReport.TestDefaultReport"/>
  <testcase name="test1" time="0.000" classname="com.dcits.defaultReport.TestDefaultReport"/>
  <testcase name="test1" time="0.000" classname="com.dcits.defaultReport.TestDefaultReport"/>
  <testcase name="test1" time="0.000" classname="com.dcits.defaultReport.TestDefaultReport"/>
  <testcase name="test3" time="0.000" classname="com.dcits.defaultReport.TestDefaultReport"/>
  <testcase name="test3" time="0.000" classname="com.dcits.defaultReport.TestDefaultReport"/>
  <testcase name="test3" time="0.000" classname="com.dcits.defaultReport.TestDefaultReport"/>
  <testcase name="test1" time="0.000" classname="com.dcits.defaultReport.TestDefaultReport"/>
  <testcase name="test1" time="0.000" classname="com.dcits.defaultReport.TestDefaultReport"/>
  <testcase name="test1" time="0.000" classname="com.dcits.defaultReport.TestDefaultReport"/>
  <testcase name="test3" time="0.000" classname="com.dcits.defaultReport.TestDefaultReport"/>
  <testcase name="test1" time="0.000" classname="com.dcits.defaultReport.TestDefaultReport"/>
  <testcase name="test1" time="0.000" classname="com.dcits.defaultReport.TestDefaultReport"/>
  <testcase name="test3" time="0.000" classname="com.dcits.defaultReport.TestDefaultReport"/>
  <testcase name="test1" time="0.000" classname="com.dcits.defaultReport.TestDefaultReport"/>
  <testcase name="test3" time="0.000" classname="com.dcits.defaultReport.TestDefaultReport"/>
  <testcase name="test3" time="0.000" classname="com.dcits.defaultReport.TestDefaultReport"/>
  <testcase name="test1" time="0.000" classname="com.dcits.defaultReport.TestDefaultReport"/>
  <testcase name="test3" time="0.000" classname="com.dcits.defaultReport.TestDefaultReport"/>
  <testcase name="test1" time="0.000" classname="com.dcits.defaultReport.TestDefaultReport"/>
  <testcase name="test3" time="0.000" classname="com.dcits.defaultReport.TestDefaultReport"/>
  <testcase name="test3" time="0.000" classname="com.dcits.defaultReport.TestDefaultReport"/>
  <testcase name="test3" time="0.000" classname="com.dcits.defaultReport.TestDefaultReport"/>
  <testcase name="test3" time="0.000" classname="com.dcits.defaultReport.TestDefaultReport"/>
  <testcase name="test1" time="0.000" classname="com.dcits.defaultReport.TestDefaultReport"/>
  <testcase name="test1" time="0.000" classname="com.dcits.defaultReport.TestDefaultReport"/>
  <testcase name="test3" time="0.000" classname="com.dcits.defaultReport.TestDefaultReport"/>
  <testcase name="test1" time="0.000" classname="com.dcits.defaultReport.TestDefaultReport"/>
  <testcase name="test1" time="0.001" classname="com.dcits.defaultReport.TestDefaultReport"/>
  <testcase name="test3" time="0.000" classname="com.dcits.defaultReport.TestDefaultReport"/>
  <testcase name="test1" time="0.000" classname="com.dcits.defaultReport.TestDefaultReport"/>
  <testcase name="test1" time="0.000" classname="com.dcits.defaultReport.TestDefaultReport"/>
  <testcase name="test1" time="0.000" classname="com.dcits.defaultReport.TestDefaultReport"/>
  <testcase name="test3" time="0.000" classname="com.dcits.defaultReport.TestDefaultReport"/>
  <testcase name="test3" time="0.000" classname="com.dcits.defaultReport.TestDefaultReport"/>
  <testcase name="test1" time="0.000" classname="com.dcits.defaultReport.TestDefaultReport"/>
  <testcase name="test3" time="0.000" classname="com.dcits.defaultReport.TestDefaultReport"/>
  <testcase name="test1" time="0.000" classname="com.dcits.defaultReport.TestDefaultReport"/>
  <testcase name="test1" time="0.000" classname="com.dcits.defaultReport.TestDefaultReport"/>
  <testcase name="test3" time="0.000" classname="com.dcits.defaultReport.TestDefaultReport"/>
  <testcase name="test1" time="0.000" classname="com.dcits.defaultReport.TestDefaultReport"/>
  <testcase name="test3" time="0.000" classname="com.dcits.defaultReport.TestDefaultReport"/>
  <testcase name="test1" time="0.000" classname="com.dcits.defaultReport.TestDefaultReport"/>
  <testcase name="test1" time="0.000" classname="com.dcits.defaultReport.TestDefaultReport"/>
  <testcase name="test3" time="0.000" classname="com.dcits.defaultReport.TestDefaultReport"/>
  <testcase name="test3" time="0.000" classname="com.dcits.defaultReport.TestDefaultReport"/>
  <testcase name="test3" time="0.000" classname="com.dcits.defaultReport.TestDefaultReport"/>
  <testcase name="test1" time="0.000" classname="com.dcits.defaultReport.TestDefaultReport"/>
  <testcase name="test3" time="0.000" classname="com.dcits.defaultReport.TestDefaultReport"/>
  <testcase name="test3" time="0.000" classname="com.dcits.defaultReport.TestDefaultReport"/>
  <testcase name="test1" time="0.001" classname="com.dcits.defaultReport.TestDefaultReport"/>
  <testcase name="test1" time="0.000" classname="com.dcits.defaultReport.TestDefaultReport"/>
  <testcase name="test3" time="0.000" classname="com.dcits.defaultReport.TestDefaultReport"/>
  <testcase name="test3" time="0.000" classname="com.dcits.defaultReport.TestDefaultReport"/>
  <testcase name="test3" time="0.000" classname="com.dcits.defaultReport.TestDefaultReport"/>
  <testcase name="test3" time="0.000" classname="com.dcits.defaultReport.TestDefaultReport"/>
  <testcase name="test1" time="0.000" classname="com.dcits.defaultReport.TestDefaultReport"/>
  <testcase name="test1" time="0.000" classname="com.dcits.defaultReport.TestDefaultReport"/>
  <testcase name="test3" time="0.000" classname="com.dcits.defaultReport.TestDefaultReport"/>
  <testcase name="test4" time="0.001" classname="com.dcits.defaultReport.TestDefaultReport">
    <failure type="java.lang.AssertionError" message="expected [1] but found [0]">
      <![CDATA[java.lang.AssertionError: expected [1] but found [0]
	at org.testng.Assert.fail(Assert.java:94)
	at org.testng.Assert.failNotEquals(Assert.java:513)
	at org.testng.Assert.assertEqualsImpl(Assert.java:135)
	at org.testng.Assert.assertEquals(Assert.java:116)
	at org.testng.Assert.assertEquals(Assert.java:389)
	at org.testng.Assert.assertEquals(Assert.java:399)
	at com.dcits.defaultReport.TestDefaultReport.test4(TestDefaultReport.java:41)
	at sun.reflect.NativeMethodAccessorImpl.invoke0(Native Method)
	at sun.reflect.NativeMethodAccessorImpl.invoke(NativeMethodAccessorImpl.java:62)
	at sun.reflect.DelegatingMethodAccessorImpl.invoke(DelegatingMethodAccessorImpl.java:43)
	at java.lang.reflect.Method.invoke(Method.java:498)
	at org.testng.internal.MethodInvocationHelper.invokeMethod(MethodInvocationHelper.java:104)
	at org.testng.internal.Invoker.invokeMethod(Invoker.java:645)
	at org.testng.internal.Invoker.invokeTestMethod(Invoker.java:851)
	at org.testng.internal.Invoker.invokeTestMethods(Invoker.java:1177)
	at org.testng.internal.TestMethodWorker.invokeTestMethods(TestMethodWorker.java:129)
	at org.testng.internal.TestMethodWorker.run(TestMethodWorker.java:112)
	at org.testng.TestRunner.privateRun(TestRunner.java:756)
	at org.testng.TestRunner.run(TestRunner.java:610)
	at org.testng.SuiteRunner.runTest(SuiteRunner.java:387)
	at org.testng.SuiteRunner.runSequentially(SuiteRunner.java:382)
	at org.testng.SuiteRunner.privateRun(SuiteRunner.java:340)
	at org.testng.SuiteRunner.run(SuiteRunner.java:289)
	at org.testng.SuiteRunnerWorker.runSuite(SuiteRunnerWorker.java:52)
	at org.testng.SuiteRunnerWorker.run(SuiteRunnerWorker.java:86)
	at org.testng.TestNG.runSuitesSequentially(TestNG.java:1293)
	at org.testng.TestNG.runSuitesLocally(TestNG.java:1218)
	at org.testng.TestNG.runSuites(TestNG.java:1133)
	at org.testng.TestNG.run(TestNG.java:1104)
	at org.testng.IDEARemoteTestNG.run(IDEARemoteTestNG.java:72)
	at org.testng.RemoteTestNGStarter.main(RemoteTestNGStarter.java:123)
]]>
    </failure>
  </testcase> <!-- test4 -->
  <testcase name="test1" time="0.000" classname="com.dcits.defaultReport.TestDefaultReport"/>
  <testcase name="test1" time="0.000" classname="com.dcits.defaultReport.TestDefaultReport"/>
  <testcase name="test3" time="0.000" classname="com.dcits.defaultReport.TestDefaultReport"/>
  <testcase name="test1" time="0.000" classname="com.dcits.defaultReport.TestDefaultReport"/>
  <testcase name="test1" time="0.000" classname="com.dcits.defaultReport.TestDefaultReport"/>
  <testcase name="test3" time="0.000" classname="com.dcits.defaultReport.TestDefaultReport"/>
  <testcase name="test3" time="0.000" classname="com.dcits.defaultReport.TestDefaultReport"/>
  <testcase name="test1" time="0.000" classname="com.dcits.defaultReport.TestDefaultReport"/>
  <testcase name="test3" time="0.000" classname="com.dcits.defaultReport.TestDefaultReport"/>
  <testcase name="test1" time="0.000" classname="com.dcits.defaultReport.TestDefaultReport"/>
  <testcase name="test3" time="0.000" classname="com.dcits.defaultReport.TestDefaultReport"/>
  <testcase name="test1" time="0.000" classname="com.dcits.defaultReport.TestDefaultReport"/>
  <testcase name="test1" time="0.000" classname="com.dcits.defaultReport.TestDefaultReport"/>
  <testcase name="test3" time="0.001" classname="com.dcits.defaultReport.TestDefaultReport"/>
  <testcase name="test1" time="0.000" classname="com.dcits.defaultReport.TestDefaultReport"/>
  <testcase name="test1" time="0.001" classname="com.dcits.defaultReport.TestDefaultReport"/>
  <testcase name="test1" time="0.000" classname="com.dcits.defaultReport.TestDefaultReport"/>
  <testcase name="test3" time="0.000" classname="com.dcits.defaultReport.TestDefaultReport"/>
  <testcase name="test1" time="0.000" classname="com.dcits.defaultReport.TestDefaultReport"/>
  <testcase name="test3" time="0.000" classname="com.dcits.defaultReport.TestDefaultReport"/>
  <testcase name="test3" time="0.000" classname="com.dcits.defaultReport.TestDefaultReport"/>
  <testcase name="test3" time="0.000" classname="com.dcits.defaultReport.TestDefaultReport"/>
  <testcase name="test3" time="0.000" classname="com.dcits.defaultReport.TestDefaultReport"/>
  <testcase name="test1" time="0.000" classname="com.dcits.defaultReport.TestDefaultReport"/>
  <testcase name="test1" time="0.000" classname="com.dcits.defaultReport.TestDefaultReport"/>
  <testcase name="test1" time="0.000" classname="com.dcits.defaultReport.TestDefaultReport"/>
  <testcase name="test3" time="0.000" classname="com.dcits.defaultReport.TestDefaultReport"/>
  <testcase name="test3" time="0.000" classname="com.dcits.defaultReport.TestDefaultReport"/>
  <testcase name="test3" time="0.000" classname="com.dcits.defaultReport.TestDefaultReport"/>
  <testcase name="test1" time="0.000" classname="com.dcits.defaultReport.TestDefaultReport"/>
  <testcase name="test1" time="0.000" classname="com.dcits.defaultReport.TestDefaultReport"/>
  <testcase name="test1" time="0.000" classname="com.dcits.defaultReport.TestDefaultReport"/>
  <testcase name="test1" time="0.000" classname="com.dcits.defaultReport.TestDefaultReport"/>
  <testcase name="test1" time="0.000" classname="com.dcits.defaultReport.TestDefaultReport"/>
  <testcase name="test1" time="0.000" classname="com.dcits.defaultReport.TestDefaultReport"/>
  <testcase name="test1" time="0.000" classname="com.dcits.defaultReport.TestDefaultReport"/>
  <testcase name="test3" time="0.000" classname="com.dcits.defaultReport.TestDefaultReport"/>
  <testcase name="test1" time="0.000" classname="com.dcits.defaultReport.TestDefaultReport"/>
  <testcase name="test3" time="0.000" classname="com.dcits.defaultReport.TestDefaultReport"/>
  <testcase name="test3" time="0.000" classname="com.dcits.defaultReport.TestDefaultReport"/>
  <testcase name="test3" time="0.000" classname="com.dcits.defaultReport.TestDefaultReport"/>
  <testcase name="test3" time="0.000" classname="com.dcits.defaultReport.TestDefaultReport"/>
  <testcase name="test3" time="0.000" classname="com.dcits.defaultReport.TestDefaultReport"/>
  <testcase name="test3" time="0.000" classname="com.dcits.defaultReport.TestDefaultReport"/>
  <testcase name="test1" time="0.000" classname="com.dcits.defaultReport.TestDefaultReport"/>
  <testcase name="test1" time="0.000" classname="com.dcits.defaultReport.TestDefaultReport"/>
  <testcase name="test1" time="0.000" classname="com.dcits.defaultReport.TestDefaultReport"/>
  <testcase name="test1" time="0.000" classname="com.dcits.defaultReport.TestDefaultReport"/>
  <testcase name="test3" time="0.000" classname="com.dcits.defaultReport.TestDefaultReport"/>
  <testcase name="test3" time="0.000" classname="com.dcits.defaultReport.TestDefaultReport"/>
  <testcase name="test1" time="0.000" classname="com.dcits.defaultReport.TestDefaultReport"/>
  <testcase name="test3" time="0.000" classname="com.dcits.defaultReport.TestDefaultReport"/>
  <testcase name="test1" time="0.000" classname="com.dcits.defaultReport.TestDefaultReport"/>
  <testcase name="test3" time="0.000" classname="com.dcits.defaultReport.TestDefaultReport"/>
  <testcase name="test1" time="0.000" classname="com.dcits.defaultReport.TestDefaultReport"/>
  <testcase name="test1" time="0.000" classname="com.dcits.defaultReport.TestDefaultReport"/>
  <testcase name="test1" time="0.000" classname="com.dcits.defaultReport.TestDefaultReport"/>
  <testcase name="test1" time="0.000" classname="com.dcits.defaultReport.TestDefaultReport"/>
  <testcase name="test3" time="0.000" classname="com.dcits.defaultReport.TestDefaultReport"/>
  <testcase name="test3" time="0.000" classname="com.dcits.defaultReport.TestDefaultReport"/>
  <testcase name="test3" time="0.000" classname="com.dcits.defaultReport.TestDefaultReport"/>
  <testcase name="test3" time="0.000" classname="com.dcits.defaultReport.TestDefaultReport"/>
  <testcase name="test3" time="0.000" classname="com.dcits.defaultReport.TestDefaultReport"/>
  <testcase name="test3" time="0.000" classname="com.dcits.defaultReport.TestDefaultReport"/>
  <testcase name="test3" time="0.000" classname="com.dcits.defaultReport.TestDefaultReport"/>
  <testcase name="test1" time="0.000" classname="com.dcits.defaultReport.TestDefaultReport"/>
  <testcase name="test1" time="0.000" classname="com.dcits.defaultReport.TestDefaultReport"/>
  <testcase name="test1" time="0.000" classname="com.dcits.defaultReport.TestDefaultReport"/>
  <testcase name="test3" time="0.000" classname="com.dcits.defaultReport.TestDefaultReport"/>
  <testcase name="test3" time="0.000" classname="com.dcits.defaultReport.TestDefaultReport"/>
  <testcase name="test1" time="0.000" classname="com.dcits.defaultReport.TestDefaultReport"/>
  <testcase name="test1" time="0.000" classname="com.dcits.defaultReport.TestDefaultReport"/>
  <testcase name="test3" time="0.000" classname="com.dcits.defaultReport.TestDefaultReport"/>
  <testcase name="test3" time="0.000" classname="com.dcits.defaultReport.TestDefaultReport"/>
  <testcase name="test1" time="0.000" classname="com.dcits.defaultReport.TestDefaultReport"/>
  <testcase name="test1" time="0.000" classname="com.dcits.defaultReport.TestDefaultReport"/>
  <testcase name="test1" time="0.000" classname="com.dcits.defaultReport.TestDefaultReport"/>
  <testcase name="test1" time="0.000" classname="com.dcits.defaultReport.TestDefaultReport"/>
  <testcase name="test1" time="0.000" classname="com.dcits.defaultReport.TestDefaultReport"/>
  <testcase name="test1" time="0.000" classname="com.dcits.defaultReport.TestDefaultReport"/>
  <testcase name="test3" time="0.000" classname="com.dcits.defaultReport.TestDefaultReport"/>
  <testcase name="test3" time="0.000" classname="com.dcits.defaultReport.TestDefaultReport"/>
  <testcase name="test1" time="0.005" classname="com.dcits.defaultReport.TestDefaultReport"/>
  <testcase name="test3" time="0.000" classname="com.dcits.defaultReport.TestDefaultReport"/>
  <testcase name="test3" time="0.000" classname="com.dcits.defaultReport.TestDefaultReport"/>
  <testcase name="test1" time="0.000" classname="com.dcits.defaultReport.TestDefaultReport"/>
  <testcase name="test3" time="0.000" classname="com.dcits.defaultReport.TestDefaultReport"/>
  <testcase name="test3" time="0.000" classname="com.dcits.defaultReport.TestDefaultReport"/>
  <testcase name="test1" time="0.000" classname="com.dcits.defaultReport.TestDefaultReport"/>
  <testcase name="test1" time="0.001" classname="com.dcits.defaultReport.TestDefaultReport"/>
  <testcase name="test1" time="0.000" classname="com.dcits.defaultReport.TestDefaultReport"/>
  <testcase name="test1" time="0.000" classname="com.dcits.defaultReport.TestDefaultReport"/>
  <testcase name="test3" time="0.000" classname="com.dcits.defaultReport.TestDefaultReport"/>
  <testcase name="test1" time="0.001" classname="com.dcits.defaultReport.TestDefaultReport"/>
  <testcase name="test3" time="0.000" classname="com.dcits.defaultReport.TestDefaultReport"/>
  <testcase name="test3" time="0.000" classname="com.dcits.defaultReport.TestDefaultReport"/>
  <testcase name="test1" time="0.000" classname="com.dcits.defaultReport.TestDefaultReport"/>
  <testcase name="test1" time="0.000" classname="com.dcits.defaultReport.TestDefaultReport"/>
  <testcase name="test3" time="0.000" classname="com.dcits.defaultReport.TestDefaultReport"/>
  <testcase name="test1" time="0.000" classname="com.dcits.defaultReport.TestDefaultReport"/>
  <testcase name="test3" time="0.000" classname="com.dcits.defaultReport.TestDefaultReport"/>
  <testcase name="test1" time="0.000" classname="com.dcits.defaultReport.TestDefaultReport"/>
  <testcase name="test1" time="0.000" classname="com.dcits.defaultReport.TestDefaultReport"/>
  <testcase name="test1" time="0.000" classname="com.dcits.defaultReport.TestDefaultReport"/>
  <testcase name="test3" time="0.000" classname="com.dcits.defaultReport.TestDefaultReport"/>
  <testcase name="test1" time="0.000" classname="com.dcits.defaultReport.TestDefaultReport"/>
  <testcase name="test3" time="0.000" classname="com.dcits.defaultReport.TestDefaultReport"/>
  <testcase name="test3" time="0.000" classname="com.dcits.defaultReport.TestDefaultReport"/>
  <testcase name="test1" time="0.000" classname="com.dcits.defaultReport.TestDefaultReport"/>
  <testcase name="test3" time="0.000" classname="com.dcits.defaultReport.TestDefaultReport"/>
  <testcase name="test3" time="0.000" classname="com.dcits.defaultReport.TestDefaultReport"/>
  <testcase name="test1" time="0.001" classname="com.dcits.defaultReport.TestDefaultReport"/>
  <testcase name="test3" time="0.000" classname="com.dcits.defaultReport.TestDefaultReport"/>
  <testcase name="test1" time="0.000" classname="com.dcits.defaultReport.TestDefaultReport"/>
  <testcase name="test1" time="0.000" classname="com.dcits.defaultReport.TestDefaultReport"/>
  <testcase name="test1" time="0.000" classname="com.dcits.defaultReport.TestDefaultReport"/>
  <testcase name="test3" time="0.000" classname="com.dcits.defaultReport.TestDefaultReport"/>
  <testcase name="test1" time="0.000" classname="com.dcits.defaultReport.TestDefaultReport"/>
  <testcase name="test1" time="0.000" classname="com.dcits.defaultReport.TestDefaultReport"/>
  <testcase name="test3" time="0.000" classname="com.dcits.defaultReport.TestDefaultReport"/>
  <testcase name="test1" time="0.000" classname="com.dcits.defaultReport.TestDefaultReport"/>
  <testcase name="test3" time="0.000" classname="com.dcits.defaultReport.TestDefaultReport"/>
  <testcase name="test1" time="0.000" classname="com.dcits.defaultReport.TestDefaultReport"/>
  <testcase name="test1" time="0.001" classname="com.dcits.defaultReport.TestDefaultReport"/>
  <testcase name="test1" time="0.001" classname="com.dcits.defaultReport.TestDefaultReport"/>
  <testcase name="test1" time="0.000" classname="com.dcits.defaultReport.TestDefaultReport"/>
  <testcase name="test1" time="0.001" classname="com.dcits.defaultReport.TestDefaultReport"/>
  <testcase name="test1" time="0.000" classname="com.dcits.defaultReport.TestDefaultReport"/>
  <testcase name="test3" time="0.000" classname="com.dcits.defaultReport.TestDefaultReport"/>
  <testcase name="test3" time="0.000" classname="com.dcits.defaultReport.TestDefaultReport"/>
  <testcase name="test3" time="0.000" classname="com.dcits.defaultReport.TestDefaultReport"/>
  <testcase name="test3" time="0.000" classname="com.dcits.defaultReport.TestDefaultReport"/>
  <testcase name="test3" time="0.000" classname="com.dcits.defaultReport.TestDefaultReport"/>
  <testcase name="test3" time="0.000" classname="com.dcits.defaultReport.TestDefaultReport"/>
  <testcase name="test3" time="0.000" classname="com.dcits.defaultReport.TestDefaultReport"/>
  <testcase name="test3" time="0.000" classname="com.dcits.defaultReport.TestDefaultReport"/>
  <testcase name="test1" time="0.000" classname="com.dcits.defaultReport.TestDefaultReport"/>
  <testcase name="test3" time="0.000" classname="com.dcits.defaultReport.TestDefaultReport"/>
  <testcase name="test3" time="0.000" classname="com.dcits.defaultReport.TestDefaultReport"/>
  <testcase name="test3" time="0.000" classname="com.dcits.defaultReport.TestDefaultReport"/>
  <testcase name="test1" time="0.000" classname="com.dcits.defaultReport.TestDefaultReport"/>
  <testcase name="test3" time="0.000" classname="com.dcits.defaultReport.TestDefaultReport"/>
  <testcase name="test3" time="0.000" classname="com.dcits.defaultReport.TestDefaultReport"/>
  <testcase name="test3" time="0.000" classname="com.dcits.defaultReport.TestDefaultReport"/>
  <testcase name="test1" time="0.000" classname="com.dcits.defaultReport.TestDefaultReport"/>
  <testcase name="test1" time="0.000" classname="com.dcits.defaultReport.TestDefaultReport"/>
  <testcase name="test1" time="0.000" classname="com.dcits.defaultReport.TestDefaultReport"/>
  <testcase name="test1" time="0.000" classname="com.dcits.defaultReport.TestDefaultReport"/>
  <testcase name="test1" time="0.000" classname="com.dcits.defaultReport.TestDefaultReport"/>
  <testcase name="test3" time="0.000" classname="com.dcits.defaultReport.TestDefaultReport"/>
  <testcase name="test3" time="0.000" classname="com.dcits.defaultReport.TestDefaultReport"/>
  <testcase name="test1" time="0.000" classname="com.dcits.defaultReport.TestDefaultReport"/>
  <testcase name="test1" time="0.000" classname="com.dcits.defaultReport.TestDefaultReport"/>
  <testcase name="test3" time="0.000" classname="com.dcits.defaultReport.TestDefaultReport"/>
  <testcase name="test3" time="0.000" classname="com.dcits.defaultReport.TestDefaultReport"/>
  <testcase name="test1" time="0.000" classname="com.dcits.defaultReport.TestDefaultReport"/>
  <testcase name="test3" time="0.000" classname="com.dcits.defaultReport.TestDefaultReport"/>
  <testcase name="test1" time="0.000" classname="com.dcits.defaultReport.TestDefaultReport"/>
  <testcase name="test3" time="0.000" classname="com.dcits.defaultReport.TestDefaultReport"/>
  <testcase name="test3" time="0.001" classname="com.dcits.defaultReport.TestDefaultReport"/>
  <testcase name="test1" time="0.000" classname="com.dcits.defaultReport.TestDefaultReport"/>
  <testcase name="test3" time="0.000" classname="com.dcits.defaultReport.TestDefaultReport"/>
  <testcase name="test3" time="0.000" classname="com.dcits.defaultReport.TestDefaultReport"/>
  <testcase name="test3" time="0.000" classname="com.dcits.defaultReport.TestDefaultReport"/>
  <testcase name="test3" time="0.000" classname="com.dcits.defaultReport.TestDefaultReport"/>
  <testcase name="test3" time="0.000" classname="com.dcits.defaultReport.TestDefaultReport"/>
  <testcase name="test1" time="0.000" classname="com.dcits.defaultReport.TestDefaultReport"/>
  <testcase name="test1" time="0.000" classname="com.dcits.defaultReport.TestDefaultReport"/>
  <testcase name="test3" time="0.000" classname="com.dcits.defaultReport.TestDefaultReport"/>
  <testcase name="test1" time="0.000" classname="com.dcits.defaultReport.TestDefaultReport"/>
  <testcase name="test3" time="0.000" classname="com.dcits.defaultReport.TestDefaultReport"/>
  <testcase name="test1" time="0.000" classname="com.dcits.defaultReport.TestDefaultReport"/>
  <testcase name="test3" time="0.000" classname="com.dcits.defaultReport.TestDefaultReport"/>
  <testcase name="test1" time="0.000" classname="com.dcits.defaultReport.TestDefaultReport"/>
  <testcase name="test1" time="0.000" classname="com.dcits.defaultReport.TestDefaultReport"/>
  <testcase name="test1" time="0.000" classname="com.dcits.defaultReport.TestDefaultReport"/>
  <testcase name="test3" time="0.000" classname="com.dcits.defaultReport.TestDefaultReport"/>
  <testcase name="test1" time="0.000" classname="com.dcits.defaultReport.TestDefaultReport"/>
  <testcase name="test3" time="0.000" classname="com.dcits.defaultReport.TestDefaultReport"/>
  <testcase name="test3" time="0.000" classname="com.dcits.defaultReport.TestDefaultReport"/>
  <testcase name="test3" time="0.000" classname="com.dcits.defaultReport.TestDefaultReport"/>
  <testcase name="test3" time="0.000" classname="com.dcits.defaultReport.TestDefaultReport"/>
  <testcase name="test3" time="0.000" classname="com.dcits.defaultReport.TestDefaultReport"/>
  <testcase name="test3" time="0.000" classname="com.dcits.defaultReport.TestDefaultReport"/>
  <testcase name="test3" time="0.000" classname="com.dcits.defaultReport.TestDefaultReport"/>
  <testcase name="test1" time="0.000" classname="com.dcits.defaultReport.TestDefaultReport"/>
  <testcase name="test3" time="0.000" classname="com.dcits.defaultReport.TestDefaultReport"/>
  <testcase name="test3" time="0.000" classname="com.dcits.defaultReport.TestDefaultReport"/>
  <testcase name="test3" time="0.000" classname="com.dcits.defaultReport.TestDefaultReport"/>
  <testcase name="test3" time="0.000" classname="com.dcits.defaultReport.TestDefaultReport"/>
  <testcase name="test3" time="0.000" classname="com.dcits.defaultReport.TestDefaultReport"/>
  <testcase name="test1" time="0.000" classname="com.dcits.defaultReport.TestDefaultReport"/>
  <testcase name="test3" time="0.000" classname="com.dcits.defaultReport.TestDefaultReport"/>
  <testcase name="test1" time="0.000" classname="com.dcits.defaultReport.TestDefaultReport"/>
  <testcase name="test1" time="0.001" classname="com.dcits.defaultReport.TestDefaultReport"/>
  <testcase name="test1" time="0.000" classname="com.dcits.defaultReport.TestDefaultReport"/>
  <testcase name="test1" time="0.001" classname="com.dcits.defaultReport.TestDefaultReport"/>
  <testcase name="test1" time="0.000" classname="com.dcits.defaultReport.TestDefaultReport"/>
  <testcase name="test3" time="0.000" classname="com.dcits.defaultReport.TestDefaultReport"/>
  <testcase name="test3" time="0.000" classname="com.dcits.defaultReport.TestDefaultReport"/>
  <testcase name="test3" time="0.000" classname="com.dcits.defaultReport.TestDefaultReport"/>
  <testcase name="test1" time="0.000" classname="com.dcits.defaultReport.TestDefaultReport"/>
  <testcase name="test1" time="0.000" classname="com.dcits.defaultReport.TestDefaultReport"/>
  <testcase name="test1" time="0.001" classname="com.dcits.defaultReport.TestDefaultReport"/>
  <testcase name="test1" time="0.000" classname="com.dcits.defaultReport.TestDefaultReport"/>
  <testcase name="test3" time="0.000" classname="com.dcits.defaultReport.TestDefaultReport"/>
  <testcase name="test1" time="0.000" classname="com.dcits.defaultReport.TestDefaultReport"/>
  <testcase name="test3" time="0.000" classname="com.dcits.defaultReport.TestDefaultReport"/>
  <testcase name="test3" time="0.000" classname="com.dcits.defaultReport.TestDefaultReport"/>
  <testcase name="test3" time="0.000" classname="com.dcits.defaultReport.TestDefaultReport"/>
  <testcase name="test1" time="0.000" classname="com.dcits.defaultReport.TestDefaultReport"/>
  <testcase name="test1" time="0.000" classname="com.dcits.defaultReport.TestDefaultReport"/>
  <testcase name="test3" time="0.001" classname="com.dcits.defaultReport.TestDefaultReport"/>
  <testcase name="test3" time="0.000" classname="com.dcits.defaultReport.TestDefaultReport"/>
  <testcase name="test3" time="0.000" classname="com.dcits.defaultReport.TestDefaultReport"/>
  <testcase name="test1" time="0.001" classname="com.dcits.defaultReport.TestDefaultReport"/>
  <testcase name="test3" time="0.000" classname="com.dcits.defaultReport.TestDefaultReport"/>
  <testcase name="test1" time="0.000" classname="com.dcits.defaultReport.TestDefaultReport"/>
  <testcase name="test3" time="0.000" classname="com.dcits.defaultReport.TestDefaultReport"/>
  <testcase name="test3" time="0.000" classname="com.dcits.defaultReport.TestDefaultReport"/>
  <testcase name="test1" time="0.000" classname="com.dcits.defaultReport.TestDefaultReport"/>
  <testcase name="test3" time="0.001" classname="com.dcits.defaultReport.TestDefaultReport"/>
  <testcase name="test1" time="0.000" classname="com.dcits.defaultReport.TestDefaultReport"/>
  <testcase name="test1" time="0.002" classname="com.dcits.defaultReport.TestDefaultReport"/>
  <testcase name="test3" time="0.000" classname="com.dcits.defaultReport.TestDefaultReport"/>
  <testcase name="test1" time="0.000" classname="com.dcits.defaultReport.TestDefaultReport"/>
  <testcase name="test1" time="0.000" classname="com.dcits.defaultReport.TestDefaultReport"/>
  <testcase name="test1" time="0.000" classname="com.dcits.defaultReport.TestDefaultReport"/>
  <testcase name="test1" time="0.000" classname="com.dcits.defaultReport.TestDefaultReport"/>
  <testcase name="test3" time="0.000" classname="com.dcits.defaultReport.TestDefaultReport"/>
  <testcase name="test1" time="0.000" classname="com.dcits.defaultReport.TestDefaultReport"/>
  <testcase name="test1" time="0.000" classname="com.dcits.defaultReport.TestDefaultReport"/>
  <testcase name="test1" time="0.000" classname="com.dcits.defaultReport.TestDefaultReport"/>
  <testcase name="test1" time="0.000" classname="com.dcits.defaultReport.TestDefaultReport"/>
  <testcase name="test3" time="0.000" classname="com.dcits.defaultReport.TestDefaultReport"/>
  <testcase name="test3" time="0.000" classname="com.dcits.defaultReport.TestDefaultReport"/>
  <testcase name="test1" time="0.000" classname="com.dcits.defaultReport.TestDefaultReport"/>
  <testcase name="test1" time="0.000" classname="com.dcits.defaultReport.TestDefaultReport"/>
  <testcase name="test1" time="0.000" classname="com.dcits.defaultReport.TestDefaultReport"/>
  <testcase name="test1" time="0.000" classname="com.dcits.defaultReport.TestDefaultReport"/>
  <testcase name="test1" time="0.000" classname="com.dcits.defaultReport.TestDefaultReport"/>
  <testcase name="test1" time="0.000" classname="com.dcits.defaultReport.TestDefaultReport"/>
  <testcase name="test3" time="0.000" classname="com.dcits.defaultReport.TestDefaultReport"/>
  <testcase name="test1" time="0.000" classname="com.dcits.defaultReport.TestDefaultReport"/>
  <testcase name="test1" time="0.001" classname="com.dcits.defaultReport.TestDefaultReport"/>
  <testcase name="test3" time="0.001" classname="com.dcits.defaultReport.TestDefaultReport"/>
  <testcase name="test3" time="0.000" classname="com.dcits.defaultReport.TestDefaultReport"/>
  <testcase name="test3" time="0.000" classname="com.dcits.defaultReport.TestDefaultReport"/>
  <testcase name="test3" time="0.000" classname="com.dcits.defaultReport.TestDefaultReport"/>
  <testcase name="test3" time="0.000" classname="com.dcits.defaultReport.TestDefaultReport"/>
  <testcase name="test3" time="0.000" classname="com.dcits.defaultReport.TestDefaultReport"/>
  <testcase name="test1" time="0.001" classname="com.dcits.defaultReport.TestDefaultReport"/>
  <testcase name="test3" time="0.000" classname="com.dcits.defaultReport.TestDefaultReport"/>
  <testcase name="test1" time="0.000" classname="com.dcits.defaultReport.TestDefaultReport"/>
  <testcase name="test1" time="0.000" classname="com.dcits.defaultReport.TestDefaultReport"/>
  <testcase name="test1" time="0.000" classname="com.dcits.defaultReport.TestDefaultReport"/>
  <testcase name="test1" time="0.000" classname="com.dcits.defaultReport.TestDefaultReport"/>
  <testcase name="test3" time="0.000" classname="com.dcits.defaultReport.TestDefaultReport"/>
  <testcase name="test3" time="0.000" classname="com.dcits.defaultReport.TestDefaultReport"/>
  <testcase name="test1" time="0.000" classname="com.dcits.defaultReport.TestDefaultReport"/>
  <testcase name="test3" time="0.000" classname="com.dcits.defaultReport.TestDefaultReport"/>
  <testcase name="test1" time="0.000" classname="com.dcits.defaultReport.TestDefaultReport"/>
  <testcase name="test3" time="0.000" classname="com.dcits.defaultReport.TestDefaultReport"/>
  <testcase name="test1" time="0.000" classname="com.dcits.defaultReport.TestDefaultReport"/>
  <testcase name="test1" time="0.000" classname="com.dcits.defaultReport.TestDefaultReport"/>
  <testcase name="test3" time="0.000" classname="com.dcits.defaultReport.TestDefaultReport"/>
  <testcase name="test3" time="0.001" classname="com.dcits.defaultReport.TestDefaultReport"/>
  <testcase name="test3" time="0.001" classname="com.dcits.defaultReport.TestDefaultReport"/>
  <testcase name="test3" time="0.000" classname="com.dcits.defaultReport.TestDefaultReport"/>
  <testcase name="test1" time="0.000" classname="com.dcits.defaultReport.TestDefaultReport"/>
  <testcase name="test3" time="0.000" classname="com.dcits.defaultReport.TestDefaultReport"/>
  <testcase name="test3" time="0.000" classname="com.dcits.defaultReport.TestDefaultReport"/>
  <testcase name="test3" time="0.000" classname="com.dcits.defaultReport.TestDefaultReport"/>
  <testcase name="test3" time="0.000" classname="com.dcits.defaultReport.TestDefaultReport"/>
  <testcase name="test3" time="0.000" classname="com.dcits.defaultReport.TestDefaultReport"/>
  <testcase name="test1" time="0.001" classname="com.dcits.defaultReport.TestDefaultReport"/>
  <testcase name="test3" time="0.000" classname="com.dcits.defaultReport.TestDefaultReport"/>
  <testcase name="test1" time="0.000" classname="com.dcits.defaultReport.TestDefaultReport"/>
  <testcase name="test1" time="0.001" classname="com.dcits.defaultReport.TestDefaultReport"/>
  <testcase name="test3" time="0.000" classname="com.dcits.defaultReport.TestDefaultReport"/>
  <testcase name="test3" time="0.000" classname="com.dcits.defaultReport.TestDefaultReport"/>
  <testcase name="test1" time="0.000" classname="com.dcits.defaultReport.TestDefaultReport"/>
  <testcase name="test1" time="0.000" classname="com.dcits.defaultReport.TestDefaultReport"/>
  <testcase name="test1" time="0.000" classname="com.dcits.defaultReport.TestDefaultReport"/>
  <testcase name="test1" time="0.000" classname="com.dcits.defaultReport.TestDefaultReport"/>
  <testcase name="test1" time="0.000" classname="com.dcits.defaultReport.TestDefaultReport"/>
  <testcase name="test1" time="0.000" classname="com.dcits.defaultReport.TestDefaultReport"/>
  <testcase name="test3" time="0.000" classname="com.dcits.defaultReport.TestDefaultReport"/>
  <testcase name="test3" time="0.000" classname="com.dcits.defaultReport.TestDefaultReport"/>
  <testcase name="test3" time="0.000" classname="com.dcits.defaultReport.TestDefaultReport"/>
  <testcase name="test1" time="0.000" classname="com.dcits.defaultReport.TestDefaultReport"/>
  <testcase name="test1" time="0.000" classname="com.dcits.defaultReport.TestDefaultReport"/>
  <testcase name="test1" time="0.000" classname="com.dcits.defaultReport.TestDefaultReport"/>
  <testcase name="test1" time="0.000" classname="com.dcits.defaultReport.TestDefaultReport"/>
  <testcase name="test3" time="0.000" classname="com.dcits.defaultReport.TestDefaultReport"/>
  <testcase name="test1" time="0.000" classname="com.dcits.defaultReport.TestDefaultReport"/>
  <testcase name="test3" time="0.000" classname="com.dcits.defaultReport.TestDefaultReport"/>
  <testcase name="test3" time="0.000" classname="com.dcits.defaultReport.TestDefaultReport"/>
  <testcase name="test3" time="0.000" classname="com.dcits.defaultReport.TestDefaultReport"/>
  <testcase name="test3" time="0.000" classname="com.dcits.defaultReport.TestDefaultReport"/>
  <testcase name="test1" time="0.000" classname="com.dcits.defaultReport.TestDefaultReport"/>
  <testcase name="test3" time="0.000" classname="com.dcits.defaultReport.TestDefaultReport"/>
  <testcase name="test3" time="0.000" classname="com.dcits.defaultReport.TestDefaultReport"/>
  <testcase name="test1" time="0.000" classname="com.dcits.defaultReport.TestDefaultReport"/>
  <testcase name="test3" time="0.000" classname="com.dcits.defaultReport.TestDefaultReport"/>
  <testcase name="test1" time="0.000" classname="com.dcits.defaultReport.TestDefaultReport"/>
  <testcase name="test3" time="0.000" classname="com.dcits.defaultReport.TestDefaultReport"/>
  <testcase name="test3" time="0.000" classname="com.dcits.defaultReport.TestDefaultReport"/>
  <testcase name="test3" time="0.001" classname="com.dcits.defaultReport.TestDefaultReport"/>
  <testcase name="test1" time="0.000" classname="com.dcits.defaultReport.TestDefaultReport"/>
  <testcase name="test1" time="0.000" classname="com.dcits.defaultReport.TestDefaultReport"/>
  <testcase name="test1" time="0.000" classname="com.dcits.defaultReport.TestDefaultReport"/>
  <testcase name="test1" time="0.000" classname="com.dcits.defaultReport.TestDefaultReport"/>
  <testcase name="test3" time="0.000" classname="com.dcits.defaultReport.TestDefaultReport"/>
  <testcase name="test3" time="0.000" classname="com.dcits.defaultReport.TestDefaultReport"/>
  <testcase name="test1" time="0.000" classname="com.dcits.defaultReport.TestDefaultReport"/>
  <testcase name="test3" time="0.000" classname="com.dcits.defaultReport.TestDefaultReport"/>
  <testcase name="test3" time="0.000" classname="com.dcits.defaultReport.TestDefaultReport"/>
  <testcase name="test1" time="0.000" classname="com.dcits.defaultReport.TestDefaultReport"/>
  <testcase name="test3" time="0.001" classname="com.dcits.defaultReport.TestDefaultReport"/>
  <testcase name="test1" time="0.001" classname="com.dcits.defaultReport.TestDefaultReport"/>
  <testcase name="test1" time="0.000" classname="com.dcits.defaultReport.TestDefaultReport"/>
  <testcase name="test1" time="0.000" classname="com.dcits.defaultReport.TestDefaultReport"/>
  <testcase name="test1" time="0.000" classname="com.dcits.defaultReport.TestDefaultReport"/>
  <testcase name="test1" time="0.000" classname="com.dcits.defaultReport.TestDefaultReport"/>
  <testcase name="test3" time="0.000" classname="com.dcits.defaultReport.TestDefaultReport"/>
  <testcase name="test3" time="0.000" classname="com.dcits.defaultReport.TestDefaultReport"/>
  <testcase name="test3" time="0.000" classname="com.dcits.defaultReport.TestDefaultReport"/>
  <testcase name="test1" time="0.000" classname="com.dcits.defaultReport.TestDefaultReport"/>
  <testcase name="test3" time="0.000" classname="com.dcits.defaultReport.TestDefaultReport"/>
  <testcase name="test3" time="0.000" classname="com.dcits.defaultReport.TestDefaultReport"/>
  <testcase name="test1" time="0.000" classname="com.dcits.defaultReport.TestDefaultReport"/>
  <testcase name="test1" time="0.000" classname="com.dcits.defaultReport.TestDefaultReport"/>
  <testcase name="test1" time="0.000" classname="com.dcits.defaultReport.TestDefaultReport"/>
  <testcase name="test3" time="0.000" classname="com.dcits.defaultReport.TestDefaultReport"/>
  <testcase name="test3" time="0.000" classname="com.dcits.defaultReport.TestDefaultReport"/>
  <testcase name="test1" time="0.000" classname="com.dcits.defaultReport.TestDefaultReport"/>
  <testcase name="test3" time="0.000" classname="com.dcits.defaultReport.TestDefaultReport"/>
  <testcase name="test3" time="0.000" classname="com.dcits.defaultReport.TestDefaultReport"/>
  <testcase name="test1" time="0.000" classname="com.dcits.defaultReport.TestDefaultReport"/>
  <testcase name="test1" time="0.000" classname="com.dcits.defaultReport.TestDefaultReport"/>
[...]
  <testcase name="test1" time="0.000" classname="com.dcits.defaultReport.TestDefaultReport"/>
  <testcase name="test3" time="0.000" classname="com.dcits.defaultReport.TestDefaultReport"/>
  <testcase name="test1" time="0.001" classname="com.dcits.defaultReport.TestDefaultReport"/>
  <testcase name="test3" time="0.000" classname="com.dcits.defaultReport.TestDefaultReport"/>
  <testcase name="test3" time="0.000" classname="com.dcits.defaultReport.TestDefaultReport"/>
  <testcase name="test1" time="0.004" classname="com.dcits.defaultReport.TestDefaultReport"/>
  <testcase name="test3" time="0.000" classname="com.dcits.defaultReport.TestDefaultReport"/>
  <testcase name="test3" time="0.000" classname="com.dcits.defaultReport.TestDefaultReport"/>
  <testcase name="test1" time="0.000" classname="com.dcits.defaultReport.TestDefaultReport"/>
  <testcase name="test3" time="0.000" classname="com.dcits.defaultReport.TestDefaultReport"/>
  <testcase name="test3" time="0.000" classname="com.dcits.defaultReport.TestDefaultReport"/>
  <testcase name="test1" time="0.000" classname="com.dcits.defaultReport.TestDefaultReport"/>
  <testcase name="test3" time="0.003" classname="com.dcits.defaultReport.TestDefaultReport"/>
  <testcase name="test3" time="0.000" classname="com.dcits.defaultReport.TestDefaultReport"/>
  <testcase name="test1" time="0.000" classname="com.dcits.defaultReport.TestDefaultReport"/>
  <testcase name="test3" time="0.000" classname="com.dcits.defaultReport.TestDefaultReport"/>
  <testcase name="test3" time="0.000" classname="com.dcits.defaultReport.TestDefaultReport"/>
  <testcase name="test1" time="0.000" classname="com.dcits.defaultReport.TestDefaultReport"/>
  <testcase name="test1" time="0.000" classname="com.dcits.defaultReport.TestDefaultReport"/>
  <testcase name="test1" time="0.000" classname="com.dcits.defaultReport.TestDefaultReport"/>
  <testcase name="test3" time="0.000" classname="com.dcits.defaultReport.TestDefaultReport"/>
  <testcase name="test3" time="0.001" classname="com.dcits.defaultReport.TestDefaultReport"/>
  <testcase name="test1" time="0.000" classname="com.dcits.defaultReport.TestDefaultReport"/>
  <testcase name="test1" time="0.000" classname="com.dcits.defaultReport.TestDefaultReport"/>
  <testcase name="test1" time="0.000" classname="com.dcits.defaultReport.TestDefaultReport"/>
  <testcase name="test1" time="0.000" classname="com.dcits.defaultReport.TestDefaultReport"/>
  <testcase name="test1" time="0.000" classname="com.dcits.defaultReport.TestDefaultReport"/>
  <testcase name="test1" time="0.001" classname="com.dcits.defaultReport.TestDefaultReport"/>
  <testcase name="test3" time="0.000" classname="com.dcits.defaultReport.TestDefaultReport"/>
  <testcase name="test3" time="0.000" classname="com.dcits.defaultReport.TestDefaultReport"/>
  <testcase name="test1" time="0.000" classname="com.dcits.defaultReport.TestDefaultReport"/>
  <testcase name="test3" time="0.000" classname="com.dcits.defaultReport.TestDefaultReport"/>
  <testcase name="test1" time="0.000" classname="com.dcits.defaultReport.TestDefaultReport"/>
  <testcase name="test3" time="0.000" classname="com.dcits.defaultReport.TestDefaultReport"/>
  <testcase name="test3" time="0.001" classname="com.dcits.defaultReport.TestDefaultReport"/>
  <testcase name="test3" time="0.000" classname="com.dcits.defaultReport.TestDefaultReport"/>
  <testcase name="test3" time="0.000" classname="com.dcits.defaultReport.TestDefaultReport"/>
  <testcase name="test3" time="0.000" classname="com.dcits.defaultReport.TestDefaultReport"/>
  <testcase name="test1" time="0.000" classname="com.dcits.defaultReport.TestDefaultReport"/>
  <testcase name="test1" time="0.000" classname="com.dcits.defaultReport.TestDefaultReport"/>
  <testcase name="test3" time="0.000" classname="com.dcits.defaultReport.TestDefaultReport"/>
  <testcase name="test1" time="0.000" classname="com.dcits.defaultReport.TestDefaultReport"/>
  <testcase name="test3" time="0.000" classname="com.dcits.defaultReport.TestDefaultReport"/>
  <testcase name="test1" time="0.001" classname="com.dcits.defaultReport.TestDefaultReport"/>
  <testcase name="test1" time="0.000" classname="com.dcits.defaultReport.TestDefaultReport"/>
  <testcase name="test1" time="0.000" classname="com.dcits.defaultReport.TestDefaultReport"/>
  <testcase name="test3" time="0.000" classname="com.dcits.defaultReport.TestDefaultReport"/>
  <testcase name="test3" time="0.000" classname="com.dcits.defaultReport.TestDefaultReport"/>
  <testcase name="test1" time="0.000" classname="com.dcits.defaultReport.TestDefaultReport"/>
  <testcase name="test1" time="0.000" classname="com.dcits.defaultReport.TestDefaultReport"/>
  <testcase name="test3" time="0.000" classname="com.dcits.defaultReport.TestDefaultReport"/>
  <testcase name="test3" time="0.000" classname="com.dcits.defaultReport.TestDefaultReport"/>
  <testcase name="test3" time="0.000" classname="com.dcits.defaultReport.TestDefaultReport"/>
  <testcase name="test1" time="0.000" classname="com.dcits.defaultReport.TestDefaultReport"/>
  <testcase name="test3" time="0.000" classname="com.dcits.defaultReport.TestDefaultReport"/>
  <testcase name="test3" time="0.001" classname="com.dcits.defaultReport.TestDefaultReport"/>
  <testcase name="test1" time="0.001" classname="com.dcits.defaultReport.TestDefaultReport"/>
  <testcase name="test3" time="0.000" classname="com.dcits.defaultReport.TestDefaultReport"/>
  <testcase name="test1" time="0.000" classname="com.dcits.defaultReport.TestDefaultReport"/>
  <testcase name="test3" time="0.000" classname="com.dcits.defaultReport.TestDefaultReport"/>
  <testcase name="test1" time="0.000" classname="com.dcits.defaultReport.TestDefaultReport"/>
  <testcase name="test3" time="0.000" classname="com.dcits.defaultReport.TestDefaultReport"/>
  <testcase name="test3" time="0.000" classname="com.dcits.defaultReport.TestDefaultReport"/>
  <testcase name="test3" time="0.000" classname="com.dcits.defaultReport.TestDefaultReport"/>
  <testcase name="test1" time="0.000" classname="com.dcits.defaultReport.TestDefaultReport"/>
  <testcase name="test1" time="0.000" classname="com.dcits.defaultReport.TestDefaultReport"/>
  <testcase name="test3" time="0.000" classname="com.dcits.defaultReport.TestDefaultReport"/>
  <testcase name="test3" time="0.000" classname="com.dcits.defaultReport.TestDefaultReport"/>
  <testcase name="test1" time="0.000" classname="com.dcits.defaultReport.TestDefaultReport"/>
  <testcase name="test1" time="0.000" classname="com.dcits.defaultReport.TestDefaultReport"/>
  <testcase name="test3" time="0.000" classname="com.dcits.defaultReport.TestDefaultReport"/>
  <testcase name="test3" time="0.000" classname="com.dcits.defaultReport.TestDefaultReport"/>
  <testcase name="test3" time="0.000" classname="com.dcits.defaultReport.TestDefaultReport"/>
  <testcase name="test3" time="0.000" classname="com.dcits.defaultReport.TestDefaultReport"/>
  <testcase name="test1" time="0.000" classname="com.dcits.defaultReport.TestDefaultReport"/>
  <testcase name="test1" time="0.000" classname="com.dcits.defaultReport.TestDefaultReport"/>
  <testcase name="test1" time="0.000" classname="com.dcits.defaultReport.TestDefaultReport"/>
  <testcase name="test1" time="0.000" classname="com.dcits.defaultReport.TestDefaultReport"/>
  <testcase name="test1" time="0.000" classname="com.dcits.defaultReport.TestDefaultReport"/>
  <testcase name="test3" time="0.000" classname="com.dcits.defaultReport.TestDefaultReport"/>
  <testcase name="test3" time="0.000" classname="com.dcits.defaultReport.TestDefaultReport"/>
  <testcase name="test3" time="0.000" classname="com.dcits.defaultReport.TestDefaultReport"/>
  <testcase name="test1" time="0.000" classname="com.dcits.defaultReport.TestDefaultReport"/>
  <testcase name="test3" time="0.000" classname="com.dcits.defaultReport.TestDefaultReport"/>
  <testcase name="test1" time="0.000" classname="com.dcits.defaultReport.TestDefaultReport"/>
  <testcase name="test1" time="0.000" classname="com.dcits.defaultReport.TestDefaultReport"/>
  <testcase name="test3" time="0.000" classname="com.dcits.defaultReport.TestDefaultReport"/>
  <testcase name="test3" time="0.000" classname="com.dcits.defaultReport.TestDefaultReport"/>
  <testcase name="test3" time="0.000" classname="com.dcits.defaultReport.TestDefaultReport"/>
  <testcase name="test1" time="0.000" classname="com.dcits.defaultReport.TestDefaultReport"/>
  <testcase name="test3" time="0.000" classname="com.dcits.defaultReport.TestDefaultReport"/>
  <testcase name="test3" time="0.000" classname="com.dcits.defaultReport.TestDefaultReport"/>
  <testcase name="test3" time="0.000" classname="com.dcits.defaultReport.TestDefaultReport"/>
  <testcase name="test3" time="0.000" classname="com.dcits.defaultReport.TestDefaultReport"/>
  <testcase name="test3" time="0.000" classname="com.dcits.defaultReport.TestDefaultReport"/>
  <testcase name="test3" time="0.000" classname="com.dcits.defaultReport.TestDefaultReport"/>
  <testcase name="test3" time="0.000" classname="com.dcits.defaultReport.TestDefaultReport"/>
  <testcase name="test3" time="0.000" classname="com.dcits.defaultReport.TestDefaultReport"/>
  <testcase name="test3" time="0.000" classname="com.dcits.defaultReport.TestDefaultReport"/>
  <testcase name="test1" time="0.000" classname="com.dcits.defaultReport.TestDefaultReport"/>
  <testcase name="test1" time="0.000" classname="com.dcits.defaultReport.TestDefaultReport"/>
  <testcase name="test1" time="0.000" classname="com.dcits.defaultReport.TestDefaultReport"/>
  <testcase name="test1" time="0.000" classname="com.dcits.defaultReport.TestDefaultReport"/>
  <testcase name="test1" time="0.000" classname="com.dcits.defaultReport.TestDefaultReport"/>
  <testcase name="test1" time="0.000" classname="com.dcits.defaultReport.TestDefaultReport"/>
  <testcase name="test3" time="0.000" classname="com.dcits.defaultReport.TestDefaultReport"/>
  <testcase name="test3" time="0.000" classname="com.dcits.defaultReport.TestDefaultReport"/>
  <testcase name="test3" time="0.000" classname="com.dcits.defaultReport.TestDefaultReport"/>
  <testcase name="test3" time="0.000" classname="com.dcits.defaultReport.TestDefaultReport"/>
  <testcase name="test1" time="0.000" classname="com.dcits.defaultReport.TestDefaultReport"/>
  <testcase name="test1" time="0.000" classname="com.dcits.defaultReport.TestDefaultReport"/>
  <testcase name="test1" time="0.000" classname="com.dcits.defaultReport.TestDefaultReport"/>
  <testcase name="test3" time="0.000" classname="com.dcits.defaultReport.TestDefaultReport"/>
  <testcase name="test1" time="0.000" classname="com.dcits.defaultReport.TestDefaultReport"/>
  <testcase name="test3" time="0.000" classname="com.dcits.defaultReport.TestDefaultReport"/>
  <testcase name="test3" time="0.000" classname="com.dcits.defaultReport.TestDefaultReport"/>
  <testcase name="test3" time="0.000" classname="com.dcits.defaultReport.TestDefaultReport"/>
  <testcase name="test3" time="0.000" classname="com.dcits.defaultReport.TestDefaultReport"/>
  <testcase name="test3" time="0.000" classname="com.dcits.defaultReport.TestDefaultReport"/>
  <testcase name="test1" time="0.000" classname="com.dcits.defaultReport.TestDefaultReport"/>
  <testcase name="test3" time="0.000" classname="com.dcits.defaultReport.TestDefaultReport"/>
  <testcase name="test3" time="0.000" classname="com.dcits.defaultReport.TestDefaultReport"/>
  <testcase name="test1" time="0.000" classname="com.dcits.defaultReport.TestDefaultReport"/>
  <testcase name="test1" time="0.000" classname="com.dcits.defaultReport.TestDefaultReport"/>
  <testcase name="test3" time="0.001" classname="com.dcits.defaultReport.TestDefaultReport"/>
  <testcase name="test1" time="0.000" classname="com.dcits.defaultReport.TestDefaultReport"/>
  <testcase name="test1" time="0.000" classname="com.dcits.defaultReport.TestDefaultReport"/>
  <testcase name="test3" time="0.000" classname="com.dcits.defaultReport.TestDefaultReport"/>
  <testcase name="test3" time="0.000" classname="com.dcits.defaultReport.TestDefaultReport"/>
  <testcase name="test1" time="0.000" classname="com.dcits.defaultReport.TestDefaultReport"/>
  <testcase name="test3" time="0.000" classname="com.dcits.defaultReport.TestDefaultReport"/>
  <testcase name="test1" time="0.001" classname="com.dcits.defaultReport.TestDefaultReport"/>
  <testcase name="test3" time="0.000" classname="com.dcits.defaultReport.TestDefaultReport"/>
  <testcase name="test1" time="0.000" classname="com.dcits.defaultReport.TestDefaultReport"/>
  <testcase name="test3" time="0.000" classname="com.dcits.defaultReport.TestDefaultReport"/>
  <testcase name="test1" time="0.000" classname="com.dcits.defaultReport.TestDefaultReport"/>
  <testcase name="test3" time="0.000" classname="com.dcits.defaultReport.TestDefaultReport"/>
  <testcase name="test1" time="0.000" classname="com.dcits.defaultReport.TestDefaultReport"/>
  <testcase name="test3" time="0.000" classname="com.dcits.defaultReport.TestDefaultReport"/>
  <testcase name="test3" time="0.000" classname="com.dcits.defaultReport.TestDefaultReport"/>
  <testcase name="test3" time="0.000" classname="com.dcits.defaultReport.TestDefaultReport"/>
  <testcase name="test3" time="0.000" classname="com.dcits.defaultReport.TestDefaultReport"/>
  <testcase name="test3" time="0.000" classname="com.dcits.defaultReport.TestDefaultReport"/>
  <testcase name="test1" time="0.001" classname="com.dcits.defaultReport.TestDefaultReport"/>
  <testcase name="test1" time="0.000" classname="com.dcits.defaultReport.TestDefaultReport"/>
  <testcase name="test3" time="0.000" classname="com.dcits.defaultReport.TestDefaultReport"/>
  <testcase name="test3" time="0.000" classname="com.dcits.defaultReport.TestDefaultReport"/>
  <testcase name="test1" time="0.000" classname="com.dcits.defaultReport.TestDefaultReport"/>
  <testcase name="test3" time="0.000" classname="com.dcits.defaultReport.TestDefaultReport"/>
  <testcase name="test3" time="0.000" classname="com.dcits.defaultReport.TestDefaultReport"/>
  <testcase name="test1" time="0.000" classname="com.dcits.defaultReport.TestDefaultReport"/>
  <testcase name="test3" time="0.000" classname="com.dcits.defaultReport.TestDefaultReport"/>
  <testcase name="test3" time="0.000" classname="com.dcits.defaultReport.TestDefaultReport"/>
  <testcase name="test3" time="0.000" classname="com.dcits.defaultReport.TestDefaultReport"/>
  <testcase name="test3" time="0.000" classname="com.dcits.defaultReport.TestDefaultReport"/>
  <testcase name="test3" time="0.000" classname="com.dcits.defaultReport.TestDefaultReport"/>
  <testcase name="test3" time="0.000" classname="com.dcits.defaultReport.TestDefaultReport"/>
  <testcase name="test1" time="0.000" classname="com.dcits.defaultReport.TestDefaultReport"/>
  <testcase name="test1" time="0.000" classname="com.dcits.defaultReport.TestDefaultReport"/>
  <testcase name="test1" time="0.000" classname="com.dcits.defaultReport.TestDefaultReport"/>
  <testcase name="test3" time="0.000" classname="com.dcits.defaultReport.TestDefaultReport"/>
  <testcase name="test3" time="0.000" classname="com.dcits.defaultReport.TestDefaultReport"/>
  <testcase name="test3" time="0.000" classname="com.dcits.defaultReport.TestDefaultReport"/>
  <testcase name="test1" time="0.000" classname="com.dcits.defaultReport.TestDefaultReport"/>
  <testcase name="test1" time="0.000" classname="com.dcits.defaultReport.TestDefaultReport"/>
  <testcase name="test1" time="0.000" classname="com.dcits.defaultReport.TestDefaultReport"/>
  <testcase name="test1" time="0.000" classname="com.dcits.defaultReport.TestDefaultReport"/>
  <testcase name="test1" time="0.001" classname="com.dcits.defaultReport.TestDefaultReport"/>
  <testcase name="test1" time="0.000" classname="com.dcits.defaultReport.TestDefaultReport"/>
  <testcase name="test1" time="0.000" classname="com.dcits.defaultReport.TestDefaultReport"/>
  <testcase name="test3" time="0.000" classname="com.dcits.defaultReport.TestDefaultReport"/>
  <testcase name="test3" time="0.000" classname="com.dcits.defaultReport.TestDefaultReport"/>
  <testcase name="test3" time="0.000" classname="com.dcits.defaultReport.TestDefaultReport"/>
  <testcase name="test3" time="0.000" classname="com.dcits.defaultReport.TestDefaultReport"/>
  <testcase name="test3" time="0.000" classname="com.dcits.defaultReport.TestDefaultReport"/>
  <testcase name="test3" time="0.000" classname="com.dcits.defaultReport.TestDefaultReport"/>
  <testcase name="test1" time="0.000" classname="com.dcits.defaultReport.TestDefaultReport"/>
  <testcase name="test3" time="0.000" classname="com.dcits.defaultReport.TestDefaultReport"/>
  <testcase name="test1" time="0.000" classname="com.dcits.defaultReport.TestDefaultReport"/>
  <testcase name="test1" time="0.000" classname="com.dcits.defaultReport.TestDefaultReport"/>
  <testcase name="test1" time="0.000" classname="com.dcits.defaultReport.TestDefaultReport"/>
  <testcase name="test1" time="0.000" classname="com.dcits.defaultReport.TestDefaultReport"/>
  <testcase name="test3" time="0.000" classname="com.dcits.defaultReport.TestDefaultReport"/>
  <testcase name="test1" time="0.000" classname="com.dcits.defaultReport.TestDefaultReport"/>
  <testcase name="test1" time="0.000" classname="com.dcits.defaultReport.TestDefaultReport"/>
  <testcase name="test1" time="0.000" classname="com.dcits.defaultReport.TestDefaultReport"/>
  <testcase name="test3" time="0.000" classname="com.dcits.defaultReport.TestDefaultReport"/>
  <testcase name="test3" time="0.000" classname="com.dcits.defaultReport.TestDefaultReport"/>
  <testcase name="test1" time="0.000" classname="com.dcits.defaultReport.TestDefaultReport"/>
  <testcase name="test3" time="0.000" classname="com.dcits.defaultReport.TestDefaultReport"/>
  <testcase name="test1" time="0.000" classname="com.dcits.defaultReport.TestDefaultReport"/>
  <testcase name="test1" time="0.000" classname="com.dcits.defaultReport.TestDefaultReport"/>
  <testcase name="test3" time="0.001" classname="com.dcits.defaultReport.TestDefaultReport"/>
  <testcase name="test3" time="0.000" classname="com.dcits.defaultReport.TestDefaultReport"/>
  <testcase name="test1" time="0.000" classname="com.dcits.defaultReport.TestDefaultReport"/>
  <testcase name="test1" time="0.000" classname="com.dcits.defaultReport.TestDefaultReport"/>
  <testcase name="test3" time="0.000" classname="com.dcits.defaultReport.TestDefaultReport"/>
  <testcase name="test1" time="0.000" classname="com.dcits.defaultReport.TestDefaultReport"/>
  <testcase name="test1" time="0.000" classname="com.dcits.defaultReport.TestDefaultReport"/>
  <testcase name="test3" time="0.000" classname="com.dcits.defaultReport.TestDefaultReport"/>
  <testcase name="test1" time="0.000" classname="com.dcits.defaultReport.TestDefaultReport"/>
  <testcase name="test3" time="0.000" classname="com.dcits.defaultReport.TestDefaultReport"/>
  <testcase name="test1" time="0.000" classname="com.dcits.defaultReport.TestDefaultReport"/>
  <testcase name="test3" time="0.000" classname="com.dcits.defaultReport.TestDefaultReport"/>
  <testcase name="test3" time="0.000" classname="com.dcits.defaultReport.TestDefaultReport"/>
  <testcase name="test3" time="0.000" classname="com.dcits.defaultReport.TestDefaultReport"/>
  <testcase name="test1" time="0.000" classname="com.dcits.defaultReport.TestDefaultReport"/>
  <testcase name="test1" time="0.000" classname="com.dcits.defaultReport.TestDefaultReport"/>
  <testcase name="test3" time="0.000" classname="com.dcits.defaultReport.TestDefaultReport"/>
  <testcase name="test1" time="0.000" classname="com.dcits.defaultReport.TestDefaultReport"/>
  <testcase name="test1" time="0.000" classname="com.dcits.defaultReport.TestDefaultReport"/>
  <testcase name="test3" time="0.000" classname="com.dcits.defaultReport.TestDefaultReport"/>
</testsuite> <!-- com.dcits.defaultReport.TestDefaultReport -->
