<?xml version="1.0" encoding="UTF-8"?>
<testng-results skipped="0" failed="1" ignored="0" total="2001" passed="2000">
  <reporter-output>
  </reporter-output>
  <suite name="Default Suite" duration-ms="485" started-at="2019-08-22T09:34:35Z" finished-at="2019-08-22T09:34:35Z">
    <groups>
    </groups>
    <test name="TestNG-demo" duration-ms="485" started-at="2019-08-22T09:34:35Z" finished-at="2019-08-22T09:34:35Z">
      <class name="com.dcits.defaultReport.TestDefaultReport">
        <test-method status="PASS" signature="test1()[pri:0, instance:com.dcits.defaultReport.TestDefaultReport@6956de9]" name="test1" duration-ms="13" started-at="2019-08-22T17:34:35Z" description="随机01" finished-at="2019-08-22T17:34:35Z">
          <reporter-output>
          </reporter-output>
        </test-method> <!-- test1 -->
        <test-method status="PASS" signature="test1()[pri:0, instance:com.dcits.defaultReport.TestDefaultReport@6956de9]" name="test1" duration-ms="1" started-at="2019-08-22T17:34:35Z" description="随机01" finished-at="2019-08-22T17:34:35Z">
          <reporter-output>
          </reporter-output>
        </test-method> <!-- test1 -->
        <test-method status="PASS" signature="test1()[pri:0, instance:com.dcits.defaultReport.TestDefaultReport@6956de9]" name="test1" duration-ms="1" started-at="2019-08-22T17:34:35Z" description="随机01" finished-at="2019-08-22T17:34:35Z">
          <reporter-output>
          </reporter-output>
        </test-method> <!-- test1 -->
        <test-method status="PASS" signature="test1()[pri:0, instance:com.dcits.defaultReport.TestDefaultReport@6956de9]" name="test1" duration-ms="0" started-at="2019-08-22T17:34:35Z" description="随机01" finished-at="2019-08-22T17:34:35Z">
          <reporter-output>
          </reporter-output>
        </test-method> <!-- test1 -->
        <test-method status="PASS" signature="test1()[pri:0, instance:com.dcits.defaultReport.TestDefaultReport@6956de9]" name="test1" duration-ms="0" started-at="2019-08-22T17:34:35Z" description="随机01" finished-at="2019-08-22T17:34:35Z">
          <reporter-output>
          </reporter-output>
        </test-method> <!-- test1 -->
        <test-method status="PASS" signature="test1()[pri:0, instance:com.dcits.defaultReport.TestDefaultReport@6956de9]" name="test1" duration-ms="0" started-at="2019-08-22T17:34:35Z" description="随机01" finished-at="2019-08-22T17:34:35Z">
          <reporter-output>
          </reporter-output>
        </test-method> <!-- test1 -->
        <test-method status="PASS" signature="test1()[pri:0, instance:com.dcits.defaultReport.TestDefaultReport@6956de9]" name="test1" duration-ms="0" started-at="2019-08-22T17:34:35Z" description="随机01" finished-at="2019-08-22T17:34:35Z">
          <reporter-output>
          </reporter-output>
        </test-method> <!-- test1 -->
        <test-method status="PASS" signature="test1()[pri:0, instance:com.dcits.defaultReport.TestDefaultReport@6956de9]" name="test1" duration-ms="0" started-at="2019-08-22T17:34:35Z" description="随机01" finished-at="2019-08-22T17:34:35Z">
          <reporter-output>
          </reporter-output>
        </test-method> <!-- test1 -->
        <test-method status="PASS" signature="test1()[pri:0, instance:com.dcits.defaultReport.TestDefaultReport@6956de9]" name="test1" duration-ms="0" started-at="2019-08-22T17:34:35Z" description="随机01" finished-at="2019-08-22T17:34:35Z">
          <reporter-output>
          </reporter-output>
        </test-method> <!-- test1 -->
        <test-method status="PASS" signature="test1()[pri:0, instance:com.dcits.defaultReport.TestDefaultReport@6956de9]" name="test1" duration-ms="0" started-at="2019-08-22T17:34:35Z" description="随机01" finished-at="2019-08-22T17:34:35Z">
          <reporter-output>
          </reporter-output>
        </test-method> <!-- test1 -->
        <test-method status="PASS" signature="test1()[pri:0, instance:com.dcits.defaultReport.TestDefaultReport@6956de9]" name="test1" duration-ms="0" started-at="2019-08-22T17:34:35Z" description="随机01" finished-at="2019-08-22T17:34:35Z">
          <reporter-output>
          </reporter-output>
        </test-method> <!-- test1 -->
        <test-method status="PASS" signature="test1()[pri:0, instance:com.dcits.defaultReport.TestDefaultReport@6956de9]" name="test1" duration-ms="0" started-at="2019-08-22T17:34:35Z" description="随机01" finished-at="2019-08-22T17:34:35Z">
          <reporter-output>
          </reporter-output>
        </test-method> <!-- test1 -->
        <test-method status="PASS" signature="test1()[pri:0, instance:com.dcits.defaultReport.TestDefaultReport@6956de9]" name="test1" duration-ms="0" started-at="2019-08-22T17:34:35Z" description="随机01" finished-at="2019-08-22T17:34:35Z">
          <reporter-output>
          </reporter-output>
        </test-method> <!-- test1 -->
        <test-method status="PASS" signature="test1()[pri:0, instance:com.dcits.defaultReport.TestDefaultReport@6956de9]" name="test1" duration-ms="0" started-at="2019-08-22T17:34:35Z" description="随机01" finished-at="2019-08-22T17:34:35Z">
          <reporter-output>
          </reporter-output>
        </test-method> <!-- test1 -->
        <test-method status="PASS" signature="test1()[pri:0, instance:com.dcits.defaultReport.TestDefaultReport@6956de9]" name="test1" duration-ms="1" started-at="2019-08-22T17:34:35Z" description="随机01" finished-at="2019-08-22T17:34:35Z">
          <reporter-output>
          </reporter-output>
        </test-method> <!-- test1 -->
        <test-method status="PASS" signature="test1()[pri:0, instance:com.dcits.defaultReport.TestDefaultReport@6956de9]" name="test1" duration-ms="1" started-at="2019-08-22T17:34:35Z" description="随机01" finished-at="2019-08-22T17:34:35Z">
          <reporter-output>
          </reporter-output>
        </test-method> <!-- test1 -->
        <test-method status="PASS" signature="test1()[pri:0, instance:com.dcits.defaultReport.TestDefaultReport@6956de9]" name="test1" duration-ms="0" started-at="2019-08-22T17:34:35Z" description="随机01" finished-at="2019-08-22T17:34:35Z">
          <reporter-output>
          </reporter-output>
        </test-method> <!-- test1 -->
        <test-method status="PASS" signature="test1()[pri:0, instance:com.dcits.defaultReport.TestDefaultReport@6956de9]" name="test1" duration-ms="0" started-at="2019-08-22T17:34:35Z" description="随机01" finished-at="2019-08-22T17:34:35Z">
          <reporter-output>
          </reporter-output>
        </test-method> <!-- test1 -->
        <test-method status="PASS" signature="test1()[pri:0, instance:com.dcits.defaultReport.TestDefaultReport@6956de9]" name="test1" duration-ms="0" started-at="2019-08-22T17:34:35Z" description="随机01" finished-at="2019-08-22T17:34:35Z">
          <reporter-output>
          </reporter-output>
        </test-method> <!-- test1 -->
        <test-method status="PASS" signature="test1()[pri:0, instance:com.dcits.defaultReport.TestDefaultReport@6956de9]" name="test1" duration-ms="0" started-at="2019-08-22T17:34:35Z" description="随机01" finished-at="2019-08-22T17:34:35Z">
          <reporter-output>
          </reporter-output>
        </test-method> <!-- test1 -->
        <test-method status="PASS" signature="test1()[pri:0, instance:com.dcits.defaultReport.TestDefaultReport@6956de9]" name="test1" duration-ms="0" started-at="2019-08-22T17:34:35Z" description="随机01" finished-at="2019-08-22T17:34:35Z">
          <reporter-output>
          </reporter-output>
        </test-method> <!-- test1 -->
        <test-method status="PASS" signature="test1()[pri:0, instance:com.dcits.defaultReport.TestDefaultReport@6956de9]" name="test1" duration-ms="0" started-at="2019-08-22T17:34:35Z" description="随机01" finished-at="2019-08-22T17:34:35Z">
          <reporter-output>
          </reporter-output>
        </test-method> <!-- test1 -->
        <test-method status="PASS" signature="test1()[pri:0, instance:com.dcits.defaultReport.TestDefaultReport@6956de9]" name="test1" duration-ms="1" started-at="2019-08-22T17:34:35Z" description="随机01" finished-at="2019-08-22T17:34:35Z">
          <reporter-output>
          </reporter-output>
        </test-method> <!-- test1 -->
        <test-method status="PASS" signature="test1()[pri:0, instance:com.dcits.defaultReport.TestDefaultReport@6956de9]" name="test1" duration-ms="0" started-at="2019-08-22T17:34:35Z" description="随机01" finished-at="2019-08-22T17:34:35Z">
          <reporter-output>
          </reporter-output>
        </test-method> <!-- test1 -->
        <test-method status="PASS" signature="test1()[pri:0, instance:com.dcits.defaultReport.TestDefaultReport@6956de9]" name="test1" duration-ms="0" started-at="2019-08-22T17:34:35Z" description="随机01" finished-at="2019-08-22T17:34:35Z">
          <reporter-output>
          </reporter-output>
        </test-method> <!-- test1 -->
        <test-method status="PASS" signature="test1()[pri:0, instance:com.dcits.defaultReport.TestDefaultReport@6956de9]" name="test1" duration-ms="0" started-at="2019-08-22T17:34:35Z" description="随机01" finished-at="2019-08-22T17:34:35Z">
          <reporter-output>
          </reporter-output>
        </test-method> <!-- test1 -->
        <test-method status="PASS" signature="test1()[pri:0, instance:com.dcits.defaultReport.TestDefaultReport@6956de9]" name="test1" duration-ms="6" started-at="2019-08-22T17:34:35Z" description="随机01" finished-at="2019-08-22T17:34:35Z">
          <reporter-output>
          </reporter-output>
        </test-method> <!-- test1 -->
        <test-method status="PASS" signature="test1()[pri:0, instance:com.dcits.defaultReport.TestDefaultReport@6956de9]" name="test1" duration-ms="0" started-at="2019-08-22T17:34:35Z" description="随机01" finished-at="2019-08-22T17:34:35Z">
          <reporter-output>
          </reporter-output>
        </test-method> <!-- test1 -->
        <test-method status="PASS" signature="test1()[pri:0, instance:com.dcits.defaultReport.TestDefaultReport@6956de9]" name="test1" duration-ms="0" started-at="2019-08-22T17:34:35Z" description="随机01" finished-at="2019-08-22T17:34:35Z">
          <reporter-output>
          </reporter-output>
        </test-method> <!-- test1 -->
        <test-method status="PASS" signature="test1()[pri:0, instance:com.dcits.defaultReport.TestDefaultReport@6956de9]" name="test1" duration-ms="1" started-at="2019-08-22T17:34:35Z" description="随机01" finished-at="2019-08-22T17:34:35Z">
          <reporter-output>
          </reporter-output>
        </test-method> <!-- test1 -->
        <test-method status="PASS" signature="test1()[pri:0, instance:com.dcits.defaultReport.TestDefaultReport@6956de9]" name="test1" duration-ms="0" started-at="2019-08-22T17:34:35Z" description="随机01" finished-at="2019-08-22T17:34:35Z">
          <reporter-output>
          </reporter-output>
        </test-method> <!-- test1 -->
        <test-method status="PASS" signature="test1()[pri:0, instance:com.dcits.defaultReport.TestDefaultReport@6956de9]" name="test1" duration-ms="0" started-at="2019-08-22T17:34:35Z" description="随机01" finished-at="2019-08-22T17:34:35Z">
          <reporter-output>
          </reporter-output>
        </test-method> <!-- test1 -->
        <test-method status="PASS" signature="test1()[pri:0, instance:com.dcits.defaultReport.TestDefaultReport@6956de9]" name="test1" duration-ms="0" started-at="2019-08-22T17:34:35Z" description="随机01" finished-at="2019-08-22T17:34:35Z">
          <reporter-output>
          </reporter-output>
        </test-method> <!-- test1 -->
        <test-method status="PASS" signature="test1()[pri:0, instance:com.dcits.defaultReport.TestDefaultReport@6956de9]" name="test1" duration-ms="0" started-at="2019-08-22T17:34:35Z" description="随机01" finished-at="2019-08-22T17:34:35Z">
          <reporter-output>
          </reporter-output>
        </test-method> <!-- test1 -->
        <test-method status="PASS" signature="test1()[pri:0, instance:com.dcits.defaultReport.TestDefaultReport@6956de9]" name="test1" duration-ms="0" started-at="2019-08-22T17:34:35Z" description="随机01" finished-at="2019-08-22T17:34:35Z">
          <reporter-output>
          </reporter-output>
        </test-method> <!-- test1 -->
        <test-method status="PASS" signature="test1()[pri:0, instance:com.dcits.defaultReport.TestDefaultReport@6956de9]" name="test1" duration-ms="0" started-at="2019-08-22T17:34:35Z" description="随机01" finished-at="2019-08-22T17:34:35Z">
          <reporter-output>
          </reporter-output>
        </test-method> <!-- test1 -->
        <test-method status="PASS" signature="test1()[pri:0, instance:com.dcits.defaultReport.TestDefaultReport@6956de9]" name="test1" duration-ms="0" started-at="2019-08-22T17:34:35Z" description="随机01" finished-at="2019-08-22T17:34:35Z">
          <reporter-output>
          </reporter-output>
        </test-method> <!-- test1 -->
        <test-method status="PASS" signature="test1()[pri:0, instance:com.dcits.defaultReport.TestDefaultReport@6956de9]" name="test1" duration-ms="1" started-at="2019-08-22T17:34:35Z" description="随机01" finished-at="2019-08-22T17:34:35Z">
          <reporter-output>
          </reporter-output>
        </test-method> <!-- test1 -->
        <test-method status="PASS" signature="test1()[pri:0, instance:com.dcits.defaultReport.TestDefaultReport@6956de9]" name="test1" duration-ms="0" started-at="2019-08-22T17:34:35Z" description="随机01" finished-at="2019-08-22T17:34:35Z">
          <reporter-output>
          </reporter-output>
        </test-method> <!-- test1 -->
        <test-method status="PASS" signature="test1()[pri:0, instance:com.dcits.defaultReport.TestDefaultReport@6956de9]" name="test1" duration-ms="0" started-at="2019-08-22T17:34:35Z" description="随机01" finished-at="2019-08-22T17:34:35Z">
          <reporter-output>
          </reporter-output>
        </test-method> <!-- test1 -->
        <test-method status="PASS" signature="test1()[pri:0, instance:com.dcits.defaultReport.TestDefaultReport@6956de9]" name="test1" duration-ms="1" started-at="2019-08-22T17:34:35Z" description="随机01" finished-at="2019-08-22T17:34:35Z">
          <reporter-output>
          </reporter-output>
        </test-method> <!-- test1 -->
        <test-method status="PASS" signature="test1()[pri:0, instance:com.dcits.defaultReport.TestDefaultReport@6956de9]" name="test1" duration-ms="0" started-at="2019-08-22T17:34:35Z" description="随机01" finished-at="2019-08-22T17:34:35Z">
          <reporter-output>
          </reporter-output>
        </test-method> <!-- test1 -->
        <test-method status="PASS" signature="test1()[pri:0, instance:com.dcits.defaultReport.TestDefaultReport@6956de9]" name="test1" duration-ms="0" started-at="2019-08-22T17:34:35Z" description="随机01" finished-at="2019-08-22T17:34:35Z">
          <reporter-output>
          </reporter-output>
        </test-method> <!-- test1 -->
        <test-method status="PASS" signature="test1()[pri:0, instance:com.dcits.defaultReport.TestDefaultReport@6956de9]" name="test1" duration-ms="0" started-at="2019-08-22T17:34:35Z" description="随机01" finished-at="2019-08-22T17:34:35Z">
          <reporter-output>
          </reporter-output>
        </test-method> <!-- test1 -->
        <test-method status="PASS" signature="test1()[pri:0, instance:com.dcits.defaultReport.TestDefaultReport@6956de9]" name="test1" duration-ms="0" started-at="2019-08-22T17:34:35Z" description="随机01" finished-at="2019-08-22T17:34:35Z">
          <reporter-output>
          </reporter-output>
        </test-method> <!-- test1 -->
        <test-method status="PASS" signature="test1()[pri:0, instance:com.dcits.defaultReport.TestDefaultReport@6956de9]" name="test1" duration-ms="0" started-at="2019-08-22T17:34:35Z" description="随机01" finished-at="2019-08-22T17:34:35Z">
          <reporter-output>
          </reporter-output>
        </test-method> <!-- test1 -->
        <test-method status="PASS" signature="test1()[pri:0, instance:com.dcits.defaultReport.TestDefaultReport@6956de9]" name="test1" duration-ms="0" started-at="2019-08-22T17:34:35Z" description="随机01" finished-at="2019-08-22T17:34:35Z">
          <reporter-output>
          </reporter-output>
        </test-method> <!-- test1 -->
        <test-method status="PASS" signature="test1()[pri:0, instance:com.dcits.defaultReport.TestDefaultReport@6956de9]" name="test1" duration-ms="0" started-at="2019-08-22T17:34:35Z" description="随机01" finished-at="2019-08-22T17:34:35Z">
          <reporter-output>
          </reporter-output>
        </test-method> <!-- test1 -->
        <test-method status="PASS" signature="test1()[pri:0, instance:com.dcits.defaultReport.TestDefaultReport@6956de9]" name="test1" duration-ms="1" started-at="2019-08-22T17:34:35Z" description="随机01" finished-at="2019-08-22T17:34:35Z">
          <reporter-output>
          </reporter-output>
        </test-method> <!-- test1 -->
        <test-method status="PASS" signature="test1()[pri:0, instance:com.dcits.defaultReport.TestDefaultReport@6956de9]" name="test1" duration-ms="0" started-at="2019-08-22T17:34:35Z" description="随机01" finished-at="2019-08-22T17:34:35Z">
          <reporter-output>
          </reporter-output>
        </test-method> <!-- test1 -->
        <test-method status="PASS" signature="test1()[pri:0, instance:com.dcits.defaultReport.TestDefaultReport@6956de9]" name="test1" duration-ms="1" started-at="2019-08-22T17:34:35Z" description="随机01" finished-at="2019-08-22T17:34:35Z">
          <reporter-output>
          </reporter-output>
        </test-method> <!-- test1 -->
        <test-method status="PASS" signature="test1()[pri:0, instance:com.dcits.defaultReport.TestDefaultReport@6956de9]" name="test1" duration-ms="1" started-at="2019-08-22T17:34:35Z" description="随机01" finished-at="2019-08-22T17:34:35Z">
          <reporter-output>
          </reporter-output>
        </test-method> <!-- test1 -->
        <test-method status="PASS" signature="test1()[pri:0, instance:com.dcits.defaultReport.TestDefaultReport@6956de9]" name="test1" duration-ms="0" started-at="2019-08-22T17:34:35Z" description="随机01" finished-at="2019-08-22T17:34:35Z">
          <reporter-output>
          </reporter-output>
        </test-method> <!-- test1 -->
        <test-method status="PASS" signature="test1()[pri:0, instance:com.dcits.defaultReport.TestDefaultReport@6956de9]" name="test1" duration-ms="0" started-at="2019-08-22T17:34:35Z" description="随机01" finished-at="2019-08-22T17:34:35Z">
          <reporter-output>
          </reporter-output>
        </test-method> <!-- test1 -->
        <test-method status="PASS" signature="test1()[pri:0, instance:com.dcits.defaultReport.TestDefaultReport@6956de9]" name="test1" duration-ms="0" started-at="2019-08-22T17:34:35Z" description="随机01" finished-at="2019-08-22T17:34:35Z">
          <reporter-output>
          </reporter-output>
        </test-method> <!-- test1 -->
        <test-method status="PASS" signature="test1()[pri:0, instance:com.dcits.defaultReport.TestDefaultReport@6956de9]" name="test1" duration-ms="0" started-at="2019-08-22T17:34:35Z" description="随机01" finished-at="2019-08-22T17:34:35Z">
          <reporter-output>
          </reporter-output>
        </test-method> <!-- test1 -->
        <test-method status="PASS" signature="test1()[pri:0, instance:com.dcits.defaultReport.TestDefaultReport@6956de9]" name="test1" duration-ms="1" started-at="2019-08-22T17:34:35Z" description="随机01" finished-at="2019-08-22T17:34:35Z">
          <reporter-output>
          </reporter-output>
        </test-method> <!-- test1 -->
        <test-method status="PASS" signature="test1()[pri:0, instance:com.dcits.defaultReport.TestDefaultReport@6956de9]" name="test1" duration-ms="0" started-at="2019-08-22T17:34:35Z" description="随机01" finished-at="2019-08-22T17:34:35Z">
          <reporter-output>
          </reporter-output>
        </test-method> <!-- test1 -->
        <test-method status="PASS" signature="test1()[pri:0, instance:com.dcits.defaultReport.TestDefaultReport@6956de9]" name="test1" duration-ms="0" started-at="2019-08-22T17:34:35Z" description="随机01" finished-at="2019-08-22T17:34:35Z">
          <reporter-output>
          </reporter-output>
        </test-method> <!-- test1 -->
        <test-method status="PASS" signature="test1()[pri:0, instance:com.dcits.defaultReport.TestDefaultReport@6956de9]" name="test1" duration-ms="0" started-at="2019-08-22T17:34:35Z" description="随机01" finished-at="2019-08-22T17:34:35Z">
          <reporter-output>
          </reporter-output>
        </test-method> <!-- test1 -->
        <test-method status="PASS" signature="test1()[pri:0, instance:com.dcits.defaultReport.TestDefaultReport@6956de9]" name="test1" duration-ms="1" started-at="2019-08-22T17:34:35Z" description="随机01" finished-at="2019-08-22T17:34:35Z">
          <reporter-output>
          </reporter-output>
        </test-method> <!-- test1 -->
        <test-method status="PASS" signature="test1()[pri:0, instance:com.dcits.defaultReport.TestDefaultReport@6956de9]" name="test1" duration-ms="0" started-at="2019-08-22T17:34:35Z" description="随机01" finished-at="2019-08-22T17:34:35Z">
          <reporter-output>
          </reporter-output>
        </test-method> <!-- test1 -->
        <test-method status="PASS" signature="test1()[pri:0, instance:com.dcits.defaultReport.TestDefaultReport@6956de9]" name="test1" duration-ms="0" started-at="2019-08-22T17:34:35Z" description="随机01" finished-at="2019-08-22T17:34:35Z">
          <reporter-output>
          </reporter-output>
        </test-method> <!-- test1 -->
        <test-method status="PASS" signature="test1()[pri:0, instance:com.dcits.defaultReport.TestDefaultReport@6956de9]" name="test1" duration-ms="1" started-at="2019-08-22T17:34:35Z" description="随机01" finished-at="2019-08-22T17:34:35Z">
          <reporter-output>
          </reporter-output>
        </test-method> <!-- test1 -->
        <test-method status="PASS" signature="test1()[pri:0, instance:com.dcits.defaultReport.TestDefaultReport@6956de9]" name="test1" duration-ms="0" started-at="2019-08-22T17:34:35Z" description="随机01" finished-at="2019-08-22T17:34:35Z">
          <reporter-output>
          </reporter-output>
        </test-method> <!-- test1 -->
        <test-method status="PASS" signature="test1()[pri:0, instance:com.dcits.defaultReport.TestDefaultReport@6956de9]" name="test1" duration-ms="0" started-at="2019-08-22T17:34:35Z" description="随机01" finished-at="2019-08-22T17:34:35Z">
          <reporter-output>
          </reporter-output>
        </test-method> <!-- test1 -->
        <test-method status="PASS" signature="test1()[pri:0, instance:com.dcits.defaultReport.TestDefaultReport@6956de9]" name="test1" duration-ms="0" started-at="2019-08-22T17:34:35Z" description="随机01" finished-at="2019-08-22T17:34:35Z">
          <reporter-output>
          </reporter-output>
        </test-method> <!-- test1 -->
        <test-method status="PASS" signature="test1()[pri:0, instance:com.dcits.defaultReport.TestDefaultReport@6956de9]" name="test1" duration-ms="0" started-at="2019-08-22T17:34:35Z" description="随机01" finished-at="2019-08-22T17:34:35Z">
          <reporter-output>
          </reporter-output>
        </test-method> <!-- test1 -->
        <test-method status="PASS" signature="test1()[pri:0, instance:com.dcits.defaultReport.TestDefaultReport@6956de9]" name="test1" duration-ms="0" started-at="2019-08-22T17:34:35Z" description="随机01" finished-at="2019-08-22T17:34:35Z">
          <reporter-output>
          </reporter-output>
        </test-method> <!-- test1 -->
        <test-method status="PASS" signature="test1()[pri:0, instance:com.dcits.defaultReport.TestDefaultReport@6956de9]" name="test1" duration-ms="0" started-at="2019-08-22T17:34:35Z" description="随机01" finished-at="2019-08-22T17:34:35Z">
          <reporter-output>
          </reporter-output>
        </test-method> <!-- test1 -->
        <test-method status="PASS" signature="test1()[pri:0, instance:com.dcits.defaultReport.TestDefaultReport@6956de9]" name="test1" duration-ms="0" started-at="2019-08-22T17:34:35Z" description="随机01" finished-at="2019-08-22T17:34:35Z">
          <reporter-output>
          </reporter-output>
        </test-method> <!-- test1 -->
        <test-method status="PASS" signature="test1()[pri:0, instance:com.dcits.defaultReport.TestDefaultReport@6956de9]" name="test1" duration-ms="0" started-at="2019-08-22T17:34:35Z" description="随机01" finished-at="2019-08-22T17:34:35Z">
          <reporter-output>
          </reporter-output>
        </test-method> <!-- test1 -->
        <test-method status="PASS" signature="test1()[pri:0, instance:com.dcits.defaultReport.TestDefaultReport@6956de9]" name="test1" duration-ms="0" started-at="2019-08-22T17:34:35Z" description="随机01" finished-at="2019-08-22T17:34:35Z">
          <reporter-output>
          </reporter-output>
        </test-method> <!-- test1 -->
        <test-method status="PASS" signature="test1()[pri:0, instance:com.dcits.defaultReport.TestDefaultReport@6956de9]" name="test1" duration-ms="1" started-at="2019-08-22T17:34:35Z" description="随机01" finished-at="2019-08-22T17:34:35Z">
          <reporter-output>
          </reporter-output>
        </test-method> <!-- test1 -->
        <test-method status="PASS" signature="test1()[pri:0, instance:com.dcits.defaultReport.TestDefaultReport@6956de9]" name="test1" duration-ms="1" started-at="2019-08-22T17:34:35Z" description="随机01" finished-at="2019-08-22T17:34:35Z">
          <reporter-output>
          </reporter-output>
        </test-method> <!-- test1 -->
        <test-method status="PASS" signature="test1()[pri:0, instance:com.dcits.defaultReport.TestDefaultReport@6956de9]" name="test1" duration-ms="0" started-at="2019-08-22T17:34:35Z" description="随机01" finished-at="2019-08-22T17:34:35Z">
          <reporter-output>
          </reporter-output>
        </test-method> <!-- test1 -->
        <test-method status="PASS" signature="test1()[pri:0, instance:com.dcits.defaultReport.TestDefaultReport@6956de9]" name="test1" duration-ms="0" started-at="2019-08-22T17:34:35Z" description="随机01" finished-at="2019-08-22T17:34:35Z">
          <reporter-output>
          </reporter-output>
        </test-method> <!-- test1 -->
        <test-method status="PASS" signature="test1()[pri:0, instance:com.dcits.defaultReport.TestDefaultReport@6956de9]" name="test1" duration-ms="0" started-at="2019-08-22T17:34:35Z" description="随机01" finished-at="2019-08-22T17:34:35Z">
          <reporter-output>
          </reporter-output>
        </test-method> <!-- test1 -->
        <test-method status="PASS" signature="test1()[pri:0, instance:com.dcits.defaultReport.TestDefaultReport@6956de9]" name="test1" duration-ms="0" started-at="2019-08-22T17:34:35Z" description="随机01" finished-at="2019-08-22T17:34:35Z">
          <reporter-output>
          </reporter-output>
        </test-method> <!-- test1 -->
        <test-method status="PASS" signature="test1()[pri:0, instance:com.dcits.defaultReport.TestDefaultReport@6956de9]" name="test1" duration-ms="0" started-at="2019-08-22T17:34:35Z" description="随机01" finished-at="2019-08-22T17:34:35Z">
          <reporter-output>
          </reporter-output>
        </test-method> <!-- test1 -->
        <test-method status="PASS" signature="test1()[pri:0, instance:com.dcits.defaultReport.TestDefaultReport@6956de9]" name="test1" duration-ms="0" started-at="2019-08-22T17:34:35Z" description="随机01" finished-at="2019-08-22T17:34:35Z">
          <reporter-output>
          </reporter-output>
        </test-method> <!-- test1 -->
        <test-method status="PASS" signature="test1()[pri:0, instance:com.dcits.defaultReport.TestDefaultReport@6956de9]" name="test1" duration-ms="0" started-at="2019-08-22T17:34:35Z" description="随机01" finished-at="2019-08-22T17:34:35Z">
          <reporter-output>
          </reporter-output>
        </test-method> <!-- test1 -->
        <test-method status="PASS" signature="test1()[pri:0, instance:com.dcits.defaultReport.TestDefaultReport@6956de9]" name="test1" duration-ms="0" started-at="2019-08-22T17:34:35Z" description="随机01" finished-at="2019-08-22T17:34:35Z">
          <reporter-output>
          </reporter-output>
        </test-method> <!-- test1 -->
        <test-method status="PASS" signature="test1()[pri:0, instance:com.dcits.defaultReport.TestDefaultReport@6956de9]" name="test1" duration-ms="0" started-at="2019-08-22T17:34:35Z" description="随机01" finished-at="2019-08-22T17:34:35Z">
          <reporter-output>
          </reporter-output>
        </test-method> <!-- test1 -->
        <test-method status="PASS" signature="test1()[pri:0, instance:com.dcits.defaultReport.TestDefaultReport@6956de9]" name="test1" duration-ms="0" started-at="2019-08-22T17:34:35Z" description="随机01" finished-at="2019-08-22T17:34:35Z">
          <reporter-output>
          </reporter-output>
        </test-method> <!-- test1 -->
        <test-method status="PASS" signature="test1()[pri:0, instance:com.dcits.defaultReport.TestDefaultReport@6956de9]" name="test1" duration-ms="0" started-at="2019-08-22T17:34:35Z" description="随机01" finished-at="2019-08-22T17:34:35Z">
          <reporter-output>
          </reporter-output>
        </test-method> <!-- test1 -->
        <test-method status="PASS" signature="test1()[pri:0, instance:com.dcits.defaultReport.TestDefaultReport@6956de9]" name="test1" duration-ms="0" started-at="2019-08-22T17:34:35Z" description="随机01" finished-at="2019-08-22T17:34:35Z">
          <reporter-output>
          </reporter-output>
        </test-method> <!-- test1 -->
        <test-method status="PASS" signature="test1()[pri:0, instance:com.dcits.defaultReport.TestDefaultReport@6956de9]" name="test1" duration-ms="0" started-at="2019-08-22T17:34:35Z" description="随机01" finished-at="2019-08-22T17:34:35Z">
          <reporter-output>
          </reporter-output>
        </test-method> <!-- test1 -->
        <test-method status="PASS" signature="test1()[pri:0, instance:com.dcits.defaultReport.TestDefaultReport@6956de9]" name="test1" duration-ms="1" started-at="2019-08-22T17:34:35Z" description="随机01" finished-at="2019-08-22T17:34:35Z">
          <reporter-output>
          </reporter-output>
        </test-method> <!-- test1 -->
        <test-method status="PASS" signature="test1()[pri:0, instance:com.dcits.defaultReport.TestDefaultReport@6956de9]" name="test1" duration-ms="0" started-at="2019-08-22T17:34:35Z" description="随机01" finished-at="2019-08-22T17:34:35Z">
          <reporter-output>
          </reporter-output>
        </test-method> <!-- test1 -->
        <test-method status="PASS" signature="test1()[pri:0, instance:com.dcits.defaultReport.TestDefaultReport@6956de9]" name="test1" duration-ms="0" started-at="2019-08-22T17:34:35Z" description="随机01" finished-at="2019-08-22T17:34:35Z">
          <reporter-output>
          </reporter-output>
        </test-method> <!-- test1 -->
        <test-method status="PASS" signature="test1()[pri:0, instance:com.dcits.defaultReport.TestDefaultReport@6956de9]" name="test1" duration-ms="0" started-at="2019-08-22T17:34:35Z" description="随机01" finished-at="2019-08-22T17:34:35Z">
          <reporter-output>
          </reporter-output>
        </test-method> <!-- test1 -->
        <test-method status="PASS" signature="test1()[pri:0, instance:com.dcits.defaultReport.TestDefaultReport@6956de9]" name="test1" duration-ms="0" started-at="2019-08-22T17:34:35Z" description="随机01" finished-at="2019-08-22T17:34:35Z">
          <reporter-output>
          </reporter-output>
        </test-method> <!-- test1 -->
        <test-method status="PASS" signature="test1()[pri:0, instance:com.dcits.defaultReport.TestDefaultReport@6956de9]" name="test1" duration-ms="0" started-at="2019-08-22T17:34:35Z" description="随机01" finished-at="2019-08-22T17:34:35Z">
          <reporter-output>
          </reporter-output>
        </test-method> <!-- test1 -->
        <test-method status="PASS" signature="test1()[pri:0, instance:com.dcits.defaultReport.TestDefaultReport@6956de9]" name="test1" duration-ms="0" started-at="2019-08-22T17:34:35Z" description="随机01" finished-at="2019-08-22T17:34:35Z">
          <reporter-output>
          </reporter-output>
        </test-method> <!-- test1 -->
        <test-method status="PASS" signature="test1()[pri:0, instance:com.dcits.defaultReport.TestDefaultReport@6956de9]" name="test1" duration-ms="0" started-at="2019-08-22T17:34:35Z" description="随机01" finished-at="2019-08-22T17:34:35Z">
          <reporter-output>
          </reporter-output>
        </test-method> <!-- test1 -->
        <test-method status="PASS" signature="test1()[pri:0, instance:com.dcits.defaultReport.TestDefaultReport@6956de9]" name="test1" duration-ms="0" started-at="2019-08-22T17:34:35Z" description="随机01" finished-at="2019-08-22T17:34:35Z">
          <reporter-output>
          </reporter-output>
        </test-method> <!-- test1 -->
        <test-method status="PASS" signature="test1()[pri:0, instance:com.dcits.defaultReport.TestDefaultReport@6956de9]" name="test1" duration-ms="0" started-at="2019-08-22T17:34:35Z" description="随机01" finished-at="2019-08-22T17:34:35Z">
          <reporter-output>
          </reporter-output>
        </test-method> <!-- test1 -->
        <test-method status="PASS" signature="test1()[pri:0, instance:com.dcits.defaultReport.TestDefaultReport@6956de9]" name="test1" duration-ms="0" started-at="2019-08-22T17:34:35Z" description="随机01" finished-at="2019-08-22T17:34:35Z">
          <reporter-output>
          </reporter-output>
        </test-method> <!-- test1 -->
        <test-method status="PASS" signature="test1()[pri:0, instance:com.dcits.defaultReport.TestDefaultReport@6956de9]" name="test1" duration-ms="0" started-at="2019-08-22T17:34:35Z" description="随机01" finished-at="2019-08-22T17:34:35Z">
          <reporter-output>
          </reporter-output>
        </test-method> <!-- test1 -->
        <test-method status="PASS" signature="test1()[pri:0, instance:com.dcits.defaultReport.TestDefaultReport@6956de9]" name="test1" duration-ms="0" started-at="2019-08-22T17:34:35Z" description="随机01" finished-at="2019-08-22T17:34:35Z">
          <reporter-output>
          </reporter-output>
        </test-method> <!-- test1 -->
        <test-method status="PASS" signature="test1()[pri:0, instance:com.dcits.defaultReport.TestDefaultReport@6956de9]" name="test1" duration-ms="1" started-at="2019-08-22T17:34:35Z" description="随机01" finished-at="2019-08-22T17:34:35Z">
          <reporter-output>
          </reporter-output>
        </test-method> <!-- test1 -->
        <test-method status="PASS" signature="test1()[pri:0, instance:com.dcits.defaultReport.TestDefaultReport@6956de9]" name="test1" duration-ms="0" started-at="2019-08-22T17:34:35Z" description="随机01" finished-at="2019-08-22T17:34:35Z">
          <reporter-output>
          </reporter-output>
        </test-method> <!-- test1 -->
        <test-method status="PASS" signature="test1()[pri:0, instance:com.dcits.defaultReport.TestDefaultReport@6956de9]" name="test1" duration-ms="0" started-at="2019-08-22T17:34:35Z" description="随机01" finished-at="2019-08-22T17:34:35Z">
          <reporter-output>
          </reporter-output>
        </test-method> <!-- test1 -->
        <test-method status="PASS" signature="test1()[pri:0, instance:com.dcits.defaultReport.TestDefaultReport@6956de9]" name="test1" duration-ms="1" started-at="2019-08-22T17:34:35Z" description="随机01" finished-at="2019-08-22T17:34:35Z">
          <reporter-output>
          </reporter-output>
        </test-method> <!-- test1 -->
        <test-method status="PASS" signature="test1()[pri:0, instance:com.dcits.defaultReport.TestDefaultReport@6956de9]" name="test1" duration-ms="0" started-at="2019-08-22T17:34:35Z" description="随机01" finished-at="2019-08-22T17:34:35Z">
          <reporter-output>
          </reporter-output>
        </test-method> <!-- test1 -->
        <test-method status="PASS" signature="test1()[pri:0, instance:com.dcits.defaultReport.TestDefaultReport@6956de9]" name="test1" duration-ms="0" started-at="2019-08-22T17:34:35Z" description="随机01" finished-at="2019-08-22T17:34:35Z">
          <reporter-output>
          </reporter-output>
        </test-method> <!-- test1 -->
        <test-method status="PASS" signature="test1()[pri:0, instance:com.dcits.defaultReport.TestDefaultReport@6956de9]" name="test1" duration-ms="0" started-at="2019-08-22T17:34:35Z" description="随机01" finished-at="2019-08-22T17:34:35Z">
          <reporter-output>
          </reporter-output>
        </test-method> <!-- test1 -->
        <test-method status="PASS" signature="test1()[pri:0, instance:com.dcits.defaultReport.TestDefaultReport@6956de9]" name="test1" duration-ms="0" started-at="2019-08-22T17:34:35Z" description="随机01" finished-at="2019-08-22T17:34:35Z">
          <reporter-output>
          </reporter-output>
        </test-method> <!-- test1 -->
        <test-method status="PASS" signature="test1()[pri:0, instance:com.dcits.defaultReport.TestDefaultReport@6956de9]" name="test1" duration-ms="0" started-at="2019-08-22T17:34:35Z" description="随机01" finished-at="2019-08-22T17:34:35Z">
          <reporter-output>
          </reporter-output>
        </test-method> <!-- test1 -->
        <test-method status="PASS" signature="test1()[pri:0, instance:com.dcits.defaultReport.TestDefaultReport@6956de9]" name="test1" duration-ms="0" started-at="2019-08-22T17:34:35Z" description="随机01" finished-at="2019-08-22T17:34:35Z">
          <reporter-output>
          </reporter-output>
        </test-method> <!-- test1 -->
        <test-method status="PASS" signature="test1()[pri:0, instance:com.dcits.defaultReport.TestDefaultReport@6956de9]" name="test1" duration-ms="1" started-at="2019-08-22T17:34:35Z" description="随机01" finished-at="2019-08-22T17:34:35Z">
          <reporter-output>
          </reporter-output>
        </test-method> <!-- test1 -->
        <test-method status="PASS" signature="test1()[pri:0, instance:com.dcits.defaultReport.TestDefaultReport@6956de9]" name="test1" duration-ms="0" started-at="2019-08-22T17:34:35Z" description="随机01" finished-at="2019-08-22T17:34:35Z">
          <reporter-output>
          </reporter-output>
        </test-method> <!-- test1 -->
        <test-method status="PASS" signature="test1()[pri:0, instance:com.dcits.defaultReport.TestDefaultReport@6956de9]" name="test1" duration-ms="0" started-at="2019-08-22T17:34:35Z" description="随机01" finished-at="2019-08-22T17:34:35Z">
          <reporter-output>
          </reporter-output>
        </test-method> <!-- test1 -->
        <test-method status="PASS" signature="test1()[pri:0, instance:com.dcits.defaultReport.TestDefaultReport@6956de9]" name="test1" duration-ms="1" started-at="2019-08-22T17:34:35Z" description="随机01" finished-at="2019-08-22T17:34:35Z">
          <reporter-output>
          </reporter-output>
        </test-method> <!-- test1 -->
        <test-method status="PASS" signature="test1()[pri:0, instance:com.dcits.defaultReport.TestDefaultReport@6956de9]" name="test1" duration-ms="0" started-at="2019-08-22T17:34:35Z" description="随机01" finished-at="2019-08-22T17:34:35Z">
          <reporter-output>
          </reporter-output>
        </test-method> <!-- test1 -->
        <test-method status="PASS" signature="test1()[pri:0, instance:com.dcits.defaultReport.TestDefaultReport@6956de9]" name="test1" duration-ms="0" started-at="2019-08-22T17:34:35Z" description="随机01" finished-at="2019-08-22T17:34:35Z">
          <reporter-output>
          </reporter-output>
        </test-method> <!-- test1 -->
        <test-method status="PASS" signature="test1()[pri:0, instance:com.dcits.defaultReport.TestDefaultReport@6956de9]" name="test1" duration-ms="0" started-at="2019-08-22T17:34:35Z" description="随机01" finished-at="2019-08-22T17:34:35Z">
          <reporter-output>
          </reporter-output>
        </test-method> <!-- test1 -->
        <test-method status="PASS" signature="test1()[pri:0, instance:com.dcits.defaultReport.TestDefaultReport@6956de9]" name="test1" duration-ms="0" started-at="2019-08-22T17:34:35Z" description="随机01" finished-at="2019-08-22T17:34:35Z">
          <reporter-output>
          </reporter-output>
        </test-method> <!-- test1 -->
        <test-method status="PASS" signature="test1()[pri:0, instance:com.dcits.defaultReport.TestDefaultReport@6956de9]" name="test1" duration-ms="1" started-at="2019-08-22T17:34:35Z" description="随机01" finished-at="2019-08-22T17:34:35Z">
          <reporter-output>
          </reporter-output>
        </test-method> <!-- test1 -->
        <test-method status="PASS" signature="test1()[pri:0, instance:com.dcits.defaultReport.TestDefaultReport@6956de9]" name="test1" duration-ms="0" started-at="2019-08-22T17:34:35Z" description="随机01" finished-at="2019-08-22T17:34:35Z">
          <reporter-output>
          </reporter-output>
        </test-method> <!-- test1 -->
        <test-method status="PASS" signature="test1()[pri:0, instance:com.dcits.defaultReport.TestDefaultReport@6956de9]" name="test1" duration-ms="0" started-at="2019-08-22T17:34:35Z" description="随机01" finished-at="2019-08-22T17:34:35Z">
          <reporter-output>
          </reporter-output>
        </test-method> <!-- test1 -->
        <test-method status="PASS" signature="test1()[pri:0, instance:com.dcits.defaultReport.TestDefaultReport@6956de9]" name="test1" duration-ms="0" started-at="2019-08-22T17:34:35Z" description="随机01" finished-at="2019-08-22T17:34:35Z">
          <reporter-output>
          </reporter-output>
        </test-method> <!-- test1 -->
        <test-method status="PASS" signature="test1()[pri:0, instance:com.dcits.defaultReport.TestDefaultReport@6956de9]" name="test1" duration-ms="1" started-at="2019-08-22T17:34:35Z" description="随机01" finished-at="2019-08-22T17:34:35Z">
          <reporter-output>
          </reporter-output>
        </test-method> <!-- test1 -->
        <test-method status="PASS" signature="test1()[pri:0, instance:com.dcits.defaultReport.TestDefaultReport@6956de9]" name="test1" duration-ms="1" started-at="2019-08-22T17:34:35Z" description="随机01" finished-at="2019-08-22T17:34:35Z">
          <reporter-output>
          </reporter-output>
        </test-method> <!-- test1 -->
        <test-method status="PASS" signature="test1()[pri:0, instance:com.dcits.defaultReport.TestDefaultReport@6956de9]" name="test1" duration-ms="0" started-at="2019-08-22T17:34:35Z" description="随机01" finished-at="2019-08-22T17:34:35Z">
          <reporter-output>
          </reporter-output>
        </test-method> <!-- test1 -->
        <test-method status="PASS" signature="test1()[pri:0, instance:com.dcits.defaultReport.TestDefaultReport@6956de9]" name="test1" duration-ms="0" started-at="2019-08-22T17:34:35Z" description="随机01" finished-at="2019-08-22T17:34:35Z">
          <reporter-output>
          </reporter-output>
        </test-method> <!-- test1 -->
        <test-method status="PASS" signature="test1()[pri:0, instance:com.dcits.defaultReport.TestDefaultReport@6956de9]" name="test1" duration-ms="0" started-at="2019-08-22T17:34:35Z" description="随机01" finished-at="2019-08-22T17:34:35Z">
          <reporter-output>
          </reporter-output>
        </test-method> <!-- test1 -->
        <test-method status="PASS" signature="test1()[pri:0, instance:com.dcits.defaultReport.TestDefaultReport@6956de9]" name="test1" duration-ms="0" started-at="2019-08-22T17:34:35Z" description="随机01" finished-at="2019-08-22T17:34:35Z">
          <reporter-output>
          </reporter-output>
        </test-method> <!-- test1 -->
        <test-method status="PASS" signature="test1()[pri:0, instance:com.dcits.defaultReport.TestDefaultReport@6956de9]" name="test1" duration-ms="0" started-at="2019-08-22T17:34:35Z" description="随机01" finished-at="2019-08-22T17:34:35Z">
          <reporter-output>
          </reporter-output>
        </test-method> <!-- test1 -->
        <test-method status="PASS" signature="test1()[pri:0, instance:com.dcits.defaultReport.TestDefaultReport@6956de9]" name="test1" duration-ms="0" started-at="2019-08-22T17:34:35Z" description="随机01" finished-at="2019-08-22T17:34:35Z">
          <reporter-output>
          </reporter-output>
        </test-method> <!-- test1 -->
        <test-method status="PASS" signature="test1()[pri:0, instance:com.dcits.defaultReport.TestDefaultReport@6956de9]" name="test1" duration-ms="1" started-at="2019-08-22T17:34:35Z" description="随机01" finished-at="2019-08-22T17:34:35Z">
          <reporter-output>
          </reporter-output>
        </test-method> <!-- test1 -->
        <test-method status="PASS" signature="test1()[pri:0, instance:com.dcits.defaultReport.TestDefaultReport@6956de9]" name="test1" duration-ms="0" started-at="2019-08-22T17:34:35Z" description="随机01" finished-at="2019-08-22T17:34:35Z">
          <reporter-output>
          </reporter-output>
        </test-method> <!-- test1 -->
        <test-method status="PASS" signature="test1()[pri:0, instance:com.dcits.defaultReport.TestDefaultReport@6956de9]" name="test1" duration-ms="0" started-at="2019-08-22T17:34:35Z" description="随机01" finished-at="2019-08-22T17:34:35Z">
          <reporter-output>
          </reporter-output>
        </test-method> <!-- test1 -->
        <test-method status="PASS" signature="test1()[pri:0, instance:com.dcits.defaultReport.TestDefaultReport@6956de9]" name="test1" duration-ms="1" started-at="2019-08-22T17:34:35Z" description="随机01" finished-at="2019-08-22T17:34:35Z">
          <reporter-output>
          </reporter-output>
        </test-method> <!-- test1 -->
        <test-method status="PASS" signature="test1()[pri:0, instance:com.dcits.defaultReport.TestDefaultReport@6956de9]" name="test1" duration-ms="0" started-at="2019-08-22T17:34:35Z" description="随机01" finished-at="2019-08-22T17:34:35Z">
          <reporter-output>
          </reporter-output>
        </test-method> <!-- test1 -->
        <test-method status="PASS" signature="test1()[pri:0, instance:com.dcits.defaultReport.TestDefaultReport@6956de9]" name="test1" duration-ms="1" started-at="2019-08-22T17:34:35Z" description="随机01" finished-at="2019-08-22T17:34:35Z">
          <reporter-output>
          </reporter-output>
        </test-method> <!-- test1 -->
        <test-method status="PASS" signature="test1()[pri:0, instance:com.dcits.defaultReport.TestDefaultReport@6956de9]" name="test1" duration-ms="0" started-at="2019-08-22T17:34:35Z" description="随机01" finished-at="2019-08-22T17:34:35Z">
          <reporter-output>
          </reporter-output>
        </test-method> <!-- test1 -->
        <test-method status="PASS" signature="test1()[pri:0, instance:com.dcits.defaultReport.TestDefaultReport@6956de9]" name="test1" duration-ms="0" started-at="2019-08-22T17:34:35Z" description="随机01" finished-at="2019-08-22T17:34:35Z">
          <reporter-output>
          </reporter-output>
        </test-method> <!-- test1 -->
        <test-method status="PASS" signature="test1()[pri:0, instance:com.dcits.defaultReport.TestDefaultReport@6956de9]" name="test1" duration-ms="0" started-at="2019-08-22T17:34:35Z" description="随机01" finished-at="2019-08-22T17:34:35Z">
          <reporter-output>
          </reporter-output>
        </test-method> <!-- test1 -->
        <test-method status="PASS" signature="test1()[pri:0, instance:com.dcits.defaultReport.TestDefaultReport@6956de9]" name="test1" duration-ms="0" started-at="2019-08-22T17:34:35Z" description="随机01" finished-at="2019-08-22T17:34:35Z">
          <reporter-output>
          </reporter-output>
        </test-method> <!-- test1 -->
        <test-method status="PASS" signature="test1()[pri:0, instance:com.dcits.defaultReport.TestDefaultReport@6956de9]" name="test1" duration-ms="0" started-at="2019-08-22T17:34:35Z" description="随机01" finished-at="2019-08-22T17:34:35Z">
          <reporter-output>
          </reporter-output>
        </test-method> <!-- test1 -->
        <test-method status="PASS" signature="test1()[pri:0, instance:com.dcits.defaultReport.TestDefaultReport@6956de9]" name="test1" duration-ms="1" started-at="2019-08-22T17:34:35Z" description="随机01" finished-at="2019-08-22T17:34:35Z">
          <reporter-output>
          </reporter-output>
        </test-method> <!-- test1 -->
        <test-method status="PASS" signature="test1()[pri:0, instance:com.dcits.defaultReport.TestDefaultReport@6956de9]" name="test1" duration-ms="0" started-at="2019-08-22T17:34:35Z" description="随机01" finished-at="2019-08-22T17:34:35Z">
          <reporter-output>
          </reporter-output>
        </test-method> <!-- test1 -->
        <test-method status="PASS" signature="test1()[pri:0, instance:com.dcits.defaultReport.TestDefaultReport@6956de9]" name="test1" duration-ms="0" started-at="2019-08-22T17:34:35Z" description="随机01" finished-at="2019-08-22T17:34:35Z">
          <reporter-output>
          </reporter-output>
        </test-method> <!-- test1 -->
        <test-method status="PASS" signature="test1()[pri:0, instance:com.dcits.defaultReport.TestDefaultReport@6956de9]" name="test1" duration-ms="1" started-at="2019-08-22T17:34:35Z" description="随机01" finished-at="2019-08-22T17:34:35Z">
          <reporter-output>
          </reporter-output>
        </test-method> <!-- test1 -->
        <test-method status="PASS" signature="test1()[pri:0, instance:com.dcits.defaultReport.TestDefaultReport@6956de9]" name="test1" duration-ms="0" started-at="2019-08-22T17:34:35Z" description="随机01" finished-at="2019-08-22T17:34:35Z">
          <reporter-output>
          </reporter-output>
        </test-method> <!-- test1 -->
        <test-method status="PASS" signature="test1()[pri:0, instance:com.dcits.defaultReport.TestDefaultReport@6956de9]" name="test1" duration-ms="0" started-at="2019-08-22T17:34:35Z" description="随机01" finished-at="2019-08-22T17:34:35Z">
          <reporter-output>
          </reporter-output>
        </test-method> <!-- test1 -->
        <test-method status="PASS" signature="test1()[pri:0, instance:com.dcits.defaultReport.TestDefaultReport@6956de9]" name="test1" duration-ms="0" started-at="2019-08-22T17:34:35Z" description="随机01" finished-at="2019-08-22T17:34:35Z">
          <reporter-output>
          </reporter-output>
        </test-method> <!-- test1 -->
        <test-method status="PASS" signature="test1()[pri:0, instance:com.dcits.defaultReport.TestDefaultReport@6956de9]" name="test1" duration-ms="1" started-at="2019-08-22T17:34:35Z" description="随机01" finished-at="2019-08-22T17:34:35Z">
          <reporter-output>
          </reporter-output>
        </test-method> <!-- test1 -->
        <test-method status="PASS" signature="test1()[pri:0, instance:com.dcits.defaultReport.TestDefaultReport@6956de9]" name="test1" duration-ms="0" started-at="2019-08-22T17:34:35Z" description="随机01" finished-at="2019-08-22T17:34:35Z">
          <reporter-output>
          </reporter-output>
        </test-method> <!-- test1 -->
        <test-method status="PASS" signature="test1()[pri:0, instance:com.dcits.defaultReport.TestDefaultReport@6956de9]" name="test1" duration-ms="0" started-at="2019-08-22T17:34:35Z" description="随机01" finished-at="2019-08-22T17:34:35Z">
          <reporter-output>
          </reporter-output>
        </test-method> <!-- test1 -->
        <test-method status="PASS" signature="test1()[pri:0, instance:com.dcits.defaultReport.TestDefaultReport@6956de9]" name="test1" duration-ms="0" started-at="2019-08-22T17:34:35Z" description="随机01" finished-at="2019-08-22T17:34:35Z">
          <reporter-output>
          </reporter-output>
        </test-method> <!-- test1 -->
        <test-method status="PASS" signature="test1()[pri:0, instance:com.dcits.defaultReport.TestDefaultReport@6956de9]" name="test1" duration-ms="1" started-at="2019-08-22T17:34:35Z" description="随机01" finished-at="2019-08-22T17:34:35Z">
          <reporter-output>
          </reporter-output>
        </test-method> <!-- test1 -->
        <test-method status="PASS" signature="test1()[pri:0, instance:com.dcits.defaultReport.TestDefaultReport@6956de9]" name="test1" duration-ms="1" started-at="2019-08-22T17:34:35Z" description="随机01" finished-at="2019-08-22T17:34:35Z">
          <reporter-output>
          </reporter-output>
        </test-method> <!-- test1 -->
        <test-method status="PASS" signature="test1()[pri:0, instance:com.dcits.defaultReport.TestDefaultReport@6956de9]" name="test1" duration-ms="0" started-at="2019-08-22T17:34:35Z" description="随机01" finished-at="2019-08-22T17:34:35Z">
          <reporter-output>
          </reporter-output>
        </test-method> <!-- test1 -->
        <test-method status="PASS" signature="test1()[pri:0, instance:com.dcits.defaultReport.TestDefaultReport@6956de9]" name="test1" duration-ms="0" started-at="2019-08-22T17:34:35Z" description="随机01" finished-at="2019-08-22T17:34:35Z">
          <reporter-output>
          </reporter-output>
        </test-method> <!-- test1 -->
        <test-method status="PASS" signature="test1()[pri:0, instance:com.dcits.defaultReport.TestDefaultReport@6956de9]" name="test1" duration-ms="0" started-at="2019-08-22T17:34:35Z" description="随机01" finished-at="2019-08-22T17:34:35Z">
          <reporter-output>
          </reporter-output>
        </test-method> <!-- test1 -->
        <test-method status="PASS" signature="test1()[pri:0, instance:com.dcits.defaultReport.TestDefaultReport@6956de9]" name="test1" duration-ms="1" started-at="2019-08-22T17:34:35Z" description="随机01" finished-at="2019-08-22T17:34:35Z">
          <reporter-output>
          </reporter-output>
        </test-method> <!-- test1 -->
        <test-method status="PASS" signature="test1()[pri:0, instance:com.dcits.defaultReport.TestDefaultReport@6956de9]" name="test1" duration-ms="1" started-at="2019-08-22T17:34:35Z" description="随机01" finished-at="2019-08-22T17:34:35Z">
          <reporter-output>
          </reporter-output>
        </test-method> <!-- test1 -->
        <test-method status="PASS" signature="test1()[pri:0, instance:com.dcits.defaultReport.TestDefaultReport@6956de9]" name="test1" duration-ms="0" started-at="2019-08-22T17:34:35Z" description="随机01" finished-at="2019-08-22T17:34:35Z">
          <reporter-output>
          </reporter-output>
        </test-method> <!-- test1 -->
        <test-method status="PASS" signature="test1()[pri:0, instance:com.dcits.defaultReport.TestDefaultReport@6956de9]" name="test1" duration-ms="0" started-at="2019-08-22T17:34:35Z" description="随机01" finished-at="2019-08-22T17:34:35Z">
          <reporter-output>
          </reporter-output>
        </test-method> <!-- test1 -->
        <test-method status="PASS" signature="test1()[pri:0, instance:com.dcits.defaultReport.TestDefaultReport@6956de9]" name="test1" duration-ms="0" started-at="2019-08-22T17:34:35Z" description="随机01" finished-at="2019-08-22T17:34:35Z">
          <reporter-output>
          </reporter-output>
        </test-method> <!-- test1 -->
        <test-method status="PASS" signature="test1()[pri:0, instance:com.dcits.defaultReport.TestDefaultReport@6956de9]" name="test1" duration-ms="0" started-at="2019-08-22T17:34:35Z" description="随机01" finished-at="2019-08-22T17:34:35Z">
          <reporter-output>
          </reporter-output>
        </test-method> <!-- test1 -->
        <test-method status="PASS" signature="test1()[pri:0, instance:com.dcits.defaultReport.TestDefaultReport@6956de9]" name="test1" duration-ms="0" started-at="2019-08-22T17:34:35Z" description="随机01" finished-at="2019-08-22T17:34:35Z">
          <reporter-output>
          </reporter-output>
        </test-method> <!-- test1 -->
        <test-method status="PASS" signature="test1()[pri:0, instance:com.dcits.defaultReport.TestDefaultReport@6956de9]" name="test1" duration-ms="0" started-at="2019-08-22T17:34:35Z" description="随机01" finished-at="2019-08-22T17:34:35Z">
          <reporter-output>
          </reporter-output>
        </test-method> <!-- test1 -->
        <test-method status="PASS" signature="test1()[pri:0, instance:com.dcits.defaultReport.TestDefaultReport@6956de9]" name="test1" duration-ms="0" started-at="2019-08-22T17:34:35Z" description="随机01" finished-at="2019-08-22T17:34:35Z">
          <reporter-output>
          </reporter-output>
        </test-method> <!-- test1 -->
        <test-method status="PASS" signature="test1()[pri:0, instance:com.dcits.defaultReport.TestDefaultReport@6956de9]" name="test1" duration-ms="0" started-at="2019-08-22T17:34:35Z" description="随机01" finished-at="2019-08-22T17:34:35Z">
          <reporter-output>
          </reporter-output>
        </test-method> <!-- test1 -->
        <test-method status="PASS" signature="test1()[pri:0, instance:com.dcits.defaultReport.TestDefaultReport@6956de9]" name="test1" duration-ms="0" started-at="2019-08-22T17:34:35Z" description="随机01" finished-at="2019-08-22T17:34:35Z">
          <reporter-output>
          </reporter-output>
        </test-method> <!-- test1 -->
        <test-method status="PASS" signature="test1()[pri:0, instance:com.dcits.defaultReport.TestDefaultReport@6956de9]" name="test1" duration-ms="0" started-at="2019-08-22T17:34:35Z" description="随机01" finished-at="2019-08-22T17:34:35Z">
          <reporter-output>
          </reporter-output>
        </test-method> <!-- test1 -->
        <test-method status="PASS" signature="test1()[pri:0, instance:com.dcits.defaultReport.TestDefaultReport@6956de9]" name="test1" duration-ms="0" started-at="2019-08-22T17:34:35Z" description="随机01" finished-at="2019-08-22T17:34:35Z">
          <reporter-output>
          </reporter-output>
        </test-method> <!-- test1 -->
        <test-method status="PASS" signature="test1()[pri:0, instance:com.dcits.defaultReport.TestDefaultReport@6956de9]" name="test1" duration-ms="0" started-at="2019-08-22T17:34:35Z" description="随机01" finished-at="2019-08-22T17:34:35Z">
          <reporter-output>
          </reporter-output>
        </test-method> <!-- test1 -->
        <test-method status="PASS" signature="test1()[pri:0, instance:com.dcits.defaultReport.TestDefaultReport@6956de9]" name="test1" duration-ms="0" started-at="2019-08-22T17:34:35Z" description="随机01" finished-at="2019-08-22T17:34:35Z">
          <reporter-output>
          </reporter-output>
        </test-method> <!-- test1 -->
        <test-method status="PASS" signature="test1()[pri:0, instance:com.dcits.defaultReport.TestDefaultReport@6956de9]" name="test1" duration-ms="1" started-at="2019-08-22T17:34:35Z" description="随机01" finished-at="2019-08-22T17:34:35Z">
          <reporter-output>
          </reporter-output>
        </test-method> <!-- test1 -->
        <test-method status="PASS" signature="test1()[pri:0, instance:com.dcits.defaultReport.TestDefaultReport@6956de9]" name="test1" duration-ms="0" started-at="2019-08-22T17:34:35Z" description="随机01" finished-at="2019-08-22T17:34:35Z">
          <reporter-output>
          </reporter-output>
        </test-method> <!-- test1 -->
        <test-method status="PASS" signature="test1()[pri:0, instance:com.dcits.defaultReport.TestDefaultReport@6956de9]" name="test1" duration-ms="0" started-at="2019-08-22T17:34:35Z" description="随机01" finished-at="2019-08-22T17:34:35Z">
          <reporter-output>
          </reporter-output>
        </test-method> <!-- test1 -->
        <test-method status="PASS" signature="test1()[pri:0, instance:com.dcits.defaultReport.TestDefaultReport@6956de9]" name="test1" duration-ms="0" started-at="2019-08-22T17:34:35Z" description="随机01" finished-at="2019-08-22T17:34:35Z">
          <reporter-output>
          </reporter-output>
        </test-method> <!-- test1 -->
        <test-method status="PASS" signature="test1()[pri:0, instance:com.dcits.defaultReport.TestDefaultReport@6956de9]" name="test1" duration-ms="0" started-at="2019-08-22T17:34:35Z" description="随机01" finished-at="2019-08-22T17:34:35Z">
          <reporter-output>
          </reporter-output>
        </test-method> <!-- test1 -->
        <test-method status="PASS" signature="test1()[pri:0, instance:com.dcits.defaultReport.TestDefaultReport@6956de9]" name="test1" duration-ms="0" started-at="2019-08-22T17:34:35Z" description="随机01" finished-at="2019-08-22T17:34:35Z">
          <reporter-output>
          </reporter-output>
        </test-method> <!-- test1 -->
        <test-method status="PASS" signature="test1()[pri:0, instance:com.dcits.defaultReport.TestDefaultReport@6956de9]" name="test1" duration-ms="0" started-at="2019-08-22T17:34:35Z" description="随机01" finished-at="2019-08-22T17:34:35Z">
          <reporter-output>
          </reporter-output>
        </test-method> <!-- test1 -->
        <test-method status="PASS" signature="test1()[pri:0, instance:com.dcits.defaultReport.TestDefaultReport@6956de9]" name="test1" duration-ms="0" started-at="2019-08-22T17:34:35Z" description="随机01" finished-at="2019-08-22T17:34:35Z">
          <reporter-output>
          </reporter-output>
        </test-method> <!-- test1 -->
        <test-method status="PASS" signature="test1()[pri:0, instance:com.dcits.defaultReport.TestDefaultReport@6956de9]" name="test1" duration-ms="0" started-at="2019-08-22T17:34:35Z" description="随机01" finished-at="2019-08-22T17:34:35Z">
          <reporter-output>
          </reporter-output>
        </test-method> <!-- test1 -->
        <test-method status="PASS" signature="test1()[pri:0, instance:com.dcits.defaultReport.TestDefaultReport@6956de9]" name="test1" duration-ms="0" started-at="2019-08-22T17:34:35Z" description="随机01" finished-at="2019-08-22T17:34:35Z">
          <reporter-output>
          </reporter-output>
        </test-method> <!-- test1 -->
        <test-method status="PASS" signature="test1()[pri:0, instance:com.dcits.defaultReport.TestDefaultReport@6956de9]" name="test1" duration-ms="1" started-at="2019-08-22T17:34:35Z" description="随机01" finished-at="2019-08-22T17:34:35Z">
          <reporter-output>
          </reporter-output>
        </test-method> <!-- test1 -->
        <test-method status="PASS" signature="test1()[pri:0, instance:com.dcits.defaultReport.TestDefaultReport@6956de9]" name="test1" duration-ms="0" started-at="2019-08-22T17:34:35Z" description="随机01" finished-at="2019-08-22T17:34:35Z">
          <reporter-output>
          </reporter-output>
        </test-method> <!-- test1 -->
        <test-method status="PASS" signature="test1()[pri:0, instance:com.dcits.defaultReport.TestDefaultReport@6956de9]" name="test1" duration-ms="0" started-at="2019-08-22T17:34:35Z" description="随机01" finished-at="2019-08-22T17:34:35Z">
          <reporter-output>
          </reporter-output>
        </test-method> <!-- test1 -->
        <test-method status="PASS" signature="test1()[pri:0, instance:com.dcits.defaultReport.TestDefaultReport@6956de9]" name="test1" duration-ms="0" started-at="2019-08-22T17:34:35Z" description="随机01" finished-at="2019-08-22T17:34:35Z">
          <reporter-output>
          </reporter-output>
        </test-method> <!-- test1 -->
        <test-method status="PASS" signature="test1()[pri:0, instance:com.dcits.defaultReport.TestDefaultReport@6956de9]" name="test1" duration-ms="0" started-at="2019-08-22T17:34:35Z" description="随机01" finished-at="2019-08-22T17:34:35Z">
          <reporter-output>
          </reporter-output>
        </test-method> <!-- test1 -->
        <test-method status="PASS" signature="test1()[pri:0, instance:com.dcits.defaultReport.TestDefaultReport@6956de9]" name="test1" duration-ms="0" started-at="2019-08-22T17:34:35Z" description="随机01" finished-at="2019-08-22T17:34:35Z">
          <reporter-output>
          </reporter-output>
        </test-method> <!-- test1 -->
        <test-method status="PASS" signature="test1()[pri:0, instance:com.dcits.defaultReport.TestDefaultReport@6956de9]" name="test1" duration-ms="0" started-at="2019-08-22T17:34:35Z" description="随机01" finished-at="2019-08-22T17:34:35Z">
          <reporter-output>
          </reporter-output>
        </test-method> <!-- test1 -->
        <test-method status="PASS" signature="test1()[pri:0, instance:com.dcits.defaultReport.TestDefaultReport@6956de9]" name="test1" duration-ms="0" started-at="2019-08-22T17:34:35Z" description="随机01" finished-at="2019-08-22T17:34:35Z">
          <reporter-output>
          </reporter-output>
        </test-method> <!-- test1 -->
        <test-method status="PASS" signature="test1()[pri:0, instance:com.dcits.defaultReport.TestDefaultReport@6956de9]" name="test1" duration-ms="2" started-at="2019-08-22T17:34:35Z" description="随机01" finished-at="2019-08-22T17:34:35Z">
          <reporter-output>
          </reporter-output>
        </test-method> <!-- test1 -->
        <test-method status="PASS" signature="test1()[pri:0, instance:com.dcits.defaultReport.TestDefaultReport@6956de9]" name="test1" duration-ms="0" started-at="2019-08-22T17:34:35Z" description="随机01" finished-at="2019-08-22T17:34:35Z">
          <reporter-output>
          </reporter-output>
        </test-method> <!-- test1 -->
        <test-method status="PASS" signature="test1()[pri:0, instance:com.dcits.defaultReport.TestDefaultReport@6956de9]" name="test1" duration-ms="0" started-at="2019-08-22T17:34:35Z" description="随机01" finished-at="2019-08-22T17:34:35Z">
          <reporter-output>
          </reporter-output>
        </test-method> <!-- test1 -->
        <test-method status="PASS" signature="test1()[pri:0, instance:com.dcits.defaultReport.TestDefaultReport@6956de9]" name="test1" duration-ms="0" started-at="2019-08-22T17:34:35Z" description="随机01" finished-at="2019-08-22T17:34:35Z">
          <reporter-output>
          </reporter-output>
        </test-method> <!-- test1 -->
        <test-method status="PASS" signature="test1()[pri:0, instance:com.dcits.defaultReport.TestDefaultReport@6956de9]" name="test1" duration-ms="0" started-at="2019-08-22T17:34:35Z" description="随机01" finished-at="2019-08-22T17:34:35Z">
          <reporter-output>
          </reporter-output>
        </test-method> <!-- test1 -->
        <test-method status="PASS" signature="test1()[pri:0, instance:com.dcits.defaultReport.TestDefaultReport@6956de9]" name="test1" duration-ms="0" started-at="2019-08-22T17:34:35Z" description="随机01" finished-at="2019-08-22T17:34:35Z">
          <reporter-output>
          </reporter-output>
        </test-method> <!-- test1 -->
        <test-method status="PASS" signature="test1()[pri:0, instance:com.dcits.defaultReport.TestDefaultReport@6956de9]" name="test1" duration-ms="0" started-at="2019-08-22T17:34:35Z" description="随机01" finished-at="2019-08-22T17:34:35Z">
          <reporter-output>
          </reporter-output>
        </test-method> <!-- test1 -->
        <test-method status="PASS" signature="test1()[pri:0, instance:com.dcits.defaultReport.TestDefaultReport@6956de9]" name="test1" duration-ms="0" started-at="2019-08-22T17:34:35Z" description="随机01" finished-at="2019-08-22T17:34:35Z">
          <reporter-output>
          </reporter-output>
        </test-method> <!-- test1 -->
        <test-method status="PASS" signature="test1()[pri:0, instance:com.dcits.defaultReport.TestDefaultReport@6956de9]" name="test1" duration-ms="0" started-at="2019-08-22T17:34:35Z" description="随机01" finished-at="2019-08-22T17:34:35Z">
          <reporter-output>
          </reporter-output>
        </test-method> <!-- test1 -->
        <test-method status="PASS" signature="test1()[pri:0, instance:com.dcits.defaultReport.TestDefaultReport@6956de9]" name="test1" duration-ms="0" started-at="2019-08-22T17:34:35Z" description="随机01" finished-at="2019-08-22T17:34:35Z">
          <reporter-output>
          </reporter-output>
        </test-method> <!-- test1 -->
        <test-method status="PASS" signature="test1()[pri:0, instance:com.dcits.defaultReport.TestDefaultReport@6956de9]" name="test1" duration-ms="0" started-at="2019-08-22T17:34:35Z" description="随机01" finished-at="2019-08-22T17:34:35Z">
          <reporter-output>
          </reporter-output>
        </test-method> <!-- test1 -->
        <test-method status="PASS" signature="test1()[pri:0, instance:com.dcits.defaultReport.TestDefaultReport@6956de9]" name="test1" duration-ms="0" started-at="2019-08-22T17:34:35Z" description="随机01" finished-at="2019-08-22T17:34:35Z">
          <reporter-output>
          </reporter-output>
        </test-method> <!-- test1 -->
        <test-method status="PASS" signature="test1()[pri:0, instance:com.dcits.defaultReport.TestDefaultReport@6956de9]" name="test1" duration-ms="0" started-at="2019-08-22T17:34:35Z" description="随机01" finished-at="2019-08-22T17:34:35Z">
          <reporter-output>
          </reporter-output>
        </test-method> <!-- test1 -->
        <test-method status="PASS" signature="test1()[pri:0, instance:com.dcits.defaultReport.TestDefaultReport@6956de9]" name="test1" duration-ms="0" started-at="2019-08-22T17:34:35Z" description="随机01" finished-at="2019-08-22T17:34:35Z">
          <reporter-output>
          </reporter-output>
        </test-method> <!-- test1 -->
        <test-method status="PASS" signature="test1()[pri:0, instance:com.dcits.defaultReport.TestDefaultReport@6956de9]" name="test1" duration-ms="0" started-at="2019-08-22T17:34:35Z" description="随机01" finished-at="2019-08-22T17:34:35Z">
          <reporter-output>
          </reporter-output>
        </test-method> <!-- test1 -->
        <test-method status="PASS" signature="test1()[pri:0, instance:com.dcits.defaultReport.TestDefaultReport@6956de9]" name="test1" duration-ms="0" started-at="2019-08-22T17:34:35Z" description="随机01" finished-at="2019-08-22T17:34:35Z">
          <reporter-output>
          </reporter-output>
        </test-method> <!-- test1 -->
        <test-method status="PASS" signature="test1()[pri:0, instance:com.dcits.defaultReport.TestDefaultReport@6956de9]" name="test1" duration-ms="0" started-at="2019-08-22T17:34:35Z" description="随机01" finished-at="2019-08-22T17:34:35Z">
          <reporter-output>
          </reporter-output>
        </test-method> <!-- test1 -->
        <test-method status="PASS" signature="test1()[pri:0, instance:com.dcits.defaultReport.TestDefaultReport@6956de9]" name="test1" duration-ms="0" started-at="2019-08-22T17:34:35Z" description="随机01" finished-at="2019-08-22T17:34:35Z">
          <reporter-output>
          </reporter-output>
        </test-method> <!-- test1 -->
        <test-method status="PASS" signature="test1()[pri:0, instance:com.dcits.defaultReport.TestDefaultReport@6956de9]" name="test1" duration-ms="0" started-at="2019-08-22T17:34:35Z" description="随机01" finished-at="2019-08-22T17:34:35Z">
          <reporter-output>
          </reporter-output>
        </test-method> <!-- test1 -->
        <test-method status="PASS" signature="test1()[pri:0, instance:com.dcits.defaultReport.TestDefaultReport@6956de9]" name="test1" duration-ms="0" started-at="2019-08-22T17:34:35Z" description="随机01" finished-at="2019-08-22T17:34:35Z">
          <reporter-output>
          </reporter-output>
        </test-method> <!-- test1 -->
        <test-method status="PASS" signature="test1()[pri:0, instance:com.dcits.defaultReport.TestDefaultReport@6956de9]" name="test1" duration-ms="0" started-at="2019-08-22T17:34:35Z" description="随机01" finished-at="2019-08-22T17:34:35Z">
          <reporter-output>
          </reporter-output>
        </test-method> <!-- test1 -->
        <test-method status="PASS" signature="test1()[pri:0, instance:com.dcits.defaultReport.TestDefaultReport@6956de9]" name="test1" duration-ms="0" started-at="2019-08-22T17:34:35Z" description="随机01" finished-at="2019-08-22T17:34:35Z">
          <reporter-output>
          </reporter-output>
        </test-method> <!-- test1 -->
        <test-method status="PASS" signature="test1()[pri:0, instance:com.dcits.defaultReport.TestDefaultReport@6956de9]" name="test1" duration-ms="0" started-at="2019-08-22T17:34:35Z" description="随机01" finished-at="2019-08-22T17:34:35Z">
          <reporter-output>
          </reporter-output>
        </test-method> <!-- test1 -->
        <test-method status="PASS" signature="test1()[pri:0, instance:com.dcits.defaultReport.TestDefaultReport@6956de9]" name="test1" duration-ms="0" started-at="2019-08-22T17:34:35Z" description="随机01" finished-at="2019-08-22T17:34:35Z">
          <reporter-output>
          </reporter-output>
        </test-method> <!-- test1 -->
        <test-method status="PASS" signature="test1()[pri:0, instance:com.dcits.defaultReport.TestDefaultReport@6956de9]" name="test1" duration-ms="0" started-at="2019-08-22T17:34:35Z" description="随机01" finished-at="2019-08-22T17:34:35Z">
          <reporter-output>
          </reporter-output>
        </test-method> <!-- test1 -->
        <test-method status="PASS" signature="test1()[pri:0, instance:com.dcits.defaultReport.TestDefaultReport@6956de9]" name="test1" duration-ms="1" started-at="2019-08-22T17:34:35Z" description="随机01" finished-at="2019-08-22T17:34:35Z">
          <reporter-output>
          </reporter-output>
        </test-method> <!-- test1 -->
        <test-method status="PASS" signature="test1()[pri:0, instance:com.dcits.defaultReport.TestDefaultReport@6956de9]" name="test1" duration-ms="0" started-at="2019-08-22T17:34:35Z" description="随机01" finished-at="2019-08-22T17:34:35Z">
          <reporter-output>
          </reporter-output>
        </test-method> <!-- test1 -->
        <test-method status="PASS" signature="test1()[pri:0, instance:com.dcits.defaultReport.TestDefaultReport@6956de9]" name="test1" duration-ms="1" started-at="2019-08-22T17:34:35Z" description="随机01" finished-at="2019-08-22T17:34:35Z">
          <reporter-output>
          </reporter-output>
        </test-method> <!-- test1 -->
        <test-method status="PASS" signature="test1()[pri:0, instance:com.dcits.defaultReport.TestDefaultReport@6956de9]" name="test1" duration-ms="0" started-at="2019-08-22T17:34:35Z" description="随机01" finished-at="2019-08-22T17:34:35Z">
          <reporter-output>
          </reporter-output>
        </test-method> <!-- test1 -->
        <test-method status="PASS" signature="test1()[pri:0, instance:com.dcits.defaultReport.TestDefaultReport@6956de9]" name="test1" duration-ms="0" started-at="2019-08-22T17:34:35Z" description="随机01" finished-at="2019-08-22T17:34:35Z">
          <reporter-output>
          </reporter-output>
        </test-method> <!-- test1 -->
        <test-method status="PASS" signature="test1()[pri:0, instance:com.dcits.defaultReport.TestDefaultReport@6956de9]" name="test1" duration-ms="0" started-at="2019-08-22T17:34:35Z" description="随机01" finished-at="2019-08-22T17:34:35Z">
          <reporter-output>
          </reporter-output>
        </test-method> <!-- test1 -->
        <test-method status="PASS" signature="test1()[pri:0, instance:com.dcits.defaultReport.TestDefaultReport@6956de9]" name="test1" duration-ms="0" started-at="2019-08-22T17:34:35Z" description="随机01" finished-at="2019-08-22T17:34:35Z">
          <reporter-output>
          </reporter-output>
        </test-method> <!-- test1 -->
        <test-method status="PASS" signature="test1()[pri:0, instance:com.dcits.defaultReport.TestDefaultReport@6956de9]" name="test1" duration-ms="0" started-at="2019-08-22T17:34:35Z" description="随机01" finished-at="2019-08-22T17:34:35Z">
          <reporter-output>
          </reporter-output>
        </test-method> <!-- test1 -->
        <test-method status="PASS" signature="test1()[pri:0, instance:com.dcits.defaultReport.TestDefaultReport@6956de9]" name="test1" duration-ms="0" started-at="2019-08-22T17:34:35Z" description="随机01" finished-at="2019-08-22T17:34:35Z">
          <reporter-output>
          </reporter-output>
        </test-method> <!-- test1 -->
        <test-method status="PASS" signature="test1()[pri:0, instance:com.dcits.defaultReport.TestDefaultReport@6956de9]" name="test1" duration-ms="0" started-at="2019-08-22T17:34:35Z" description="随机01" finished-at="2019-08-22T17:34:35Z">
          <reporter-output>
          </reporter-output>
        </test-method> <!-- test1 -->
        <test-method status="PASS" signature="test1()[pri:0, instance:com.dcits.defaultReport.TestDefaultReport@6956de9]" name="test1" duration-ms="0" started-at="2019-08-22T17:34:35Z" description="随机01" finished-at="2019-08-22T17:34:35Z">
          <reporter-output>
          </reporter-output>
        </test-method> <!-- test1 -->
        <test-method status="PASS" signature="test1()[pri:0, instance:com.dcits.defaultReport.TestDefaultReport@6956de9]" name="test1" duration-ms="0" started-at="2019-08-22T17:34:35Z" description="随机01" finished-at="2019-08-22T17:34:35Z">
          <reporter-output>
          </reporter-output>
        </test-method> <!-- test1 -->
        <test-method status="PASS" signature="test1()[pri:0, instance:com.dcits.defaultReport.TestDefaultReport@6956de9]" name="test1" duration-ms="0" started-at="2019-08-22T17:34:35Z" description="随机01" finished-at="2019-08-22T17:34:35Z">
          <reporter-output>
          </reporter-output>
        </test-method> <!-- test1 -->
        <test-method status="PASS" signature="test1()[pri:0, instance:com.dcits.defaultReport.TestDefaultReport@6956de9]" name="test1" duration-ms="1" started-at="2019-08-22T17:34:35Z" description="随机01" finished-at="2019-08-22T17:34:35Z">
          <reporter-output>
          </reporter-output>
        </test-method> <!-- test1 -->
        <test-method status="PASS" signature="test1()[pri:0, instance:com.dcits.defaultReport.TestDefaultReport@6956de9]" name="test1" duration-ms="0" started-at="2019-08-22T17:34:35Z" description="随机01" finished-at="2019-08-22T17:34:35Z">
          <reporter-output>
          </reporter-output>
        </test-method> <!-- test1 -->
        <test-method status="PASS" signature="test1()[pri:0, instance:com.dcits.defaultReport.TestDefaultReport@6956de9]" name="test1" duration-ms="0" started-at="2019-08-22T17:34:35Z" description="随机01" finished-at="2019-08-22T17:34:35Z">
          <reporter-output>
          </reporter-output>
        </test-method> <!-- test1 -->
        <test-method status="PASS" signature="test1()[pri:0, instance:com.dcits.defaultReport.TestDefaultReport@6956de9]" name="test1" duration-ms="0" started-at="2019-08-22T17:34:35Z" description="随机01" finished-at="2019-08-22T17:34:35Z">
          <reporter-output>
          </reporter-output>
        </test-method> <!-- test1 -->
        <test-method status="PASS" signature="test1()[pri:0, instance:com.dcits.defaultReport.TestDefaultReport@6956de9]" name="test1" duration-ms="0" started-at="2019-08-22T17:34:35Z" description="随机01" finished-at="2019-08-22T17:34:35Z">
          <reporter-output>
          </reporter-output>
        </test-method> <!-- test1 -->
        <test-method status="PASS" signature="test1()[pri:0, instance:com.dcits.defaultReport.TestDefaultReport@6956de9]" name="test1" duration-ms="0" started-at="2019-08-22T17:34:35Z" description="随机01" finished-at="2019-08-22T17:34:35Z">
          <reporter-output>
          </reporter-output>
        </test-method> <!-- test1 -->
        <test-method status="PASS" signature="test1()[pri:0, instance:com.dcits.defaultReport.TestDefaultReport@6956de9]" name="test1" duration-ms="1" started-at="2019-08-22T17:34:35Z" description="随机01" finished-at="2019-08-22T17:34:35Z">
          <reporter-output>
          </reporter-output>
        </test-method> <!-- test1 -->
        <test-method status="PASS" signature="test1()[pri:0, instance:com.dcits.defaultReport.TestDefaultReport@6956de9]" name="test1" duration-ms="0" started-at="2019-08-22T17:34:35Z" description="随机01" finished-at="2019-08-22T17:34:35Z">
          <reporter-output>
          </reporter-output>
        </test-method> <!-- test1 -->
[...]
          <reporter-output>
          </reporter-output>
        </test-method> <!-- test3 -->
        <test-method status="PASS" signature="test3()[pri:0, instance:com.dcits.defaultReport.TestDefaultReport@6956de9]" name="test3" duration-ms="1" started-at="2019-08-22T17:34:35Z" description="错误重试" finished-at="2019-08-22T17:34:35Z">
          <reporter-output>
          </reporter-output>
        </test-method> <!-- test3 -->
        <test-method status="PASS" signature="test3()[pri:0, instance:com.dcits.defaultReport.TestDefaultReport@6956de9]" name="test3" duration-ms="0" started-at="2019-08-22T17:34:35Z" description="错误重试" finished-at="2019-08-22T17:34:35Z">
          <reporter-output>
          </reporter-output>
        </test-method> <!-- test3 -->
        <test-method status="PASS" signature="test3()[pri:0, instance:com.dcits.defaultReport.TestDefaultReport@6956de9]" name="test3" duration-ms="0" started-at="2019-08-22T17:34:35Z" description="错误重试" finished-at="2019-08-22T17:34:35Z">
          <reporter-output>
          </reporter-output>
        </test-method> <!-- test3 -->
        <test-method status="PASS" signature="test3()[pri:0, instance:com.dcits.defaultReport.TestDefaultReport@6956de9]" name="test3" duration-ms="0" started-at="2019-08-22T17:34:35Z" description="错误重试" finished-at="2019-08-22T17:34:35Z">
          <reporter-output>
          </reporter-output>
        </test-method> <!-- test3 -->
        <test-method status="PASS" signature="test3()[pri:0, instance:com.dcits.defaultReport.TestDefaultReport@6956de9]" name="test3" duration-ms="0" started-at="2019-08-22T17:34:35Z" description="错误重试" finished-at="2019-08-22T17:34:35Z">
          <reporter-output>
          </reporter-output>
        </test-method> <!-- test3 -->
        <test-method status="PASS" signature="test3()[pri:0, instance:com.dcits.defaultReport.TestDefaultReport@6956de9]" name="test3" duration-ms="0" started-at="2019-08-22T17:34:35Z" description="错误重试" finished-at="2019-08-22T17:34:35Z">
          <reporter-output>
          </reporter-output>
        </test-method> <!-- test3 -->
        <test-method status="PASS" signature="test3()[pri:0, instance:com.dcits.defaultReport.TestDefaultReport@6956de9]" name="test3" duration-ms="0" started-at="2019-08-22T17:34:35Z" description="错误重试" finished-at="2019-08-22T17:34:35Z">
          <reporter-output>
          </reporter-output>
        </test-method> <!-- test3 -->
        <test-method status="PASS" signature="test3()[pri:0, instance:com.dcits.defaultReport.TestDefaultReport@6956de9]" name="test3" duration-ms="0" started-at="2019-08-22T17:34:35Z" description="错误重试" finished-at="2019-08-22T17:34:35Z">
          <reporter-output>
          </reporter-output>
        </test-method> <!-- test3 -->
        <test-method status="PASS" signature="test3()[pri:0, instance:com.dcits.defaultReport.TestDefaultReport@6956de9]" name="test3" duration-ms="0" started-at="2019-08-22T17:34:35Z" description="错误重试" finished-at="2019-08-22T17:34:35Z">
          <reporter-output>
          </reporter-output>
        </test-method> <!-- test3 -->
        <test-method status="PASS" signature="test3()[pri:0, instance:com.dcits.defaultReport.TestDefaultReport@6956de9]" name="test3" duration-ms="0" started-at="2019-08-22T17:34:35Z" description="错误重试" finished-at="2019-08-22T17:34:35Z">
          <reporter-output>
          </reporter-output>
        </test-method> <!-- test3 -->
        <test-method status="PASS" signature="test3()[pri:0, instance:com.dcits.defaultReport.TestDefaultReport@6956de9]" name="test3" duration-ms="0" started-at="2019-08-22T17:34:35Z" description="错误重试" finished-at="2019-08-22T17:34:35Z">
          <reporter-output>
          </reporter-output>
        </test-method> <!-- test3 -->
        <test-method status="PASS" signature="test3()[pri:0, instance:com.dcits.defaultReport.TestDefaultReport@6956de9]" name="test3" duration-ms="0" started-at="2019-08-22T17:34:35Z" description="错误重试" finished-at="2019-08-22T17:34:35Z">
          <reporter-output>
          </reporter-output>
        </test-method> <!-- test3 -->
        <test-method status="PASS" signature="test3()[pri:0, instance:com.dcits.defaultReport.TestDefaultReport@6956de9]" name="test3" duration-ms="0" started-at="2019-08-22T17:34:35Z" description="错误重试" finished-at="2019-08-22T17:34:35Z">
          <reporter-output>
          </reporter-output>
        </test-method> <!-- test3 -->
        <test-method status="PASS" signature="test3()[pri:0, instance:com.dcits.defaultReport.TestDefaultReport@6956de9]" name="test3" duration-ms="0" started-at="2019-08-22T17:34:35Z" description="错误重试" finished-at="2019-08-22T17:34:35Z">
          <reporter-output>
          </reporter-output>
        </test-method> <!-- test3 -->
        <test-method status="PASS" signature="test3()[pri:0, instance:com.dcits.defaultReport.TestDefaultReport@6956de9]" name="test3" duration-ms="0" started-at="2019-08-22T17:34:35Z" description="错误重试" finished-at="2019-08-22T17:34:35Z">
          <reporter-output>
          </reporter-output>
        </test-method> <!-- test3 -->
        <test-method status="PASS" signature="test3()[pri:0, instance:com.dcits.defaultReport.TestDefaultReport@6956de9]" name="test3" duration-ms="0" started-at="2019-08-22T17:34:35Z" description="错误重试" finished-at="2019-08-22T17:34:35Z">
          <reporter-output>
          </reporter-output>
        </test-method> <!-- test3 -->
        <test-method status="PASS" signature="test3()[pri:0, instance:com.dcits.defaultReport.TestDefaultReport@6956de9]" name="test3" duration-ms="0" started-at="2019-08-22T17:34:35Z" description="错误重试" finished-at="2019-08-22T17:34:35Z">
          <reporter-output>
          </reporter-output>
        </test-method> <!-- test3 -->
        <test-method status="PASS" signature="test3()[pri:0, instance:com.dcits.defaultReport.TestDefaultReport@6956de9]" name="test3" duration-ms="0" started-at="2019-08-22T17:34:35Z" description="错误重试" finished-at="2019-08-22T17:34:35Z">
          <reporter-output>
          </reporter-output>
        </test-method> <!-- test3 -->
        <test-method status="PASS" signature="test3()[pri:0, instance:com.dcits.defaultReport.TestDefaultReport@6956de9]" name="test3" duration-ms="0" started-at="2019-08-22T17:34:35Z" description="错误重试" finished-at="2019-08-22T17:34:35Z">
          <reporter-output>
          </reporter-output>
        </test-method> <!-- test3 -->
        <test-method status="PASS" signature="test3()[pri:0, instance:com.dcits.defaultReport.TestDefaultReport@6956de9]" name="test3" duration-ms="0" started-at="2019-08-22T17:34:35Z" description="错误重试" finished-at="2019-08-22T17:34:35Z">
          <reporter-output>
          </reporter-output>
        </test-method> <!-- test3 -->
        <test-method status="PASS" signature="test3()[pri:0, instance:com.dcits.defaultReport.TestDefaultReport@6956de9]" name="test3" duration-ms="0" started-at="2019-08-22T17:34:35Z" description="错误重试" finished-at="2019-08-22T17:34:35Z">
          <reporter-output>
          </reporter-output>
        </test-method> <!-- test3 -->
        <test-method status="PASS" signature="test3()[pri:0, instance:com.dcits.defaultReport.TestDefaultReport@6956de9]" name="test3" duration-ms="0" started-at="2019-08-22T17:34:35Z" description="错误重试" finished-at="2019-08-22T17:34:35Z">
          <reporter-output>
          </reporter-output>
        </test-method> <!-- test3 -->
        <test-method status="PASS" signature="test3()[pri:0, instance:com.dcits.defaultReport.TestDefaultReport@6956de9]" name="test3" duration-ms="0" started-at="2019-08-22T17:34:35Z" description="错误重试" finished-at="2019-08-22T17:34:35Z">
          <reporter-output>
          </reporter-output>
        </test-method> <!-- test3 -->
        <test-method status="PASS" signature="test3()[pri:0, instance:com.dcits.defaultReport.TestDefaultReport@6956de9]" name="test3" duration-ms="0" started-at="2019-08-22T17:34:35Z" description="错误重试" finished-at="2019-08-22T17:34:35Z">
          <reporter-output>
          </reporter-output>
        </test-method> <!-- test3 -->
        <test-method status="PASS" signature="test3()[pri:0, instance:com.dcits.defaultReport.TestDefaultReport@6956de9]" name="test3" duration-ms="0" started-at="2019-08-22T17:34:35Z" description="错误重试" finished-at="2019-08-22T17:34:35Z">
          <reporter-output>
          </reporter-output>
        </test-method> <!-- test3 -->
        <test-method status="PASS" signature="test3()[pri:0, instance:com.dcits.defaultReport.TestDefaultReport@6956de9]" name="test3" duration-ms="0" started-at="2019-08-22T17:34:35Z" description="错误重试" finished-at="2019-08-22T17:34:35Z">
          <reporter-output>
          </reporter-output>
        </test-method> <!-- test3 -->
        <test-method status="PASS" signature="test3()[pri:0, instance:com.dcits.defaultReport.TestDefaultReport@6956de9]" name="test3" duration-ms="0" started-at="2019-08-22T17:34:35Z" description="错误重试" finished-at="2019-08-22T17:34:35Z">
          <reporter-output>
          </reporter-output>
        </test-method> <!-- test3 -->
        <test-method status="PASS" signature="test3()[pri:0, instance:com.dcits.defaultReport.TestDefaultReport@6956de9]" name="test3" duration-ms="0" started-at="2019-08-22T17:34:35Z" description="错误重试" finished-at="2019-08-22T17:34:35Z">
          <reporter-output>
          </reporter-output>
        </test-method> <!-- test3 -->
        <test-method status="PASS" signature="test3()[pri:0, instance:com.dcits.defaultReport.TestDefaultReport@6956de9]" name="test3" duration-ms="0" started-at="2019-08-22T17:34:35Z" description="错误重试" finished-at="2019-08-22T17:34:35Z">
          <reporter-output>
          </reporter-output>
        </test-method> <!-- test3 -->
        <test-method status="PASS" signature="test3()[pri:0, instance:com.dcits.defaultReport.TestDefaultReport@6956de9]" name="test3" duration-ms="0" started-at="2019-08-22T17:34:35Z" description="错误重试" finished-at="2019-08-22T17:34:35Z">
          <reporter-output>
          </reporter-output>
        </test-method> <!-- test3 -->
        <test-method status="PASS" signature="test3()[pri:0, instance:com.dcits.defaultReport.TestDefaultReport@6956de9]" name="test3" duration-ms="0" started-at="2019-08-22T17:34:35Z" description="错误重试" finished-at="2019-08-22T17:34:35Z">
          <reporter-output>
          </reporter-output>
        </test-method> <!-- test3 -->
        <test-method status="PASS" signature="test3()[pri:0, instance:com.dcits.defaultReport.TestDefaultReport@6956de9]" name="test3" duration-ms="0" started-at="2019-08-22T17:34:35Z" description="错误重试" finished-at="2019-08-22T17:34:35Z">
          <reporter-output>
          </reporter-output>
        </test-method> <!-- test3 -->
        <test-method status="PASS" signature="test3()[pri:0, instance:com.dcits.defaultReport.TestDefaultReport@6956de9]" name="test3" duration-ms="0" started-at="2019-08-22T17:34:35Z" description="错误重试" finished-at="2019-08-22T17:34:35Z">
          <reporter-output>
          </reporter-output>
        </test-method> <!-- test3 -->
        <test-method status="PASS" signature="test3()[pri:0, instance:com.dcits.defaultReport.TestDefaultReport@6956de9]" name="test3" duration-ms="0" started-at="2019-08-22T17:34:35Z" description="错误重试" finished-at="2019-08-22T17:34:35Z">
          <reporter-output>
          </reporter-output>
        </test-method> <!-- test3 -->
        <test-method status="PASS" signature="test3()[pri:0, instance:com.dcits.defaultReport.TestDefaultReport@6956de9]" name="test3" duration-ms="0" started-at="2019-08-22T17:34:35Z" description="错误重试" finished-at="2019-08-22T17:34:35Z">
          <reporter-output>
          </reporter-output>
        </test-method> <!-- test3 -->
        <test-method status="PASS" signature="test3()[pri:0, instance:com.dcits.defaultReport.TestDefaultReport@6956de9]" name="test3" duration-ms="0" started-at="2019-08-22T17:34:35Z" description="错误重试" finished-at="2019-08-22T17:34:35Z">
          <reporter-output>
          </reporter-output>
        </test-method> <!-- test3 -->
        <test-method status="PASS" signature="test3()[pri:0, instance:com.dcits.defaultReport.TestDefaultReport@6956de9]" name="test3" duration-ms="0" started-at="2019-08-22T17:34:35Z" description="错误重试" finished-at="2019-08-22T17:34:35Z">
          <reporter-output>
          </reporter-output>
        </test-method> <!-- test3 -->
        <test-method status="PASS" signature="test3()[pri:0, instance:com.dcits.defaultReport.TestDefaultReport@6956de9]" name="test3" duration-ms="0" started-at="2019-08-22T17:34:35Z" description="错误重试" finished-at="2019-08-22T17:34:35Z">
          <reporter-output>
          </reporter-output>
        </test-method> <!-- test3 -->
        <test-method status="PASS" signature="test3()[pri:0, instance:com.dcits.defaultReport.TestDefaultReport@6956de9]" name="test3" duration-ms="0" started-at="2019-08-22T17:34:35Z" description="错误重试" finished-at="2019-08-22T17:34:35Z">
          <reporter-output>
          </reporter-output>
        </test-method> <!-- test3 -->
        <test-method status="PASS" signature="test3()[pri:0, instance:com.dcits.defaultReport.TestDefaultReport@6956de9]" name="test3" duration-ms="0" started-at="2019-08-22T17:34:35Z" description="错误重试" finished-at="2019-08-22T17:34:35Z">
          <reporter-output>
          </reporter-output>
        </test-method> <!-- test3 -->
        <test-method status="PASS" signature="test3()[pri:0, instance:com.dcits.defaultReport.TestDefaultReport@6956de9]" name="test3" duration-ms="0" started-at="2019-08-22T17:34:35Z" description="错误重试" finished-at="2019-08-22T17:34:35Z">
          <reporter-output>
          </reporter-output>
        </test-method> <!-- test3 -->
        <test-method status="PASS" signature="test3()[pri:0, instance:com.dcits.defaultReport.TestDefaultReport@6956de9]" name="test3" duration-ms="0" started-at="2019-08-22T17:34:35Z" description="错误重试" finished-at="2019-08-22T17:34:35Z">
          <reporter-output>
          </reporter-output>
        </test-method> <!-- test3 -->
        <test-method status="PASS" signature="test3()[pri:0, instance:com.dcits.defaultReport.TestDefaultReport@6956de9]" name="test3" duration-ms="0" started-at="2019-08-22T17:34:35Z" description="错误重试" finished-at="2019-08-22T17:34:35Z">
          <reporter-output>
          </reporter-output>
        </test-method> <!-- test3 -->
        <test-method status="PASS" signature="test3()[pri:0, instance:com.dcits.defaultReport.TestDefaultReport@6956de9]" name="test3" duration-ms="0" started-at="2019-08-22T17:34:35Z" description="错误重试" finished-at="2019-08-22T17:34:35Z">
          <reporter-output>
          </reporter-output>
        </test-method> <!-- test3 -->
        <test-method status="PASS" signature="test3()[pri:0, instance:com.dcits.defaultReport.TestDefaultReport@6956de9]" name="test3" duration-ms="0" started-at="2019-08-22T17:34:35Z" description="错误重试" finished-at="2019-08-22T17:34:35Z">
          <reporter-output>
          </reporter-output>
        </test-method> <!-- test3 -->
        <test-method status="PASS" signature="test3()[pri:0, instance:com.dcits.defaultReport.TestDefaultReport@6956de9]" name="test3" duration-ms="0" started-at="2019-08-22T17:34:35Z" description="错误重试" finished-at="2019-08-22T17:34:35Z">
          <reporter-output>
          </reporter-output>
        </test-method> <!-- test3 -->
        <test-method status="PASS" signature="test3()[pri:0, instance:com.dcits.defaultReport.TestDefaultReport@6956de9]" name="test3" duration-ms="0" started-at="2019-08-22T17:34:35Z" description="错误重试" finished-at="2019-08-22T17:34:35Z">
          <reporter-output>
          </reporter-output>
        </test-method> <!-- test3 -->
        <test-method status="PASS" signature="test3()[pri:0, instance:com.dcits.defaultReport.TestDefaultReport@6956de9]" name="test3" duration-ms="0" started-at="2019-08-22T17:34:35Z" description="错误重试" finished-at="2019-08-22T17:34:35Z">
          <reporter-output>
          </reporter-output>
        </test-method> <!-- test3 -->
        <test-method status="PASS" signature="test3()[pri:0, instance:com.dcits.defaultReport.TestDefaultReport@6956de9]" name="test3" duration-ms="0" started-at="2019-08-22T17:34:35Z" description="错误重试" finished-at="2019-08-22T17:34:35Z">
          <reporter-output>
          </reporter-output>
        </test-method> <!-- test3 -->
        <test-method status="PASS" signature="test3()[pri:0, instance:com.dcits.defaultReport.TestDefaultReport@6956de9]" name="test3" duration-ms="0" started-at="2019-08-22T17:34:35Z" description="错误重试" finished-at="2019-08-22T17:34:35Z">
          <reporter-output>
          </reporter-output>
        </test-method> <!-- test3 -->
        <test-method status="PASS" signature="test3()[pri:0, instance:com.dcits.defaultReport.TestDefaultReport@6956de9]" name="test3" duration-ms="0" started-at="2019-08-22T17:34:35Z" description="错误重试" finished-at="2019-08-22T17:34:35Z">
          <reporter-output>
          </reporter-output>
        </test-method> <!-- test3 -->
        <test-method status="FAIL" signature="test4()[pri:0, instance:com.dcits.defaultReport.TestDefaultReport@6956de9]" name="test4" duration-ms="1" started-at="2019-08-22T17:34:35Z" description="跳过测试" finished-at="2019-08-22T17:34:35Z">
          <exception class="java.lang.AssertionError">
            <message>
              <![CDATA[expected [1] but found [0]]]>
            </message>
            <full-stacktrace>
              <![CDATA[java.lang.AssertionError: expected [1] but found [0]
	at org.testng.Assert.fail(Assert.java:94)
	at org.testng.Assert.failNotEquals(Assert.java:513)
	at org.testng.Assert.assertEqualsImpl(Assert.java:135)
	at org.testng.Assert.assertEquals(Assert.java:116)
	at org.testng.Assert.assertEquals(Assert.java:389)
	at org.testng.Assert.assertEquals(Assert.java:399)
	at com.dcits.defaultReport.TestDefaultReport.test4(TestDefaultReport.java:41)
	at sun.reflect.NativeMethodAccessorImpl.invoke0(Native Method)
	at sun.reflect.NativeMethodAccessorImpl.invoke(NativeMethodAccessorImpl.java:62)
	at sun.reflect.DelegatingMethodAccessorImpl.invoke(DelegatingMethodAccessorImpl.java:43)
	at java.lang.reflect.Method.invoke(Method.java:498)
	at org.testng.internal.MethodInvocationHelper.invokeMethod(MethodInvocationHelper.java:104)
	at org.testng.internal.Invoker.invokeMethod(Invoker.java:645)
	at org.testng.internal.Invoker.invokeTestMethod(Invoker.java:851)
	at org.testng.internal.Invoker.invokeTestMethods(Invoker.java:1177)
	at org.testng.internal.TestMethodWorker.invokeTestMethods(TestMethodWorker.java:129)
	at org.testng.internal.TestMethodWorker.run(TestMethodWorker.java:112)
	at org.testng.TestRunner.privateRun(TestRunner.java:756)
	at org.testng.TestRunner.run(TestRunner.java:610)
	at org.testng.SuiteRunner.runTest(SuiteRunner.java:387)
	at org.testng.SuiteRunner.runSequentially(SuiteRunner.java:382)
	at org.testng.SuiteRunner.privateRun(SuiteRunner.java:340)
	at org.testng.SuiteRunner.run(SuiteRunner.java:289)
	at org.testng.SuiteRunnerWorker.runSuite(SuiteRunnerWorker.java:52)
	at org.testng.SuiteRunnerWorker.run(SuiteRunnerWorker.java:86)
	at org.testng.TestNG.runSuitesSequentially(TestNG.java:1293)
	at org.testng.TestNG.runSuitesLocally(TestNG.java:1218)
	at org.testng.TestNG.runSuites(TestNG.java:1133)
	at org.testng.TestNG.run(TestNG.java:1104)
	at org.testng.IDEARemoteTestNG.run(IDEARemoteTestNG.java:72)
	at org.testng.RemoteTestNGStarter.main(RemoteTestNGStarter.java:123)
]]>
            </full-stacktrace>
          </exception> <!-- java.lang.AssertionError -->
          <reporter-output>
          </reporter-output>
        </test-method> <!-- test4 -->
      </class> <!-- com.dcits.defaultReport.TestDefaultReport -->
    </test> <!-- TestNG-demo -->
  </suite> <!-- Default Suite -->
</testng-results>
