<?xml version="1.0" encoding="UTF-8"?>
<!-- Generated by org.testng.reporters.JUnitXMLReporter -->
<testsuite hostname="HELLOWORLD" ignored="0" name="TestNG-demo" tests="3000" failures="1" timestamp="22 八月 2019 09:34:35 GMT" time="0.485" errors="0">
  <testcase name="test1" time="0.013" classname="com.dcits.defaultReport.TestDefaultReport"/>
  <testcase name="test1" time="0.001" classname="com.dcits.defaultReport.TestDefaultReport"/>
  <testcase name="test1" time="0.0" classname="com.dcits.defaultReport.TestDefaultReport"/>
  <testcase name="test1" time="0.001" classname="com.dcits.defaultReport.TestDefaultReport"/>
  <testcase name="test1" time="0.0" classname="com.dcits.defaultReport.TestDefaultReport"/>
  <testcase name="test1" time="0.0" classname="com.dcits.defaultReport.TestDefaultReport"/>
  <testcase name="test1" time="0.0" classname="com.dcits.defaultReport.TestDefaultReport"/>
  <testcase name="test1" time="0.0" classname="com.dcits.defaultReport.TestDefaultReport"/>
  <testcase name="test1" time="0.0" classname="com.dcits.defaultReport.TestDefaultReport"/>
  <testcase name="test1" time="0.0" classname="com.dcits.defaultReport.TestDefaultReport"/>
  <testcase name="test1" time="0.0" classname="com.dcits.defaultReport.TestDefaultReport"/>
  <testcase name="test1" time="0.0" classname="com.dcits.defaultReport.TestDefaultReport"/>
  <testcase name="test1" time="0.0" classname="com.dcits.defaultReport.TestDefaultReport"/>
  <testcase name="test1" time="0.0" classname="com.dcits.defaultReport.TestDefaultReport"/>
  <testcase name="test1" time="0.001" classname="com.dcits.defaultReport.TestDefaultReport"/>
  <testcase name="test1" time="0.001" classname="com.dcits.defaultReport.TestDefaultReport"/>
  <testcase name="test1" time="0.0" classname="com.dcits.defaultReport.TestDefaultReport"/>
  <testcase name="test1" time="0.0" classname="com.dcits.defaultReport.TestDefaultReport"/>
  <testcase name="test1" time="0.0" classname="com.dcits.defaultReport.TestDefaultReport"/>
  <testcase name="test1" time="0.0" classname="com.dcits.defaultReport.TestDefaultReport"/>
  <testcase name="test1" time="0.0" classname="com.dcits.defaultReport.TestDefaultReport"/>
  <testcase name="test1" time="0.0" classname="com.dcits.defaultReport.TestDefaultReport"/>
  <testcase name="test1" time="0.001" classname="com.dcits.defaultReport.TestDefaultReport"/>
  <testcase name="test1" time="0.0" classname="com.dcits.defaultReport.TestDefaultReport"/>
  <testcase name="test1" time="0.0" classname="com.dcits.defaultReport.TestDefaultReport"/>
  <testcase name="test1" time="0.0" classname="com.dcits.defaultReport.TestDefaultReport"/>
  <testcase name="test1" time="0.0" classname="com.dcits.defaultReport.TestDefaultReport"/>
  <testcase name="test1" time="0.0" classname="com.dcits.defaultReport.TestDefaultReport"/>
  <testcase name="test1" time="0.006" classname="com.dcits.defaultReport.TestDefaultReport"/>
  <testcase name="test1" time="0.0" classname="com.dcits.defaultReport.TestDefaultReport"/>
  <testcase name="test1" time="0.0" classname="com.dcits.defaultReport.TestDefaultReport"/>
  <testcase name="test1" time="0.001" classname="com.dcits.defaultReport.TestDefaultReport"/>
  <testcase name="test1" time="0.0" classname="com.dcits.defaultReport.TestDefaultReport"/>
  <testcase name="test1" time="0.0" classname="com.dcits.defaultReport.TestDefaultReport"/>
  <testcase name="test1" time="0.0" classname="com.dcits.defaultReport.TestDefaultReport"/>
  <testcase name="test1" time="0.0" classname="com.dcits.defaultReport.TestDefaultReport"/>
  <testcase name="test1" time="0.0" classname="com.dcits.defaultReport.TestDefaultReport"/>
  <testcase name="test1" time="0.001" classname="com.dcits.defaultReport.TestDefaultReport"/>
  <testcase name="test1" time="0.0" classname="com.dcits.defaultReport.TestDefaultReport"/>
  <testcase name="test1" time="0.0" classname="com.dcits.defaultReport.TestDefaultReport"/>
  <testcase name="test1" time="0.0" classname="com.dcits.defaultReport.TestDefaultReport"/>
  <testcase name="test1" time="0.0" classname="com.dcits.defaultReport.TestDefaultReport"/>
  <testcase name="test1" time="0.001" classname="com.dcits.defaultReport.TestDefaultReport"/>
  <testcase name="test1" time="0.0" classname="com.dcits.defaultReport.TestDefaultReport"/>
  <testcase name="test1" time="0.0" classname="com.dcits.defaultReport.TestDefaultReport"/>
  <testcase name="test1" time="0.0" classname="com.dcits.defaultReport.TestDefaultReport"/>
  <testcase name="test1" time="0.0" classname="com.dcits.defaultReport.TestDefaultReport"/>
  <testcase name="test1" time="0.0" classname="com.dcits.defaultReport.TestDefaultReport"/>
  <testcase name="test1" time="0.001" classname="com.dcits.defaultReport.TestDefaultReport"/>
  <testcase name="test1" time="0.0" classname="com.dcits.defaultReport.TestDefaultReport"/>
  <testcase name="test1" time="0.001" classname="com.dcits.defaultReport.TestDefaultReport"/>
  <testcase name="test1" time="0.001" classname="com.dcits.defaultReport.TestDefaultReport"/>
  <testcase name="test1" time="0.0" classname="com.dcits.defaultReport.TestDefaultReport"/>
  <testcase name="test1" time="0.0" classname="com.dcits.defaultReport.TestDefaultReport"/>
  <testcase name="test1" time="0.0" classname="com.dcits.defaultReport.TestDefaultReport"/>
  <testcase name="test1" time="0.0" classname="com.dcits.defaultReport.TestDefaultReport"/>
  <testcase name="test1" time="0.001" classname="com.dcits.defaultReport.TestDefaultReport"/>
  <testcase name="test1" time="0.0" classname="com.dcits.defaultReport.TestDefaultReport"/>
  <testcase name="test1" time="0.0" classname="com.dcits.defaultReport.TestDefaultReport"/>
  <testcase name="test1" time="0.0" classname="com.dcits.defaultReport.TestDefaultReport"/>
  <testcase name="test1" time="0.001" classname="com.dcits.defaultReport.TestDefaultReport"/>
  <testcase name="test1" time="0.0" classname="com.dcits.defaultReport.TestDefaultReport"/>
  <testcase name="test1" time="0.0" classname="com.dcits.defaultReport.TestDefaultReport"/>
  <testcase name="test1" time="0.0" classname="com.dcits.defaultReport.TestDefaultReport"/>
  <testcase name="test1" time="0.0" classname="com.dcits.defaultReport.TestDefaultReport"/>
  <testcase name="test1" time="0.0" classname="com.dcits.defaultReport.TestDefaultReport"/>
  <testcase name="test1" time="0.0" classname="com.dcits.defaultReport.TestDefaultReport"/>
  <testcase name="test1" time="0.001" classname="com.dcits.defaultReport.TestDefaultReport"/>
  <testcase name="test1" time="0.0" classname="com.dcits.defaultReport.TestDefaultReport"/>
  <testcase name="test1" time="0.0" classname="com.dcits.defaultReport.TestDefaultReport"/>
  <testcase name="test1" time="0.0" classname="com.dcits.defaultReport.TestDefaultReport"/>
  <testcase name="test1" time="0.0" classname="com.dcits.defaultReport.TestDefaultReport"/>
  <testcase name="test1" time="0.0" classname="com.dcits.defaultReport.TestDefaultReport"/>
  <testcase name="test1" time="0.001" classname="com.dcits.defaultReport.TestDefaultReport"/>
  <testcase name="test1" time="0.0" classname="com.dcits.defaultReport.TestDefaultReport"/>
  <testcase name="test1" time="0.0" classname="com.dcits.defaultReport.TestDefaultReport"/>
  <testcase name="test1" time="0.0" classname="com.dcits.defaultReport.TestDefaultReport"/>
  <testcase name="test1" time="0.0" classname="com.dcits.defaultReport.TestDefaultReport"/>
  <testcase name="test1" time="0.001" classname="com.dcits.defaultReport.TestDefaultReport"/>
  <testcase name="test1" time="0.0" classname="com.dcits.defaultReport.TestDefaultReport"/>
  <testcase name="test1" time="0.0" classname="com.dcits.defaultReport.TestDefaultReport"/>
  <testcase name="test1" time="0.0" classname="com.dcits.defaultReport.TestDefaultReport"/>
  <testcase name="test1" time="0.0" classname="com.dcits.defaultReport.TestDefaultReport"/>
  <testcase name="test1" time="0.0" classname="com.dcits.defaultReport.TestDefaultReport"/>
  <testcase name="test1" time="0.0" classname="com.dcits.defaultReport.TestDefaultReport"/>
  <testcase name="test1" time="0.0" classname="com.dcits.defaultReport.TestDefaultReport"/>
  <testcase name="test1" time="0.0" classname="com.dcits.defaultReport.TestDefaultReport"/>
  <testcase name="test1" time="0.0" classname="com.dcits.defaultReport.TestDefaultReport"/>
  <testcase name="test1" time="0.0" classname="com.dcits.defaultReport.TestDefaultReport"/>
  <testcase name="test1" time="0.0" classname="com.dcits.defaultReport.TestDefaultReport"/>
  <testcase name="test1" time="0.001" classname="com.dcits.defaultReport.TestDefaultReport"/>
  <testcase name="test1" time="0.0" classname="com.dcits.defaultReport.TestDefaultReport"/>
  <testcase name="test1" time="0.0" classname="com.dcits.defaultReport.TestDefaultReport"/>
  <testcase name="test1" time="0.0" classname="com.dcits.defaultReport.TestDefaultReport"/>
  <testcase name="test1" time="0.0" classname="com.dcits.defaultReport.TestDefaultReport"/>
  <testcase name="test1" time="0.0" classname="com.dcits.defaultReport.TestDefaultReport"/>
  <testcase name="test1" time="0.0" classname="com.dcits.defaultReport.TestDefaultReport"/>
  <testcase name="test1" time="0.0" classname="com.dcits.defaultReport.TestDefaultReport"/>
  <testcase name="test1" time="0.0" classname="com.dcits.defaultReport.TestDefaultReport"/>
  <testcase name="test1" time="0.0" classname="com.dcits.defaultReport.TestDefaultReport"/>
  <testcase name="test1" time="0.0" classname="com.dcits.defaultReport.TestDefaultReport"/>
  <testcase name="test1" time="0.001" classname="com.dcits.defaultReport.TestDefaultReport"/>
  <testcase name="test1" time="0.0" classname="com.dcits.defaultReport.TestDefaultReport"/>
  <testcase name="test1" time="0.0" classname="com.dcits.defaultReport.TestDefaultReport"/>
  <testcase name="test1" time="0.001" classname="com.dcits.defaultReport.TestDefaultReport"/>
  <testcase name="test1" time="0.0" classname="com.dcits.defaultReport.TestDefaultReport"/>
  <testcase name="test1" time="0.0" classname="com.dcits.defaultReport.TestDefaultReport"/>
  <testcase name="test1" time="0.0" classname="com.dcits.defaultReport.TestDefaultReport"/>
  <testcase name="test1" time="0.0" classname="com.dcits.defaultReport.TestDefaultReport"/>
  <testcase name="test1" time="0.0" classname="com.dcits.defaultReport.TestDefaultReport"/>
  <testcase name="test1" time="0.0" classname="com.dcits.defaultReport.TestDefaultReport"/>
  <testcase name="test1" time="0.001" classname="com.dcits.defaultReport.TestDefaultReport"/>
  <testcase name="test1" time="0.0" classname="com.dcits.defaultReport.TestDefaultReport"/>
  <testcase name="test1" time="0.0" classname="com.dcits.defaultReport.TestDefaultReport"/>
  <testcase name="test1" time="0.001" classname="com.dcits.defaultReport.TestDefaultReport"/>
  <testcase name="test1" time="0.0" classname="com.dcits.defaultReport.TestDefaultReport"/>
  <testcase name="test1" time="0.0" classname="com.dcits.defaultReport.TestDefaultReport"/>
  <testcase name="test1" time="0.0" classname="com.dcits.defaultReport.TestDefaultReport"/>
  <testcase name="test1" time="0.0" classname="com.dcits.defaultReport.TestDefaultReport"/>
  <testcase name="test1" time="0.001" classname="com.dcits.defaultReport.TestDefaultReport"/>
  <testcase name="test1" time="0.0" classname="com.dcits.defaultReport.TestDefaultReport"/>
  <testcase name="test1" time="0.0" classname="com.dcits.defaultReport.TestDefaultReport"/>
  <testcase name="test1" time="0.0" classname="com.dcits.defaultReport.TestDefaultReport"/>
  <testcase name="test1" time="0.001" classname="com.dcits.defaultReport.TestDefaultReport"/>
  <testcase name="test1" time="0.0" classname="com.dcits.defaultReport.TestDefaultReport"/>
  <testcase name="test1" time="0.001" classname="com.dcits.defaultReport.TestDefaultReport"/>
  <testcase name="test1" time="0.0" classname="com.dcits.defaultReport.TestDefaultReport"/>
  <testcase name="test1" time="0.0" classname="com.dcits.defaultReport.TestDefaultReport"/>
  <testcase name="test1" time="0.0" classname="com.dcits.defaultReport.TestDefaultReport"/>
  <testcase name="test1" time="0.0" classname="com.dcits.defaultReport.TestDefaultReport"/>
  <testcase name="test1" time="0.0" classname="com.dcits.defaultReport.TestDefaultReport"/>
  <testcase name="test1" time="0.001" classname="com.dcits.defaultReport.TestDefaultReport"/>
  <testcase name="test1" time="0.0" classname="com.dcits.defaultReport.TestDefaultReport"/>
  <testcase name="test1" time="0.0" classname="com.dcits.defaultReport.TestDefaultReport"/>
  <testcase name="test1" time="0.0" classname="com.dcits.defaultReport.TestDefaultReport"/>
  <testcase name="test1" time="0.001" classname="com.dcits.defaultReport.TestDefaultReport"/>
  <testcase name="test1" time="0.0" classname="com.dcits.defaultReport.TestDefaultReport"/>
  <testcase name="test1" time="0.0" classname="com.dcits.defaultReport.TestDefaultReport"/>
  <testcase name="test1" time="0.0" classname="com.dcits.defaultReport.TestDefaultReport"/>
  <testcase name="test1" time="0.001" classname="com.dcits.defaultReport.TestDefaultReport"/>
  <testcase name="test1" time="0.0" classname="com.dcits.defaultReport.TestDefaultReport"/>
  <testcase name="test1" time="0.0" classname="com.dcits.defaultReport.TestDefaultReport"/>
  <testcase name="test1" time="0.0" classname="com.dcits.defaultReport.TestDefaultReport"/>
  <testcase name="test1" time="0.0" classname="com.dcits.defaultReport.TestDefaultReport"/>
  <testcase name="test1" time="0.001" classname="com.dcits.defaultReport.TestDefaultReport"/>
  <testcase name="test1" time="0.0" classname="com.dcits.defaultReport.TestDefaultReport"/>
  <testcase name="test1" time="0.0" classname="com.dcits.defaultReport.TestDefaultReport"/>
  <testcase name="test1" time="0.001" classname="com.dcits.defaultReport.TestDefaultReport"/>
  <testcase name="test1" time="0.0" classname="com.dcits.defaultReport.TestDefaultReport"/>
  <testcase name="test1" time="0.0" classname="com.dcits.defaultReport.TestDefaultReport"/>
  <testcase name="test1" time="0.001" classname="com.dcits.defaultReport.TestDefaultReport"/>
  <testcase name="test1" time="0.0" classname="com.dcits.defaultReport.TestDefaultReport"/>
  <testcase name="test1" time="0.0" classname="com.dcits.defaultReport.TestDefaultReport"/>
  <testcase name="test1" time="0.001" classname="com.dcits.defaultReport.TestDefaultReport"/>
  <testcase name="test1" time="0.0" classname="com.dcits.defaultReport.TestDefaultReport"/>
  <testcase name="test1" time="0.0" classname="com.dcits.defaultReport.TestDefaultReport"/>
  <testcase name="test1" time="0.0" classname="com.dcits.defaultReport.TestDefaultReport"/>
  <testcase name="test1" time="0.001" classname="com.dcits.defaultReport.TestDefaultReport"/>
  <testcase name="test1" time="0.001" classname="com.dcits.defaultReport.TestDefaultReport"/>
  <testcase name="test1" time="0.0" classname="com.dcits.defaultReport.TestDefaultReport"/>
  <testcase name="test1" time="0.0" classname="com.dcits.defaultReport.TestDefaultReport"/>
  <testcase name="test1" time="0.0" classname="com.dcits.defaultReport.TestDefaultReport"/>
  <testcase name="test1" time="0.001" classname="com.dcits.defaultReport.TestDefaultReport"/>
  <testcase name="test1" time="0.0" classname="com.dcits.defaultReport.TestDefaultReport"/>
  <testcase name="test1" time="0.0" classname="com.dcits.defaultReport.TestDefaultReport"/>
  <testcase name="test1" time="0.0" classname="com.dcits.defaultReport.TestDefaultReport"/>
  <testcase name="test1" time="0.0" classname="com.dcits.defaultReport.TestDefaultReport"/>
  <testcase name="test1" time="0.0" classname="com.dcits.defaultReport.TestDefaultReport"/>
  <testcase name="test1" time="0.0" classname="com.dcits.defaultReport.TestDefaultReport"/>
  <testcase name="test1" time="0.0" classname="com.dcits.defaultReport.TestDefaultReport"/>
  <testcase name="test1" time="0.0" classname="com.dcits.defaultReport.TestDefaultReport"/>
  <testcase name="test1" time="0.0" classname="com.dcits.defaultReport.TestDefaultReport"/>
  <testcase name="test1" time="0.0" classname="com.dcits.defaultReport.TestDefaultReport"/>
  <testcase name="test1" time="0.0" classname="com.dcits.defaultReport.TestDefaultReport"/>
  <testcase name="test1" time="0.0" classname="com.dcits.defaultReport.TestDefaultReport"/>
  <testcase name="test1" time="0.001" classname="com.dcits.defaultReport.TestDefaultReport"/>
  <testcase name="test1" time="0.0" classname="com.dcits.defaultReport.TestDefaultReport"/>
  <testcase name="test1" time="0.0" classname="com.dcits.defaultReport.TestDefaultReport"/>
  <testcase name="test1" time="0.0" classname="com.dcits.defaultReport.TestDefaultReport"/>
  <testcase name="test1" time="0.0" classname="com.dcits.defaultReport.TestDefaultReport"/>
  <testcase name="test1" time="0.0" classname="com.dcits.defaultReport.TestDefaultReport"/>
  <testcase name="test1" time="0.0" classname="com.dcits.defaultReport.TestDefaultReport"/>
  <testcase name="test1" time="0.0" classname="com.dcits.defaultReport.TestDefaultReport"/>
  <testcase name="test1" time="0.0" classname="com.dcits.defaultReport.TestDefaultReport"/>
  <testcase name="test1" time="0.0" classname="com.dcits.defaultReport.TestDefaultReport"/>
  <testcase name="test1" time="0.001" classname="com.dcits.defaultReport.TestDefaultReport"/>
  <testcase name="test1" time="0.0" classname="com.dcits.defaultReport.TestDefaultReport"/>
  <testcase name="test1" time="0.0" classname="com.dcits.defaultReport.TestDefaultReport"/>
  <testcase name="test1" time="0.0" classname="com.dcits.defaultReport.TestDefaultReport"/>
  <testcase name="test1" time="0.0" classname="com.dcits.defaultReport.TestDefaultReport"/>
  <testcase name="test1" time="0.0" classname="com.dcits.defaultReport.TestDefaultReport"/>
  <testcase name="test1" time="0.002" classname="com.dcits.defaultReport.TestDefaultReport"/>
  <testcase name="test1" time="0.0" classname="com.dcits.defaultReport.TestDefaultReport"/>
  <testcase name="test1" time="0.0" classname="com.dcits.defaultReport.TestDefaultReport"/>
  <testcase name="test1" time="0.0" classname="com.dcits.defaultReport.TestDefaultReport"/>
  <testcase name="test1" time="0.0" classname="com.dcits.defaultReport.TestDefaultReport"/>
  <testcase name="test1" time="0.0" classname="com.dcits.defaultReport.TestDefaultReport"/>
  <testcase name="test1" time="0.0" classname="com.dcits.defaultReport.TestDefaultReport"/>
  <testcase name="test1" time="0.0" classname="com.dcits.defaultReport.TestDefaultReport"/>
  <testcase name="test1" time="0.0" classname="com.dcits.defaultReport.TestDefaultReport"/>
  <testcase name="test1" time="0.0" classname="com.dcits.defaultReport.TestDefaultReport"/>
  <testcase name="test1" time="0.0" classname="com.dcits.defaultReport.TestDefaultReport"/>
  <testcase name="test1" time="0.0" classname="com.dcits.defaultReport.TestDefaultReport"/>
  <testcase name="test1" time="0.0" classname="com.dcits.defaultReport.TestDefaultReport"/>
  <testcase name="test1" time="0.0" classname="com.dcits.defaultReport.TestDefaultReport"/>
  <testcase name="test1" time="0.0" classname="com.dcits.defaultReport.TestDefaultReport"/>
  <testcase name="test1" time="0.0" classname="com.dcits.defaultReport.TestDefaultReport"/>
  <testcase name="test1" time="0.0" classname="com.dcits.defaultReport.TestDefaultReport"/>
  <testcase name="test1" time="0.0" classname="com.dcits.defaultReport.TestDefaultReport"/>
  <testcase name="test1" time="0.0" classname="com.dcits.defaultReport.TestDefaultReport"/>
  <testcase name="test1" time="0.0" classname="com.dcits.defaultReport.TestDefaultReport"/>
  <testcase name="test1" time="0.0" classname="com.dcits.defaultReport.TestDefaultReport"/>
  <testcase name="test1" time="0.0" classname="com.dcits.defaultReport.TestDefaultReport"/>
  <testcase name="test1" time="0.0" classname="com.dcits.defaultReport.TestDefaultReport"/>
  <testcase name="test1" time="0.0" classname="com.dcits.defaultReport.TestDefaultReport"/>
  <testcase name="test1" time="0.0" classname="com.dcits.defaultReport.TestDefaultReport"/>
  <testcase name="test1" time="0.0" classname="com.dcits.defaultReport.TestDefaultReport"/>
  <testcase name="test1" time="0.001" classname="com.dcits.defaultReport.TestDefaultReport"/>
  <testcase name="test1" time="0.0" classname="com.dcits.defaultReport.TestDefaultReport"/>
  <testcase name="test1" time="0.0" classname="com.dcits.defaultReport.TestDefaultReport"/>
  <testcase name="test1" time="0.0" classname="com.dcits.defaultReport.TestDefaultReport"/>
  <testcase name="test1" time="0.0" classname="com.dcits.defaultReport.TestDefaultReport"/>
  <testcase name="test1" time="0.0" classname="com.dcits.defaultReport.TestDefaultReport"/>
  <testcase name="test1" time="0.0" classname="com.dcits.defaultReport.TestDefaultReport"/>
  <testcase name="test1" time="0.001" classname="com.dcits.defaultReport.TestDefaultReport"/>
  <testcase name="test1" time="0.0" classname="com.dcits.defaultReport.TestDefaultReport"/>
  <testcase name="test1" time="0.0" classname="com.dcits.defaultReport.TestDefaultReport"/>
  <testcase name="test1" time="0.0" classname="com.dcits.defaultReport.TestDefaultReport"/>
  <testcase name="test1" time="0.0" classname="com.dcits.defaultReport.TestDefaultReport"/>
  <testcase name="test1" time="0.0" classname="com.dcits.defaultReport.TestDefaultReport"/>
  <testcase name="test1" time="0.0" classname="com.dcits.defaultReport.TestDefaultReport"/>
  <testcase name="test1" time="0.001" classname="com.dcits.defaultReport.TestDefaultReport"/>
  <testcase name="test1" time="0.0" classname="com.dcits.defaultReport.TestDefaultReport"/>
  <testcase name="test1" time="0.0" classname="com.dcits.defaultReport.TestDefaultReport"/>
  <testcase name="test1" time="0.0" classname="com.dcits.defaultReport.TestDefaultReport"/>
  <testcase name="test1" time="0.0" classname="com.dcits.defaultReport.TestDefaultReport"/>
  <testcase name="test1" time="0.001" classname="com.dcits.defaultReport.TestDefaultReport"/>
  <testcase name="test1" time="0.0" classname="com.dcits.defaultReport.TestDefaultReport"/>
  <testcase name="test1" time="0.0" classname="com.dcits.defaultReport.TestDefaultReport"/>
  <testcase name="test1" time="0.0" classname="com.dcits.defaultReport.TestDefaultReport"/>
  <testcase name="test1" time="0.0" classname="com.dcits.defaultReport.TestDefaultReport"/>
  <testcase name="test1" time="0.0" classname="com.dcits.defaultReport.TestDefaultReport"/>
  <testcase name="test1" time="0.0" classname="com.dcits.defaultReport.TestDefaultReport"/>
  <testcase name="test1" time="0.0" classname="com.dcits.defaultReport.TestDefaultReport"/>
  <testcase name="test1" time="0.0" classname="com.dcits.defaultReport.TestDefaultReport"/>
  <testcase name="test1" time="0.0" classname="com.dcits.defaultReport.TestDefaultReport"/>
  <testcase name="test1" time="0.0" classname="com.dcits.defaultReport.TestDefaultReport"/>
  <testcase name="test1" time="0.001" classname="com.dcits.defaultReport.TestDefaultReport"/>
  <testcase name="test1" time="0.0" classname="com.dcits.defaultReport.TestDefaultReport"/>
  <testcase name="test1" time="0.0" classname="com.dcits.defaultReport.TestDefaultReport"/>
  <testcase name="test1" time="0.0" classname="com.dcits.defaultReport.TestDefaultReport"/>
  <testcase name="test1" time="0.0" classname="com.dcits.defaultReport.TestDefaultReport"/>
  <testcase name="test1" time="0.0" classname="com.dcits.defaultReport.TestDefaultReport"/>
  <testcase name="test1" time="0.0" classname="com.dcits.defaultReport.TestDefaultReport"/>
  <testcase name="test1" time="0.001" classname="com.dcits.defaultReport.TestDefaultReport"/>
  <testcase name="test1" time="0.0" classname="com.dcits.defaultReport.TestDefaultReport"/>
  <testcase name="test1" time="0.0" classname="com.dcits.defaultReport.TestDefaultReport"/>
  <testcase name="test1" time="0.0" classname="com.dcits.defaultReport.TestDefaultReport"/>
  <testcase name="test1" time="0.0" classname="com.dcits.defaultReport.TestDefaultReport"/>
  <testcase name="test1" time="0.0" classname="com.dcits.defaultReport.TestDefaultReport"/>
  <testcase name="test1" time="0.0" classname="com.dcits.defaultReport.TestDefaultReport"/>
  <testcase name="test1" time="0.0" classname="com.dcits.defaultReport.TestDefaultReport"/>
  <testcase name="test1" time="0.0" classname="com.dcits.defaultReport.TestDefaultReport"/>
  <testcase name="test1" time="0.0" classname="com.dcits.defaultReport.TestDefaultReport"/>
  <testcase name="test1" time="0.0" classname="com.dcits.defaultReport.TestDefaultReport"/>
  <testcase name="test1" time="0.0" classname="com.dcits.defaultReport.TestDefaultReport"/>
  <testcase name="test1" time="0.0" classname="com.dcits.defaultReport.TestDefaultReport"/>
  <testcase name="test1" time="0.001" classname="com.dcits.defaultReport.TestDefaultReport"/>
  <testcase name="test1" time="0.0" classname="com.dcits.defaultReport.TestDefaultReport"/>
  <testcase name="test1" time="0.0" classname="com.dcits.defaultReport.TestDefaultReport"/>
  <testcase name="test1" time="0.0" classname="com.dcits.defaultReport.TestDefaultReport"/>
  <testcase name="test1" time="0.0" classname="com.dcits.defaultReport.TestDefaultReport"/>
  <testcase name="test1" time="0.0" classname="com.dcits.defaultReport.TestDefaultReport"/>
  <testcase name="test1" time="0.0" classname="com.dcits.defaultReport.TestDefaultReport"/>
  <testcase name="test1" time="0.001" classname="com.dcits.defaultReport.TestDefaultReport"/>
  <testcase name="test1" time="0.001" classname="com.dcits.defaultReport.TestDefaultReport"/>
  <testcase name="test1" time="0.0" classname="com.dcits.defaultReport.TestDefaultReport"/>
  <testcase name="test1" time="0.0" classname="com.dcits.defaultReport.TestDefaultReport"/>
  <testcase name="test1" time="0.0" classname="com.dcits.defaultReport.TestDefaultReport"/>
  <testcase name="test1" time="0.0" classname="com.dcits.defaultReport.TestDefaultReport"/>
  <testcase name="test1" time="0.0" classname="com.dcits.defaultReport.TestDefaultReport"/>
  <testcase name="test1" time="0.001" classname="com.dcits.defaultReport.TestDefaultReport"/>
  <testcase name="test1" time="0.0" classname="com.dcits.defaultReport.TestDefaultReport"/>
  <testcase name="test1" time="0.0" classname="com.dcits.defaultReport.TestDefaultReport"/>
  <testcase name="test1" time="0.0" classname="com.dcits.defaultReport.TestDefaultReport"/>
  <testcase name="test1" time="0.0" classname="com.dcits.defaultReport.TestDefaultReport"/>
  <testcase name="test1" time="0.001" classname="com.dcits.defaultReport.TestDefaultReport"/>
  <testcase name="test1" time="0.0" classname="com.dcits.defaultReport.TestDefaultReport"/>
  <testcase name="test1" time="0.0" classname="com.dcits.defaultReport.TestDefaultReport"/>
  <testcase name="test1" time="0.0" classname="com.dcits.defaultReport.TestDefaultReport"/>
  <testcase name="test1" time="0.0" classname="com.dcits.defaultReport.TestDefaultReport"/>
  <testcase name="test1" time="0.0" classname="com.dcits.defaultReport.TestDefaultReport"/>
  <testcase name="test1" time="0.0" classname="com.dcits.defaultReport.TestDefaultReport"/>
  <testcase name="test1" time="0.0" classname="com.dcits.defaultReport.TestDefaultReport"/>
  <testcase name="test1" time="0.0" classname="com.dcits.defaultReport.TestDefaultReport"/>
  <testcase name="test1" time="0.0" classname="com.dcits.defaultReport.TestDefaultReport"/>
  <testcase name="test1" time="0.0" classname="com.dcits.defaultReport.TestDefaultReport"/>
  <testcase name="test1" time="0.0" classname="com.dcits.defaultReport.TestDefaultReport"/>
  <testcase name="test1" time="0.0" classname="com.dcits.defaultReport.TestDefaultReport"/>
  <testcase name="test1" time="0.001" classname="com.dcits.defaultReport.TestDefaultReport"/>
  <testcase name="test1" time="0.0" classname="com.dcits.defaultReport.TestDefaultReport"/>
  <testcase name="test1" time="0.0" classname="com.dcits.defaultReport.TestDefaultReport"/>
  <testcase name="test1" time="0.001" classname="com.dcits.defaultReport.TestDefaultReport"/>
  <testcase name="test1" time="0.0" classname="com.dcits.defaultReport.TestDefaultReport"/>
  <testcase name="test1" time="0.0" classname="com.dcits.defaultReport.TestDefaultReport"/>
  <testcase name="test1" time="0.0" classname="com.dcits.defaultReport.TestDefaultReport"/>
  <testcase name="test1" time="0.0" classname="com.dcits.defaultReport.TestDefaultReport"/>
  <testcase name="test1" time="0.001" classname="com.dcits.defaultReport.TestDefaultReport"/>
  <testcase name="test1" time="0.0" classname="com.dcits.defaultReport.TestDefaultReport"/>
  <testcase name="test1" time="0.0" classname="com.dcits.defaultReport.TestDefaultReport"/>
  <testcase name="test1" time="0.0" classname="com.dcits.defaultReport.TestDefaultReport"/>
  <testcase name="test1" time="0.0" classname="com.dcits.defaultReport.TestDefaultReport"/>
  <testcase name="test1" time="0.0" classname="com.dcits.defaultReport.TestDefaultReport"/>
  <testcase name="test1" time="0.001" classname="com.dcits.defaultReport.TestDefaultReport"/>
  <testcase name="test1" time="0.0" classname="com.dcits.defaultReport.TestDefaultReport"/>
  <testcase name="test1" time="0.0" classname="com.dcits.defaultReport.TestDefaultReport"/>
  <testcase name="test1" time="0.0" classname="com.dcits.defaultReport.TestDefaultReport"/>
  <testcase name="test1" time="0.0" classname="com.dcits.defaultReport.TestDefaultReport"/>
  <testcase name="test1" time="0.0" classname="com.dcits.defaultReport.TestDefaultReport"/>
  <testcase name="test1" time="0.0" classname="com.dcits.defaultReport.TestDefaultReport"/>
  <testcase name="test1" time="0.0" classname="com.dcits.defaultReport.TestDefaultReport"/>
  <testcase name="test1" time="0.0" classname="com.dcits.defaultReport.TestDefaultReport"/>
  <testcase name="test1" time="0.0" classname="com.dcits.defaultReport.TestDefaultReport"/>
  <testcase name="test1" time="0.0" classname="com.dcits.defaultReport.TestDefaultReport"/>
  <testcase name="test1" time="0.0" classname="com.dcits.defaultReport.TestDefaultReport"/>
  <testcase name="test1" time="0.0" classname="com.dcits.defaultReport.TestDefaultReport"/>
  <testcase name="test1" time="0.0" classname="com.dcits.defaultReport.TestDefaultReport"/>
  <testcase name="test1" time="0.0" classname="com.dcits.defaultReport.TestDefaultReport"/>
  <testcase name="test1" time="0.0" classname="com.dcits.defaultReport.TestDefaultReport"/>
  <testcase name="test1" time="0.0" classname="com.dcits.defaultReport.TestDefaultReport"/>
  <testcase name="test1" time="0.001" classname="com.dcits.defaultReport.TestDefaultReport"/>
  <testcase name="test1" time="0.0" classname="com.dcits.defaultReport.TestDefaultReport"/>
  <testcase name="test1" time="0.0" classname="com.dcits.defaultReport.TestDefaultReport"/>
  <testcase name="test1" time="0.0" classname="com.dcits.defaultReport.TestDefaultReport"/>
  <testcase name="test1" time="0.0" classname="com.dcits.defaultReport.TestDefaultReport"/>
  <testcase name="test1" time="0.0" classname="com.dcits.defaultReport.TestDefaultReport"/>
  <testcase name="test1" time="0.0" classname="com.dcits.defaultReport.TestDefaultReport"/>
  <testcase name="test1" time="0.0" classname="com.dcits.defaultReport.TestDefaultReport"/>
  <testcase name="test1" time="0.0" classname="com.dcits.defaultReport.TestDefaultReport"/>
  <testcase name="test1" time="0.0" classname="com.dcits.defaultReport.TestDefaultReport"/>
  <testcase name="test1" time="0.001" classname="com.dcits.defaultReport.TestDefaultReport"/>
  <testcase name="test1" time="0.0" classname="com.dcits.defaultReport.TestDefaultReport"/>
  <testcase name="test1" time="0.0" classname="com.dcits.defaultReport.TestDefaultReport"/>
  <testcase name="test1" time="0.0" classname="com.dcits.defaultReport.TestDefaultReport"/>
  <testcase name="test1" time="0.0" classname="com.dcits.defaultReport.TestDefaultReport"/>
  <testcase name="test1" time="0.0" classname="com.dcits.defaultReport.TestDefaultReport"/>
  <testcase name="test1" time="0.0" classname="com.dcits.defaultReport.TestDefaultReport"/>
  <testcase name="test1" time="0.001" classname="com.dcits.defaultReport.TestDefaultReport"/>
  <testcase name="test1" time="0.0" classname="com.dcits.defaultReport.TestDefaultReport"/>
  <testcase name="test1" time="0.0" classname="com.dcits.defaultReport.TestDefaultReport"/>
  <testcase name="test1" time="0.0" classname="com.dcits.defaultReport.TestDefaultReport"/>
  <testcase name="test1" time="0.0" classname="com.dcits.defaultReport.TestDefaultReport"/>
  <testcase name="test1" time="0.0" classname="com.dcits.defaultReport.TestDefaultReport"/>
  <testcase name="test1" time="0.0" classname="com.dcits.defaultReport.TestDefaultReport"/>
  <testcase name="test1" time="0.0" classname="com.dcits.defaultReport.TestDefaultReport"/>
  <testcase name="test1" time="0.0" classname="com.dcits.defaultReport.TestDefaultReport"/>
  <testcase name="test1" time="0.0" classname="com.dcits.defaultReport.TestDefaultReport"/>
  <testcase name="test1" time="0.0" classname="com.dcits.defaultReport.TestDefaultReport"/>
  <testcase name="test1" time="0.0" classname="com.dcits.defaultReport.TestDefaultReport"/>
  <testcase name="test1" time="0.0" classname="com.dcits.defaultReport.TestDefaultReport"/>
  <testcase name="test1" time="0.001" classname="com.dcits.defaultReport.TestDefaultReport"/>
  <testcase name="test1" time="0.0" classname="com.dcits.defaultReport.TestDefaultReport"/>
  <testcase name="test1" time="0.0" classname="com.dcits.defaultReport.TestDefaultReport"/>
  <testcase name="test1" time="0.004" classname="com.dcits.defaultReport.TestDefaultReport"/>
  <testcase name="test1" time="0.001" classname="com.dcits.defaultReport.TestDefaultReport"/>
  <testcase name="test1" time="0.0" classname="com.dcits.defaultReport.TestDefaultReport"/>
  <testcase name="test1" time="0.0" classname="com.dcits.defaultReport.TestDefaultReport"/>
  <testcase name="test1" time="0.0" classname="com.dcits.defaultReport.TestDefaultReport"/>
  <testcase name="test1" time="0.0" classname="com.dcits.defaultReport.TestDefaultReport"/>
  <testcase name="test1" time="0.0" classname="com.dcits.defaultReport.TestDefaultReport"/>
  <testcase name="test1" time="0.0" classname="com.dcits.defaultReport.TestDefaultReport"/>
  <testcase name="test1" time="0.0" classname="com.dcits.defaultReport.TestDefaultReport"/>
  <testcase name="test1" time="0.0" classname="com.dcits.defaultReport.TestDefaultReport"/>
  <testcase name="test1" time="0.0" classname="com.dcits.defaultReport.TestDefaultReport"/>
  <testcase name="test1" time="0.0" classname="com.dcits.defaultReport.TestDefaultReport"/>
  <testcase name="test1" time="0.0" classname="com.dcits.defaultReport.TestDefaultReport"/>
  <testcase name="test1" time="0.0" classname="com.dcits.defaultReport.TestDefaultReport"/>
  <testcase name="test1" time="0.001" classname="com.dcits.defaultReport.TestDefaultReport"/>
  <testcase name="test1" time="0.0" classname="com.dcits.defaultReport.TestDefaultReport"/>
  <testcase name="test1" time="0.0" classname="com.dcits.defaultReport.TestDefaultReport"/>
  <testcase name="test1" time="0.0" classname="com.dcits.defaultReport.TestDefaultReport"/>
  <testcase name="test1" time="0.0" classname="com.dcits.defaultReport.TestDefaultReport"/>
  <testcase name="test1" time="0.002" classname="com.dcits.defaultReport.TestDefaultReport"/>
  <testcase name="test1" time="0.0" classname="com.dcits.defaultReport.TestDefaultReport"/>
  <testcase name="test1" time="0.001" classname="com.dcits.defaultReport.TestDefaultReport"/>
  <testcase name="test1" time="0.0" classname="com.dcits.defaultReport.TestDefaultReport"/>
  <testcase name="test1" time="0.0" classname="com.dcits.defaultReport.TestDefaultReport"/>
  <testcase name="test1" time="0.0" classname="com.dcits.defaultReport.TestDefaultReport"/>
  <testcase name="test1" time="0.0" classname="com.dcits.defaultReport.TestDefaultReport"/>
  <testcase name="test1" time="0.0" classname="com.dcits.defaultReport.TestDefaultReport"/>
  <testcase name="test1" time="0.0" classname="com.dcits.defaultReport.TestDefaultReport"/>
  <testcase name="test1" time="0.0" classname="com.dcits.defaultReport.TestDefaultReport"/>
  <testcase name="test1" time="0.0" classname="com.dcits.defaultReport.TestDefaultReport"/>
  <testcase name="test1" time="0.0" classname="com.dcits.defaultReport.TestDefaultReport"/>
  <testcase name="test1" time="0.0" classname="com.dcits.defaultReport.TestDefaultReport"/>
  <testcase name="test1" time="0.0" classname="com.dcits.defaultReport.TestDefaultReport"/>
  <testcase name="test1" time="0.001" classname="com.dcits.defaultReport.TestDefaultReport"/>
  <testcase name="test1" time="0.0" classname="com.dcits.defaultReport.TestDefaultReport"/>
  <testcase name="test1" time="0.0" classname="com.dcits.defaultReport.TestDefaultReport"/>
  <testcase name="test1" time="0.0" classname="com.dcits.defaultReport.TestDefaultReport"/>
  <testcase name="test1" time="0.0" classname="com.dcits.defaultReport.TestDefaultReport"/>
  <testcase name="test1" time="0.0" classname="com.dcits.defaultReport.TestDefaultReport"/>
  <testcase name="test1" time="0.0" classname="com.dcits.defaultReport.TestDefaultReport"/>
  <testcase name="test1" time="0.0" classname="com.dcits.defaultReport.TestDefaultReport"/>
  <testcase name="test1" time="0.0" classname="com.dcits.defaultReport.TestDefaultReport"/>
  <testcase name="test1" time="0.0" classname="com.dcits.defaultReport.TestDefaultReport"/>
  <testcase name="test1" time="0.0" classname="com.dcits.defaultReport.TestDefaultReport"/>
  <testcase name="test1" time="0.0" classname="com.dcits.defaultReport.TestDefaultReport"/>
  <testcase name="test1" time="0.0" classname="com.dcits.defaultReport.TestDefaultReport"/>
  <testcase name="test1" time="0.0" classname="com.dcits.defaultReport.TestDefaultReport"/>
  <testcase name="test1" time="0.0" classname="com.dcits.defaultReport.TestDefaultReport"/>
  <testcase name="test1" time="0.0" classname="com.dcits.defaultReport.TestDefaultReport"/>
  <testcase name="test1" time="0.0" classname="com.dcits.defaultReport.TestDefaultReport"/>
  <testcase name="test1" time="0.0" classname="com.dcits.defaultReport.TestDefaultReport"/>
  <testcase name="test1" time="0.0" classname="com.dcits.defaultReport.TestDefaultReport"/>
  <testcase name="test1" time="0.0" classname="com.dcits.defaultReport.TestDefaultReport"/>
  <testcase name="test1" time="0.0" classname="com.dcits.defaultReport.TestDefaultReport"/>
  <testcase name="test1" time="0.001" classname="com.dcits.defaultReport.TestDefaultReport"/>
  <testcase name="test1" time="0.0" classname="com.dcits.defaultReport.TestDefaultReport"/>
  <testcase name="test1" time="0.0" classname="com.dcits.defaultReport.TestDefaultReport"/>
  <testcase name="test1" time="0.0" classname="com.dcits.defaultReport.TestDefaultReport"/>
  <testcase name="test1" time="0.0" classname="com.dcits.defaultReport.TestDefaultReport"/>
  <testcase name="test1" time="0.0" classname="com.dcits.defaultReport.TestDefaultReport"/>
  <testcase name="test1" time="0.0" classname="com.dcits.defaultReport.TestDefaultReport"/>
  <testcase name="test1" time="0.0" classname="com.dcits.defaultReport.TestDefaultReport"/>
  <testcase name="test1" time="0.0" classname="com.dcits.defaultReport.TestDefaultReport"/>
  <testcase name="test1" time="0.0" classname="com.dcits.defaultReport.TestDefaultReport"/>
  <testcase name="test1" time="0.0" classname="com.dcits.defaultReport.TestDefaultReport"/>
  <testcase name="test1" time="0.0" classname="com.dcits.defaultReport.TestDefaultReport"/>
  <testcase name="test1" time="0.0" classname="com.dcits.defaultReport.TestDefaultReport"/>
  <testcase name="test1" time="0.0" classname="com.dcits.defaultReport.TestDefaultReport"/>
  <testcase name="test1" time="0.0" classname="com.dcits.defaultReport.TestDefaultReport"/>
  <testcase name="test1" time="0.0" classname="com.dcits.defaultReport.TestDefaultReport"/>
  <testcase name="test1" time="0.0" classname="com.dcits.defaultReport.TestDefaultReport"/>
  <testcase name="test1" time="0.0" classname="com.dcits.defaultReport.TestDefaultReport"/>
  <testcase name="test1" time="0.0" classname="com.dcits.defaultReport.TestDefaultReport"/>
  <testcase name="test1" time="0.0" classname="com.dcits.defaultReport.TestDefaultReport"/>
  <testcase name="test1" time="0.0" classname="com.dcits.defaultReport.TestDefaultReport"/>
  <testcase name="test1" time="0.0" classname="com.dcits.defaultReport.TestDefaultReport"/>
  <testcase name="test1" time="0.0" classname="com.dcits.defaultReport.TestDefaultReport"/>
  <testcase name="test1" time="0.0" classname="com.dcits.defaultReport.TestDefaultReport"/>
  <testcase name="test1" time="0.0" classname="com.dcits.defaultReport.TestDefaultReport"/>
  <testcase name="test1" time="0.0" classname="com.dcits.defaultReport.TestDefaultReport"/>
  <testcase name="test1" time="0.0" classname="com.dcits.defaultReport.TestDefaultReport"/>
  <testcase name="test1" time="0.0" classname="com.dcits.defaultReport.TestDefaultReport"/>
  <testcase name="test1" time="0.001" classname="com.dcits.defaultReport.TestDefaultReport"/>
  <testcase name="test1" time="0.0" classname="com.dcits.defaultReport.TestDefaultReport"/>
  <testcase name="test1" time="0.0" classname="com.dcits.defaultReport.TestDefaultReport"/>
  <testcase name="test1" time="0.0" classname="com.dcits.defaultReport.TestDefaultReport"/>
  <testcase name="test1" time="0.0" classname="com.dcits.defaultReport.TestDefaultReport"/>
  <testcase name="test1" time="0.0" classname="com.dcits.defaultReport.TestDefaultReport"/>
  <testcase name="test1" time="0.0" classname="com.dcits.defaultReport.TestDefaultReport"/>
  <testcase name="test1" time="0.0" classname="com.dcits.defaultReport.TestDefaultReport"/>
  <testcase name="test1" time="0.0" classname="com.dcits.defaultReport.TestDefaultReport"/>
  <testcase name="test1" time="0.0" classname="com.dcits.defaultReport.TestDefaultReport"/>
  <testcase name="test1" time="0.0" classname="com.dcits.defaultReport.TestDefaultReport"/>
  <testcase name="test1" time="0.0" classname="com.dcits.defaultReport.TestDefaultReport"/>
  <testcase name="test1" time="0.0" classname="com.dcits.defaultReport.TestDefaultReport"/>
  <testcase name="test1" time="0.001" classname="com.dcits.defaultReport.TestDefaultReport"/>
  <testcase name="test1" time="0.0" classname="com.dcits.defaultReport.TestDefaultReport"/>
  <testcase name="test1" time="0.0" classname="com.dcits.defaultReport.TestDefaultReport"/>
  <testcase name="test1" time="0.0" classname="com.dcits.defaultReport.TestDefaultReport"/>
  <testcase name="test1" time="0.0" classname="com.dcits.defaultReport.TestDefaultReport"/>
  <testcase name="test1" time="0.0" classname="com.dcits.defaultReport.TestDefaultReport"/>
  <testcase name="test1" time="0.0" classname="com.dcits.defaultReport.TestDefaultReport"/>
  <testcase name="test1" time="0.0" classname="com.dcits.defaultReport.TestDefaultReport"/>
  <testcase name="test1" time="0.0" classname="com.dcits.defaultReport.TestDefaultReport"/>
  <testcase name="test1" time="0.0" classname="com.dcits.defaultReport.TestDefaultReport"/>
  <testcase name="test1" time="0.0" classname="com.dcits.defaultReport.TestDefaultReport"/>
  <testcase name="test1" time="0.0" classname="com.dcits.defaultReport.TestDefaultReport"/>
  <testcase name="test1" time="0.0" classname="com.dcits.defaultReport.TestDefaultReport"/>
  <testcase name="test1" time="0.0" classname="com.dcits.defaultReport.TestDefaultReport"/>
  <testcase name="test1" time="0.0" classname="com.dcits.defaultReport.TestDefaultReport"/>
  <testcase name="test1" time="0.0" classname="com.dcits.defaultReport.TestDefaultReport"/>
  <testcase name="test1" time="0.0" classname="com.dcits.defaultReport.TestDefaultReport"/>
  <testcase name="test1" time="0.0" classname="com.dcits.defaultReport.TestDefaultReport"/>
  <testcase name="test1" time="0.0" classname="com.dcits.defaultReport.TestDefaultReport"/>
  <testcase name="test1" time="0.0" classname="com.dcits.defaultReport.TestDefaultReport"/>
  <testcase name="test1" time="0.0" classname="com.dcits.defaultReport.TestDefaultReport"/>
  <testcase name="test1" time="0.001" classname="com.dcits.defaultReport.TestDefaultReport"/>
  <testcase name="test1" time="0.0" classname="com.dcits.defaultReport.TestDefaultReport"/>
  <testcase name="test1" time="0.0" classname="com.dcits.defaultReport.TestDefaultReport"/>
  <testcase name="test1" time="0.0" classname="com.dcits.defaultReport.TestDefaultReport"/>
  <testcase name="test1" time="0.0" classname="com.dcits.defaultReport.TestDefaultReport"/>
  <testcase name="test1" time="0.0" classname="com.dcits.defaultReport.TestDefaultReport"/>
  <testcase name="test1" time="0.0" classname="com.dcits.defaultReport.TestDefaultReport"/>
  <testcase name="test1" time="0.0" classname="com.dcits.defaultReport.TestDefaultReport"/>
  <testcase name="test1" time="0.001" classname="com.dcits.defaultReport.TestDefaultReport"/>
  <testcase name="test1" time="0.0" classname="com.dcits.defaultReport.TestDefaultReport"/>
  <testcase name="test1" time="0.0" classname="com.dcits.defaultReport.TestDefaultReport"/>
  <testcase name="test1" time="0.0" classname="com.dcits.defaultReport.TestDefaultReport"/>
  <testcase name="test1" time="0.0" classname="com.dcits.defaultReport.TestDefaultReport"/>
  <testcase name="test1" time="0.0" classname="com.dcits.defaultReport.TestDefaultReport"/>
  <testcase name="test1" time="0.0" classname="com.dcits.defaultReport.TestDefaultReport"/>
  <testcase name="test1" time="0.0" classname="com.dcits.defaultReport.TestDefaultReport"/>
  <testcase name="test1" time="0.0" classname="com.dcits.defaultReport.TestDefaultReport"/>
  <testcase name="test1" time="0.0" classname="com.dcits.defaultReport.TestDefaultReport"/>
  <testcase name="test1" time="0.0" classname="com.dcits.defaultReport.TestDefaultReport"/>
  <testcase name="test1" time="0.0" classname="com.dcits.defaultReport.TestDefaultReport"/>
  <testcase name="test1" time="0.0" classname="com.dcits.defaultReport.TestDefaultReport"/>
  <testcase name="test1" time="0.0" classname="com.dcits.defaultReport.TestDefaultReport"/>
  <testcase name="test1" time="0.0" classname="com.dcits.defaultReport.TestDefaultReport"/>
  <testcase name="test1" time="0.0" classname="com.dcits.defaultReport.TestDefaultReport"/>
  <testcase name="test1" time="0.0" classname="com.dcits.defaultReport.TestDefaultReport"/>
  <testcase name="test1" time="0.0" classname="com.dcits.defaultReport.TestDefaultReport"/>
  <testcase name="test1" time="0.0" classname="com.dcits.defaultReport.TestDefaultReport"/>
  <testcase name="test1" time="0.0" classname="com.dcits.defaultReport.TestDefaultReport"/>
  <testcase name="test1" time="0.0" classname="com.dcits.defaultReport.TestDefaultReport"/>
  <testcase name="test1" time="0.0" classname="com.dcits.defaultReport.TestDefaultReport"/>
  <testcase name="test1" time="0.0" classname="com.dcits.defaultReport.TestDefaultReport"/>
  <testcase name="test1" time="0.0" classname="com.dcits.defaultReport.TestDefaultReport"/>
  <testcase name="test1" time="0.001" classname="com.dcits.defaultReport.TestDefaultReport"/>
  <testcase name="test1" time="0.0" classname="com.dcits.defaultReport.TestDefaultReport"/>
  <testcase name="test1" time="0.0" classname="com.dcits.defaultReport.TestDefaultReport"/>
  <testcase name="test1" time="0.0" classname="com.dcits.defaultReport.TestDefaultReport"/>
  <testcase name="test1" time="0.0" classname="com.dcits.defaultReport.TestDefaultReport"/>
  <testcase name="test1" time="0.001" classname="com.dcits.defaultReport.TestDefaultReport"/>
  <testcase name="test1" time="0.0" classname="com.dcits.defaultReport.TestDefaultReport"/>
  <testcase name="test1" time="0.0" classname="com.dcits.defaultReport.TestDefaultReport"/>
  <testcase name="test1" time="0.0" classname="com.dcits.defaultReport.TestDefaultReport"/>
  <testcase name="test1" time="0.0" classname="com.dcits.defaultReport.TestDefaultReport"/>
  <testcase name="test1" time="0.0" classname="com.dcits.defaultReport.TestDefaultReport"/>
  <testcase name="test1" time="0.0" classname="com.dcits.defaultReport.TestDefaultReport"/>
  <testcase name="test1" time="0.0" classname="com.dcits.defaultReport.TestDefaultReport"/>
  <testcase name="test1" time="0.0" classname="com.dcits.defaultReport.TestDefaultReport"/>
  <testcase name="test1" time="0.0" classname="com.dcits.defaultReport.TestDefaultReport"/>
  <testcase name="test1" time="0.0" classname="com.dcits.defaultReport.TestDefaultReport"/>
  <testcase name="test1" time="0.0" classname="com.dcits.defaultReport.TestDefaultReport"/>
  <testcase name="test1" time="0.0" classname="com.dcits.defaultReport.TestDefaultReport"/>
  <testcase name="test1" time="0.0" classname="com.dcits.defaultReport.TestDefaultReport"/>
  <testcase name="test1" time="0.0" classname="com.dcits.defaultReport.TestDefaultReport"/>
  <testcase name="test1" time="0.0" classname="com.dcits.defaultReport.TestDefaultReport"/>
  <testcase name="test1" time="0.0" classname="com.dcits.defaultReport.TestDefaultReport"/>
  <testcase name="test1" time="0.0" classname="com.dcits.defaultReport.TestDefaultReport"/>
  <testcase name="test1" time="0.0" classname="com.dcits.defaultReport.TestDefaultReport"/>
  <testcase name="test1" time="0.0" classname="com.dcits.defaultReport.TestDefaultReport"/>
  <testcase name="test1" time="0.0" classname="com.dcits.defaultReport.TestDefaultReport"/>
  <testcase name="test1" time="0.0" classname="com.dcits.defaultReport.TestDefaultReport"/>
  <testcase name="test1" time="0.0" classname="com.dcits.defaultReport.TestDefaultReport"/>
  <testcase name="test1" time="0.0" classname="com.dcits.defaultReport.TestDefaultReport"/>
  <testcase name="test1" time="0.0" classname="com.dcits.defaultReport.TestDefaultReport"/>
  <testcase name="test1" time="0.0" classname="com.dcits.defaultReport.TestDefaultReport"/>
  <testcase name="test1" time="0.0" classname="com.dcits.defaultReport.TestDefaultReport"/>
  <testcase name="test1" time="0.0" classname="com.dcits.defaultReport.TestDefaultReport"/>
  <testcase name="test1" time="0.0" classname="com.dcits.defaultReport.TestDefaultReport"/>
  <testcase name="test1" time="0.0" classname="com.dcits.defaultReport.TestDefaultReport"/>
  <testcase name="test1" time="0.0" classname="com.dcits.defaultReport.TestDefaultReport"/>
  <testcase name="test1" time="0.0" classname="com.dcits.defaultReport.TestDefaultReport"/>
  <testcase name="test1" time="0.0" classname="com.dcits.defaultReport.TestDefaultReport"/>
  <testcase name="test1" time="0.0" classname="com.dcits.defaultReport.TestDefaultReport"/>
  <testcase name="test1" time="0.0" classname="com.dcits.defaultReport.TestDefaultReport"/>
  <testcase name="test1" time="0.0" classname="com.dcits.defaultReport.TestDefaultReport"/>
  <testcase name="test1" time="0.0" classname="com.dcits.defaultReport.TestDefaultReport"/>
  <testcase name="test1" time="0.0" classname="com.dcits.defaultReport.TestDefaultReport"/>
  <testcase name="test1" time="0.0" classname="com.dcits.defaultReport.TestDefaultReport"/>
  <testcase name="test1" time="0.0" classname="com.dcits.defaultReport.TestDefaultReport"/>
  <testcase name="test1" time="0.0" classname="com.dcits.defaultReport.TestDefaultReport"/>
  <testcase name="test1" time="0.001" classname="com.dcits.defaultReport.TestDefaultReport"/>
  <testcase name="test1" time="0.0" classname="com.dcits.defaultReport.TestDefaultReport"/>
  <testcase name="test1" time="0.001" classname="com.dcits.defaultReport.TestDefaultReport"/>
  <testcase name="test1" time="0.0" classname="com.dcits.defaultReport.TestDefaultReport"/>
  <testcase name="test1" time="0.0" classname="com.dcits.defaultReport.TestDefaultReport"/>
  <testcase name="test1" time="0.001" classname="com.dcits.defaultReport.TestDefaultReport"/>
  <testcase name="test1" time="0.0" classname="com.dcits.defaultReport.TestDefaultReport"/>
  <testcase name="test1" time="0.0" classname="com.dcits.defaultReport.TestDefaultReport"/>
  <testcase name="test1" time="0.0" classname="com.dcits.defaultReport.TestDefaultReport"/>
  <testcase name="test1" time="0.0" classname="com.dcits.defaultReport.TestDefaultReport"/>
  <testcase name="test1" time="0.0" classname="com.dcits.defaultReport.TestDefaultReport"/>
  <testcase name="test1" time="0.0" classname="com.dcits.defaultReport.TestDefaultReport"/>
  <testcase name="test1" time="0.0" classname="com.dcits.defaultReport.TestDefaultReport"/>
  <testcase name="test1" time="0.0" classname="com.dcits.defaultReport.TestDefaultReport"/>
  <testcase name="test1" time="0.0" classname="com.dcits.defaultReport.TestDefaultReport"/>
  <testcase name="test1" time="0.0" classname="com.dcits.defaultReport.TestDefaultReport"/>
  <testcase name="test1" time="0.0" classname="com.dcits.defaultReport.TestDefaultReport"/>
  <testcase name="test1" time="0.0" classname="com.dcits.defaultReport.TestDefaultReport"/>
  <testcase name="test1" time="0.001" classname="com.dcits.defaultReport.TestDefaultReport"/>
  <testcase name="test1" time="0.0" classname="com.dcits.defaultReport.TestDefaultReport"/>
  <testcase name="test1" time="0.0" classname="com.dcits.defaultReport.TestDefaultReport"/>
  <testcase name="test1" time="0.0" classname="com.dcits.defaultReport.TestDefaultReport"/>
  <testcase name="test1" time="0.0" classname="com.dcits.defaultReport.TestDefaultReport"/>
  <testcase name="test1" time="0.0" classname="com.dcits.defaultReport.TestDefaultReport"/>
  <testcase name="test1" time="0.001" classname="com.dcits.defaultReport.TestDefaultReport"/>
  <testcase name="test1" time="0.0" classname="com.dcits.defaultReport.TestDefaultReport"/>
  <testcase name="test1" time="0.0" classname="com.dcits.defaultReport.TestDefaultReport"/>
  <testcase name="test1" time="0.0" classname="com.dcits.defaultReport.TestDefaultReport"/>
  <testcase name="test1" time="0.0" classname="com.dcits.defaultReport.TestDefaultReport"/>
  <testcase name="test1" time="0.0" classname="com.dcits.defaultReport.TestDefaultReport"/>
  <testcase name="test1" time="0.0" classname="com.dcits.defaultReport.TestDefaultReport"/>
  <testcase name="test1" time="0.0" classname="com.dcits.defaultReport.TestDefaultReport"/>
  <testcase name="test1" time="0.001" classname="com.dcits.defaultReport.TestDefaultReport"/>
  <testcase name="test1" time="0.0" classname="com.dcits.defaultReport.TestDefaultReport"/>
  <testcase name="test1" time="0.001" classname="com.dcits.defaultReport.TestDefaultReport"/>
  <testcase name="test1" time="0.0" classname="com.dcits.defaultReport.TestDefaultReport"/>
  <testcase name="test1" time="0.0" classname="com.dcits.defaultReport.TestDefaultReport"/>
  <testcase name="test1" time="0.0" classname="com.dcits.defaultReport.TestDefaultReport"/>
  <testcase name="test1" time="0.0" classname="com.dcits.defaultReport.TestDefaultReport"/>
  <testcase name="test1" time="0.0" classname="com.dcits.defaultReport.TestDefaultReport"/>
  <testcase name="test1" time="0.0" classname="com.dcits.defaultReport.TestDefaultReport"/>
  <testcase name="test1" time="0.0" classname="com.dcits.defaultReport.TestDefaultReport"/>
  <testcase name="test1" time="0.0" classname="com.dcits.defaultReport.TestDefaultReport"/>
  <testcase name="test1" time="0.0" classname="com.dcits.defaultReport.TestDefaultReport"/>
  <testcase name="test1" time="0.0" classname="com.dcits.defaultReport.TestDefaultReport"/>
  <testcase name="test1" time="0.0" classname="com.dcits.defaultReport.TestDefaultReport"/>
  <testcase name="test1" time="0.001" classname="com.dcits.defaultReport.TestDefaultReport"/>
  <testcase name="test1" time="0.0" classname="com.dcits.defaultReport.TestDefaultReport"/>
  <testcase name="test1" time="0.0" classname="com.dcits.defaultReport.TestDefaultReport"/>
  <testcase name="test1" time="0.0" classname="com.dcits.defaultReport.TestDefaultReport"/>
  <testcase name="test1" time="0.0" classname="com.dcits.defaultReport.TestDefaultReport"/>
  <testcase name="test1" time="0.0" classname="com.dcits.defaultReport.TestDefaultReport"/>
  <testcase name="test1" time="0.0" classname="com.dcits.defaultReport.TestDefaultReport"/>
  <testcase name="test1" time="0.0" classname="com.dcits.defaultReport.TestDefaultReport"/>
  <testcase name="test1" time="0.0" classname="com.dcits.defaultReport.TestDefaultReport"/>
  <testcase name="test1" time="0.0" classname="com.dcits.defaultReport.TestDefaultReport"/>
  <testcase name="test1" time="0.0" classname="com.dcits.defaultReport.TestDefaultReport"/>
  <testcase name="test1" time="0.0" classname="com.dcits.defaultReport.TestDefaultReport"/>
  <testcase name="test1" time="0.0" classname="com.dcits.defaultReport.TestDefaultReport"/>
  <testcase name="test1" time="0.0" classname="com.dcits.defaultReport.TestDefaultReport"/>
  <testcase name="test1" time="0.0" classname="com.dcits.defaultReport.TestDefaultReport"/>
  <testcase name="test1" time="0.0" classname="com.dcits.defaultReport.TestDefaultReport"/>
  <testcase name="test1" time="0.0" classname="com.dcits.defaultReport.TestDefaultReport"/>
  <testcase name="test1" time="0.0" classname="com.dcits.defaultReport.TestDefaultReport"/>
  <testcase name="test1" time="0.0" classname="com.dcits.defaultReport.TestDefaultReport"/>
  <testcase name="test1" time="0.0" classname="com.dcits.defaultReport.TestDefaultReport"/>
  <testcase name="test1" time="0.0" classname="com.dcits.defaultReport.TestDefaultReport"/>
  <testcase name="test1" time="0.0" classname="com.dcits.defaultReport.TestDefaultReport"/>
  <testcase name="test1" time="0.0" classname="com.dcits.defaultReport.TestDefaultReport"/>
  <testcase name="test1" time="0.0" classname="com.dcits.defaultReport.TestDefaultReport"/>
  <testcase name="test1" time="0.0" classname="com.dcits.defaultReport.TestDefaultReport"/>
  <testcase name="test1" time="0.0" classname="com.dcits.defaultReport.TestDefaultReport"/>
  <testcase name="test1" time="0.0" classname="com.dcits.defaultReport.TestDefaultReport"/>
  <testcase name="test1" time="0.0" classname="com.dcits.defaultReport.TestDefaultReport"/>
  <testcase name="test1" time="0.0" classname="com.dcits.defaultReport.TestDefaultReport"/>
  <testcase name="test1" time="0.0" classname="com.dcits.defaultReport.TestDefaultReport"/>
  <testcase name="test1" time="0.0" classname="com.dcits.defaultReport.TestDefaultReport"/>
  <testcase name="test1" time="0.0" classname="com.dcits.defaultReport.TestDefaultReport"/>
  <testcase name="test1" time="0.0" classname="com.dcits.defaultReport.TestDefaultReport"/>
  <testcase name="test1" time="0.0" classname="com.dcits.defaultReport.TestDefaultReport"/>
  <testcase name="test1" time="0.0" classname="com.dcits.defaultReport.TestDefaultReport"/>
  <testcase name="test1" time="0.0" classname="com.dcits.defaultReport.TestDefaultReport"/>
  <testcase name="test1" time="0.0" classname="com.dcits.defaultReport.TestDefaultReport"/>
  <testcase name="test1" time="0.0" classname="com.dcits.defaultReport.TestDefaultReport"/>
  <testcase name="test1" time="0.0" classname="com.dcits.defaultReport.TestDefaultReport"/>
  <testcase name="test1" time="0.0" classname="com.dcits.defaultReport.TestDefaultReport"/>
  <testcase name="test1" time="0.005" classname="com.dcits.defaultReport.TestDefaultReport"/>
  <testcase name="test1" time="0.0" classname="com.dcits.defaultReport.TestDefaultReport"/>
  <testcase name="test1" time="0.0" classname="com.dcits.defaultReport.TestDefaultReport"/>
  <testcase name="test1" time="0.0" classname="com.dcits.defaultReport.TestDefaultReport"/>
  <testcase name="test1" time="0.0" classname="com.dcits.defaultReport.TestDefaultReport"/>
  <testcase name="test1" time="0.0" classname="com.dcits.defaultReport.TestDefaultReport"/>
  <testcase name="test1" time="0.0" classname="com.dcits.defaultReport.TestDefaultReport"/>
  <testcase name="test1" time="0.0" classname="com.dcits.defaultReport.TestDefaultReport"/>
  <testcase name="test1" time="0.0" classname="com.dcits.defaultReport.TestDefaultReport"/>
  <testcase name="test1" time="0.0" classname="com.dcits.defaultReport.TestDefaultReport"/>
  <testcase name="test1" time="0.0" classname="com.dcits.defaultReport.TestDefaultReport"/>
  <testcase name="test1" time="0.0" classname="com.dcits.defaultReport.TestDefaultReport"/>
  <testcase name="test1" time="0.0" classname="com.dcits.defaultReport.TestDefaultReport"/>
  <testcase name="test1" time="0.0" classname="com.dcits.defaultReport.TestDefaultReport"/>
  <testcase name="test1" time="0.0" classname="com.dcits.defaultReport.TestDefaultReport"/>
  <testcase name="test1" time="0.0" classname="com.dcits.defaultReport.TestDefaultReport"/>
  <testcase name="test1" time="0.001" classname="com.dcits.defaultReport.TestDefaultReport"/>
  <testcase name="test1" time="0.0" classname="com.dcits.defaultReport.TestDefaultReport"/>
  <testcase name="test1" time="0.0" classname="com.dcits.defaultReport.TestDefaultReport"/>
  <testcase name="test1" time="0.0" classname="com.dcits.defaultReport.TestDefaultReport"/>
  <testcase name="test1" time="0.0" classname="com.dcits.defaultReport.TestDefaultReport"/>
  <testcase name="test1" time="0.0" classname="com.dcits.defaultReport.TestDefaultReport"/>
  <testcase name="test1" time="0.0" classname="com.dcits.defaultReport.TestDefaultReport"/>
  <testcase name="test1" time="0.0" classname="com.dcits.defaultReport.TestDefaultReport"/>
  <testcase name="test1" time="0.0" classname="com.dcits.defaultReport.TestDefaultReport"/>
  <testcase name="test1" time="0.0" classname="com.dcits.defaultReport.TestDefaultReport"/>
  <testcase name="test1" time="0.001" classname="com.dcits.defaultReport.TestDefaultReport"/>
  <testcase name="test1" time="0.0" classname="com.dcits.defaultReport.TestDefaultReport"/>
  <testcase name="test1" time="0.001" classname="com.dcits.defaultReport.TestDefaultReport"/>
  <testcase name="test1" time="0.0" classname="com.dcits.defaultReport.TestDefaultReport"/>
  <testcase name="test1" time="0.0" classname="com.dcits.defaultReport.TestDefaultReport"/>
  <testcase name="test1" time="0.0" classname="com.dcits.defaultReport.TestDefaultReport"/>
  <testcase name="test1" time="0.0" classname="com.dcits.defaultReport.TestDefaultReport"/>
  <testcase name="test1" time="0.0" classname="com.dcits.defaultReport.TestDefaultReport"/>
  <testcase name="test1" time="0.0" classname="com.dcits.defaultReport.TestDefaultReport"/>
  <testcase name="test1" time="0.0" classname="com.dcits.defaultReport.TestDefaultReport"/>
  <testcase name="test1" time="0.0" classname="com.dcits.defaultReport.TestDefaultReport"/>
  <testcase name="test1" time="0.0" classname="com.dcits.defaultReport.TestDefaultReport"/>
  <testcase name="test1" time="0.0" classname="com.dcits.defaultReport.TestDefaultReport"/>
  <testcase name="test1" time="0.0" classname="com.dcits.defaultReport.TestDefaultReport"/>
  <testcase name="test1" time="0.0" classname="com.dcits.defaultReport.TestDefaultReport"/>
  <testcase name="test1" time="0.0" classname="com.dcits.defaultReport.TestDefaultReport"/>
  <testcase name="test1" time="0.002" classname="com.dcits.defaultReport.TestDefaultReport"/>
  <testcase name="test1" time="0.0" classname="com.dcits.defaultReport.TestDefaultReport"/>
  <testcase name="test1" time="0.0" classname="com.dcits.defaultReport.TestDefaultReport"/>
  <testcase name="test1" time="0.0" classname="com.dcits.defaultReport.TestDefaultReport"/>
  <testcase name="test1" time="0.0" classname="com.dcits.defaultReport.TestDefaultReport"/>
  <testcase name="test1" time="0.0" classname="com.dcits.defaultReport.TestDefaultReport"/>
  <testcase name="test1" time="0.0" classname="com.dcits.defaultReport.TestDefaultReport"/>
  <testcase name="test1" time="0.001" classname="com.dcits.defaultReport.TestDefaultReport"/>
  <testcase name="test1" time="0.0" classname="com.dcits.defaultReport.TestDefaultReport"/>
  <testcase name="test1" time="0.0" classname="com.dcits.defaultReport.TestDefaultReport"/>
  <testcase name="test1" time="0.0" classname="com.dcits.defaultReport.TestDefaultReport"/>
  <testcase name="test1" time="0.0" classname="com.dcits.defaultReport.TestDefaultReport"/>
  <testcase name="test1" time="0.0" classname="com.dcits.defaultReport.TestDefaultReport"/>
  <testcase name="test1" time="0.0" classname="com.dcits.defaultReport.TestDefaultReport"/>
  <testcase name="test1" time="0.0" classname="com.dcits.defaultReport.TestDefaultReport"/>
  <testcase name="test1" time="0.0" classname="com.dcits.defaultReport.TestDefaultReport"/>
  <testcase name="test1" time="0.0" classname="com.dcits.defaultReport.TestDefaultReport"/>
  <testcase name="test1" time="0.0" classname="com.dcits.defaultReport.TestDefaultReport"/>
  <testcase name="test1" time="0.002" classname="com.dcits.defaultReport.TestDefaultReport"/>
  <testcase name="test1" time="0.0" classname="com.dcits.defaultReport.TestDefaultReport"/>
  <testcase name="test1" time="0.0" classname="com.dcits.defaultReport.TestDefaultReport"/>
  <testcase name="test1" time="0.0" classname="com.dcits.defaultReport.TestDefaultReport"/>
  <testcase name="test1" time="0.0" classname="com.dcits.defaultReport.TestDefaultReport"/>
  <testcase name="test1" time="0.0" classname="com.dcits.defaultReport.TestDefaultReport"/>
  <testcase name="test1" time="0.0" classname="com.dcits.defaultReport.TestDefaultReport"/>
  <testcase name="test1" time="0.0" classname="com.dcits.defaultReport.TestDefaultReport"/>
  <testcase name="test1" time="0.0" classname="com.dcits.defaultReport.TestDefaultReport"/>
  <testcase name="test1" time="0.001" classname="com.dcits.defaultReport.TestDefaultReport"/>
  <testcase name="test1" time="0.0" classname="com.dcits.defaultReport.TestDefaultReport"/>
  <testcase name="test1" time="0.0" classname="com.dcits.defaultReport.TestDefaultReport"/>
  <testcase name="test1" time="0.0" classname="com.dcits.defaultReport.TestDefaultReport"/>
  <testcase name="test1" time="0.0" classname="com.dcits.defaultReport.TestDefaultReport"/>
  <testcase name="test1" time="0.0" classname="com.dcits.defaultReport.TestDefaultReport"/>
  <testcase name="test1" time="0.0" classname="com.dcits.defaultReport.TestDefaultReport"/>
  <testcase name="test1" time="0.0" classname="com.dcits.defaultReport.TestDefaultReport"/>
  <testcase name="test1" time="0.0" classname="com.dcits.defaultReport.TestDefaultReport"/>
  <testcase name="test1" time="0.0" classname="com.dcits.defaultReport.TestDefaultReport"/>
  <testcase name="test1" time="0.0" classname="com.dcits.defaultReport.TestDefaultReport"/>
  <testcase name="test1" time="0.0" classname="com.dcits.defaultReport.TestDefaultReport"/>
  <testcase name="test1" time="0.0" classname="com.dcits.defaultReport.TestDefaultReport"/>
  <testcase name="test1" time="0.0" classname="com.dcits.defaultReport.TestDefaultReport"/>
  <testcase name="test1" time="0.0" classname="com.dcits.defaultReport.TestDefaultReport"/>
  <testcase name="test1" time="0.0" classname="com.dcits.defaultReport.TestDefaultReport"/>
  <testcase name="test1" time="0.0" classname="com.dcits.defaultReport.TestDefaultReport"/>
  <testcase name="test1" time="0.0" classname="com.dcits.defaultReport.TestDefaultReport"/>
  <testcase name="test1" time="0.0" classname="com.dcits.defaultReport.TestDefaultReport"/>
  <testcase name="test1" time="0.0" classname="com.dcits.defaultReport.TestDefaultReport"/>
  <testcase name="test1" time="0.0" classname="com.dcits.defaultReport.TestDefaultReport"/>
  <testcase name="test1" time="0.0" classname="com.dcits.defaultReport.TestDefaultReport"/>
  <testcase name="test1" time="0.0" classname="com.dcits.defaultReport.TestDefaultReport"/>
  <testcase name="test1" time="0.0" classname="com.dcits.defaultReport.TestDefaultReport"/>
  <testcase name="test1" time="0.0" classname="com.dcits.defaultReport.TestDefaultReport"/>
  <testcase name="test1" time="0.0" classname="com.dcits.defaultReport.TestDefaultReport"/>
  <testcase name="test1" time="0.0" classname="com.dcits.defaultReport.TestDefaultReport"/>
  <testcase name="test1" time="0.0" classname="com.dcits.defaultReport.TestDefaultReport"/>
  <testcase name="test1" time="0.0" classname="com.dcits.defaultReport.TestDefaultReport"/>
  <testcase name="test1" time="0.0" classname="com.dcits.defaultReport.TestDefaultReport"/>
  <testcase name="test1" time="0.0" classname="com.dcits.defaultReport.TestDefaultReport"/>
  <testcase name="test1" time="0.0" classname="com.dcits.defaultReport.TestDefaultReport"/>
  <testcase name="test1" time="0.0" classname="com.dcits.defaultReport.TestDefaultReport"/>
  <testcase name="test1" time="0.0" classname="com.dcits.defaultReport.TestDefaultReport"/>
  <testcase name="test1" time="0.0" classname="com.dcits.defaultReport.TestDefaultReport"/>
  <testcase name="test1" time="0.0" classname="com.dcits.defaultReport.TestDefaultReport"/>
  <testcase name="test1" time="0.0" classname="com.dcits.defaultReport.TestDefaultReport"/>
  <testcase name="test1" time="0.0" classname="com.dcits.defaultReport.TestDefaultReport"/>
  <testcase name="test1" time="0.0" classname="com.dcits.defaultReport.TestDefaultReport"/>
  <testcase name="test1" time="0.0" classname="com.dcits.defaultReport.TestDefaultReport"/>
  <testcase name="test1" time="0.0" classname="com.dcits.defaultReport.TestDefaultReport"/>
  <testcase name="test1" time="0.0" classname="com.dcits.defaultReport.TestDefaultReport"/>
  <testcase name="test1" time="0.0" classname="com.dcits.defaultReport.TestDefaultReport"/>
  <testcase name="test1" time="0.0" classname="com.dcits.defaultReport.TestDefaultReport"/>
  <testcase name="test1" time="0.0" classname="com.dcits.defaultReport.TestDefaultReport"/>
  <testcase name="test1" time="0.0" classname="com.dcits.defaultReport.TestDefaultReport"/>
  <testcase name="test1" time="0.0" classname="com.dcits.defaultReport.TestDefaultReport"/>
  <testcase name="test1" time="0.0" classname="com.dcits.defaultReport.TestDefaultReport"/>
  <testcase name="test1" time="0.0" classname="com.dcits.defaultReport.TestDefaultReport"/>
  <testcase name="test1" time="0.0" classname="com.dcits.defaultReport.TestDefaultReport"/>
  <testcase name="test1" time="0.0" classname="com.dcits.defaultReport.TestDefaultReport"/>
  <testcase name="test1" time="0.0" classname="com.dcits.defaultReport.TestDefaultReport"/>
  <testcase name="test1" time="0.0" classname="com.dcits.defaultReport.TestDefaultReport"/>
  <testcase name="test1" time="0.0" classname="com.dcits.defaultReport.TestDefaultReport"/>
  <testcase name="test1" time="0.0" classname="com.dcits.defaultReport.TestDefaultReport"/>
  <testcase name="test1" time="0.0" classname="com.dcits.defaultReport.TestDefaultReport"/>
  <testcase name="test1" time="0.0" classname="com.dcits.defaultReport.TestDefaultReport"/>
  <testcase name="test1" time="0.0" classname="com.dcits.defaultReport.TestDefaultReport"/>
  <testcase name="test1" time="0.0" classname="com.dcits.defaultReport.TestDefaultReport"/>
  <testcase name="test1" time="0.0" classname="com.dcits.defaultReport.TestDefaultReport"/>
  <testcase name="test1" time="0.0" classname="com.dcits.defaultReport.TestDefaultReport"/>
  <testcase name="test1" time="0.0" classname="com.dcits.defaultReport.TestDefaultReport"/>
  <testcase name="test1" time="0.0" classname="com.dcits.defaultReport.TestDefaultReport"/>
  <testcase name="test1" time="0.0" classname="com.dcits.defaultReport.TestDefaultReport"/>
  <testcase name="test1" time="0.0" classname="com.dcits.defaultReport.TestDefaultReport"/>
  <testcase name="test1" time="0.0" classname="com.dcits.defaultReport.TestDefaultReport"/>
  <testcase name="test1" time="0.0" classname="com.dcits.defaultReport.TestDefaultReport"/>
  <testcase name="test1" time="0.0" classname="com.dcits.defaultReport.TestDefaultReport"/>
  <testcase name="test1" time="0.0" classname="com.dcits.defaultReport.TestDefaultReport"/>
  <testcase name="test1" time="0.0" classname="com.dcits.defaultReport.TestDefaultReport"/>
  <testcase name="test1" time="0.001" classname="com.dcits.defaultReport.TestDefaultReport"/>
  <testcase name="test1" time="0.0" classname="com.dcits.defaultReport.TestDefaultReport"/>
  <testcase name="test1" time="0.0" classname="com.dcits.defaultReport.TestDefaultReport"/>
  <testcase name="test1" time="0.0" classname="com.dcits.defaultReport.TestDefaultReport"/>
  <testcase name="test1" time="0.0" classname="com.dcits.defaultReport.TestDefaultReport"/>
  <testcase name="test1" time="0.0" classname="com.dcits.defaultReport.TestDefaultReport"/>
  <testcase name="test1" time="0.0" classname="com.dcits.defaultReport.TestDefaultReport"/>
  <testcase name="test1" time="0.0" classname="com.dcits.defaultReport.TestDefaultReport"/>
  <testcase name="test1" time="0.0" classname="com.dcits.defaultReport.TestDefaultReport"/>
  <testcase name="test1" time="0.0" classname="com.dcits.defaultReport.TestDefaultReport"/>
  <testcase name="test1" time="0.0" classname="com.dcits.defaultReport.TestDefaultReport"/>
  <testcase name="test1" time="0.0" classname="com.dcits.defaultReport.TestDefaultReport"/>
  <testcase name="test1" time="0.0" classname="com.dcits.defaultReport.TestDefaultReport"/>
  <testcase name="test1" time="0.0" classname="com.dcits.defaultReport.TestDefaultReport"/>
  <testcase name="test1" time="0.0" classname="com.dcits.defaultReport.TestDefaultReport"/>
  <testcase name="test1" time="0.0" classname="com.dcits.defaultReport.TestDefaultReport"/>
  <testcase name="test1" time="0.0" classname="com.dcits.defaultReport.TestDefaultReport"/>
  <testcase name="test1" time="0.0" classname="com.dcits.defaultReport.TestDefaultReport"/>
  <testcase name="test1" time="0.0" classname="com.dcits.defaultReport.TestDefaultReport"/>
  <testcase name="test1" time="0.0" classname="com.dcits.defaultReport.TestDefaultReport"/>
  <testcase name="test1" time="0.0" classname="com.dcits.defaultReport.TestDefaultReport"/>
  <testcase name="test1" time="0.0" classname="com.dcits.defaultReport.TestDefaultReport"/>
  <testcase name="test1" time="0.0" classname="com.dcits.defaultReport.TestDefaultReport"/>
  <testcase name="test1" time="0.0" classname="com.dcits.defaultReport.TestDefaultReport"/>
  <testcase name="test1" time="0.0" classname="com.dcits.defaultReport.TestDefaultReport"/>
  <testcase name="test1" time="0.0" classname="com.dcits.defaultReport.TestDefaultReport"/>
  <testcase name="test1" time="0.0" classname="com.dcits.defaultReport.TestDefaultReport"/>
  <testcase name="test1" time="0.0" classname="com.dcits.defaultReport.TestDefaultReport"/>
  <testcase name="test1" time="0.0" classname="com.dcits.defaultReport.TestDefaultReport"/>
  <testcase name="test1" time="0.0" classname="com.dcits.defaultReport.TestDefaultReport"/>
  <testcase name="test1" time="0.0" classname="com.dcits.defaultReport.TestDefaultReport"/>
  <testcase name="test1" time="0.0" classname="com.dcits.defaultReport.TestDefaultReport"/>
  <testcase name="test1" time="0.0" classname="com.dcits.defaultReport.TestDefaultReport"/>
  <testcase name="test1" time="0.0" classname="com.dcits.defaultReport.TestDefaultReport"/>
  <testcase name="test1" time="0.0" classname="com.dcits.defaultReport.TestDefaultReport"/>
  <testcase name="test1" time="0.0" classname="com.dcits.defaultReport.TestDefaultReport"/>
  <testcase name="test1" time="0.0" classname="com.dcits.defaultReport.TestDefaultReport"/>
  <testcase name="test1" time="0.0" classname="com.dcits.defaultReport.TestDefaultReport"/>
  <testcase name="test1" time="0.0" classname="com.dcits.defaultReport.TestDefaultReport"/>
  <testcase name="test1" time="0.0" classname="com.dcits.defaultReport.TestDefaultReport"/>
  <testcase name="test1" time="0.0" classname="com.dcits.defaultReport.TestDefaultReport"/>
  <testcase name="test1" time="0.0" classname="com.dcits.defaultReport.TestDefaultReport"/>
  <testcase name="test1" time="0.0" classname="com.dcits.defaultReport.TestDefaultReport"/>
  <testcase name="test1" time="0.0" classname="com.dcits.defaultReport.TestDefaultReport"/>
  <testcase name="test1" time="0.0" classname="com.dcits.defaultReport.TestDefaultReport"/>
  <testcase name="test1" time="0.0" classname="com.dcits.defaultReport.TestDefaultReport"/>
  <testcase name="test1" time="0.0" classname="com.dcits.defaultReport.TestDefaultReport"/>
  <testcase name="test1" time="0.0" classname="com.dcits.defaultReport.TestDefaultReport"/>
  <testcase name="test1" time="0.0" classname="com.dcits.defaultReport.TestDefaultReport"/>
  <testcase name="test1" time="0.0" classname="com.dcits.defaultReport.TestDefaultReport"/>
  <testcase name="test1" time="0.0" classname="com.dcits.defaultReport.TestDefaultReport"/>
  <testcase name="test1" time="0.0" classname="com.dcits.defaultReport.TestDefaultReport"/>
  <testcase name="test1" time="0.0" classname="com.dcits.defaultReport.TestDefaultReport"/>
  <testcase name="test1" time="0.0" classname="com.dcits.defaultReport.TestDefaultReport"/>
  <testcase name="test1" time="0.0" classname="com.dcits.defaultReport.TestDefaultReport"/>
  <testcase name="test1" time="0.0" classname="com.dcits.defaultReport.TestDefaultReport"/>
  <testcase name="test1" time="0.0" classname="com.dcits.defaultReport.TestDefaultReport"/>
  <testcase name="test1" time="0.0" classname="com.dcits.defaultReport.TestDefaultReport"/>
  <testcase name="test1" time="0.0" classname="com.dcits.defaultReport.TestDefaultReport"/>
  <testcase name="test1" time="0.0" classname="com.dcits.defaultReport.TestDefaultReport"/>
  <testcase name="test1" time="0.0" classname="com.dcits.defaultReport.TestDefaultReport"/>
  <testcase name="test1" time="0.0" classname="com.dcits.defaultReport.TestDefaultReport"/>
  <testcase name="test1" time="0.0" classname="com.dcits.defaultReport.TestDefaultReport"/>
  <testcase name="test1" time="0.0" classname="com.dcits.defaultReport.TestDefaultReport"/>
  <testcase name="test1" time="0.0" classname="com.dcits.defaultReport.TestDefaultReport"/>
  <testcase name="test1" time="0.0" classname="com.dcits.defaultReport.TestDefaultReport"/>
  <testcase name="test1" time="0.0" classname="com.dcits.defaultReport.TestDefaultReport"/>
  <testcase name="test1" time="0.0" classname="com.dcits.defaultReport.TestDefaultReport"/>
  <testcase name="test1" time="0.0" classname="com.dcits.defaultReport.TestDefaultReport"/>
  <testcase name="test1" time="0.0" classname="com.dcits.defaultReport.TestDefaultReport"/>
  <testcase name="test1" time="0.0" classname="com.dcits.defaultReport.TestDefaultReport"/>
  <testcase name="test1" time="0.0" classname="com.dcits.defaultReport.TestDefaultReport"/>
  <testcase name="test1" time="0.0" classname="com.dcits.defaultReport.TestDefaultReport"/>
  <testcase name="test1" time="0.0" classname="com.dcits.defaultReport.TestDefaultReport"/>
  <testcase name="test1" time="0.0" classname="com.dcits.defaultReport.TestDefaultReport"/>
  <testcase name="test1" time="0.0" classname="com.dcits.defaultReport.TestDefaultReport"/>
  <testcase name="test1" time="0.0" classname="com.dcits.defaultReport.TestDefaultReport"/>
  <testcase name="test1" time="0.0" classname="com.dcits.defaultReport.TestDefaultReport"/>
  <testcase name="test1" time="0.0" classname="com.dcits.defaultReport.TestDefaultReport"/>
  <testcase name="test1" time="0.0" classname="com.dcits.defaultReport.TestDefaultReport"/>
  <testcase name="test1" time="0.0" classname="com.dcits.defaultReport.TestDefaultReport"/>
  <testcase name="test1" time="0.0" classname="com.dcits.defaultReport.TestDefaultReport"/>
[...]
    <skipped/>
  </testcase> <!-- test4 -->
  <testcase name="test4" time="0.0" classname="com.dcits.defaultReport.TestDefaultReport">
    <skipped/>
  </testcase> <!-- test4 -->
  <testcase name="test4" time="0.0" classname="com.dcits.defaultReport.TestDefaultReport">
    <skipped/>
  </testcase> <!-- test4 -->
  <testcase name="test4" time="0.0" classname="com.dcits.defaultReport.TestDefaultReport">
    <skipped/>
  </testcase> <!-- test4 -->
  <testcase name="test4" time="0.0" classname="com.dcits.defaultReport.TestDefaultReport">
    <skipped/>
  </testcase> <!-- test4 -->
  <testcase name="test4" time="0.0" classname="com.dcits.defaultReport.TestDefaultReport">
    <skipped/>
  </testcase> <!-- test4 -->
  <testcase name="test4" time="0.0" classname="com.dcits.defaultReport.TestDefaultReport">
    <skipped/>
  </testcase> <!-- test4 -->
  <testcase name="test4" time="0.0" classname="com.dcits.defaultReport.TestDefaultReport">
    <skipped/>
  </testcase> <!-- test4 -->
  <testcase name="test4" time="0.0" classname="com.dcits.defaultReport.TestDefaultReport">
    <skipped/>
  </testcase> <!-- test4 -->
  <testcase name="test4" time="0.0" classname="com.dcits.defaultReport.TestDefaultReport">
    <skipped/>
  </testcase> <!-- test4 -->
  <testcase name="test4" time="0.0" classname="com.dcits.defaultReport.TestDefaultReport">
    <skipped/>
  </testcase> <!-- test4 -->
  <testcase name="test4" time="0.0" classname="com.dcits.defaultReport.TestDefaultReport">
    <skipped/>
  </testcase> <!-- test4 -->
  <testcase name="test4" time="0.0" classname="com.dcits.defaultReport.TestDefaultReport">
    <skipped/>
  </testcase> <!-- test4 -->
  <testcase name="test4" time="0.0" classname="com.dcits.defaultReport.TestDefaultReport">
    <skipped/>
  </testcase> <!-- test4 -->
  <testcase name="test4" time="0.0" classname="com.dcits.defaultReport.TestDefaultReport">
    <skipped/>
  </testcase> <!-- test4 -->
  <testcase name="test4" time="0.0" classname="com.dcits.defaultReport.TestDefaultReport">
    <skipped/>
  </testcase> <!-- test4 -->
  <testcase name="test4" time="0.0" classname="com.dcits.defaultReport.TestDefaultReport">
    <skipped/>
  </testcase> <!-- test4 -->
  <testcase name="test4" time="0.0" classname="com.dcits.defaultReport.TestDefaultReport">
    <skipped/>
  </testcase> <!-- test4 -->
  <testcase name="test4" time="0.0" classname="com.dcits.defaultReport.TestDefaultReport">
    <skipped/>
  </testcase> <!-- test4 -->
  <testcase name="test4" time="0.0" classname="com.dcits.defaultReport.TestDefaultReport">
    <skipped/>
  </testcase> <!-- test4 -->
  <testcase name="test4" time="0.0" classname="com.dcits.defaultReport.TestDefaultReport">
    <skipped/>
  </testcase> <!-- test4 -->
  <testcase name="test4" time="0.0" classname="com.dcits.defaultReport.TestDefaultReport">
    <skipped/>
  </testcase> <!-- test4 -->
  <testcase name="test4" time="0.0" classname="com.dcits.defaultReport.TestDefaultReport">
    <skipped/>
  </testcase> <!-- test4 -->
  <testcase name="test4" time="0.0" classname="com.dcits.defaultReport.TestDefaultReport">
    <skipped/>
  </testcase> <!-- test4 -->
  <testcase name="test4" time="0.0" classname="com.dcits.defaultReport.TestDefaultReport">
    <skipped/>
  </testcase> <!-- test4 -->
  <testcase name="test4" time="0.0" classname="com.dcits.defaultReport.TestDefaultReport">
    <skipped/>
  </testcase> <!-- test4 -->
  <testcase name="test4" time="0.0" classname="com.dcits.defaultReport.TestDefaultReport">
    <skipped/>
  </testcase> <!-- test4 -->
  <testcase name="test4" time="0.0" classname="com.dcits.defaultReport.TestDefaultReport">
    <skipped/>
  </testcase> <!-- test4 -->
  <testcase name="test4" time="0.0" classname="com.dcits.defaultReport.TestDefaultReport">
    <skipped/>
  </testcase> <!-- test4 -->
  <testcase name="test4" time="0.0" classname="com.dcits.defaultReport.TestDefaultReport">
    <skipped/>
  </testcase> <!-- test4 -->
  <testcase name="test4" time="0.0" classname="com.dcits.defaultReport.TestDefaultReport">
    <skipped/>
  </testcase> <!-- test4 -->
  <testcase name="test4" time="0.0" classname="com.dcits.defaultReport.TestDefaultReport">
    <skipped/>
  </testcase> <!-- test4 -->
  <testcase name="test4" time="0.0" classname="com.dcits.defaultReport.TestDefaultReport">
    <skipped/>
  </testcase> <!-- test4 -->
  <testcase name="test4" time="0.0" classname="com.dcits.defaultReport.TestDefaultReport">
    <skipped/>
  </testcase> <!-- test4 -->
  <testcase name="test4" time="0.0" classname="com.dcits.defaultReport.TestDefaultReport">
    <skipped/>
  </testcase> <!-- test4 -->
  <testcase name="test4" time="0.0" classname="com.dcits.defaultReport.TestDefaultReport">
    <skipped/>
  </testcase> <!-- test4 -->
  <testcase name="test4" time="0.0" classname="com.dcits.defaultReport.TestDefaultReport">
    <skipped/>
  </testcase> <!-- test4 -->
  <testcase name="test4" time="0.0" classname="com.dcits.defaultReport.TestDefaultReport">
    <skipped/>
  </testcase> <!-- test4 -->
  <testcase name="test4" time="0.0" classname="com.dcits.defaultReport.TestDefaultReport">
    <skipped/>
  </testcase> <!-- test4 -->
  <testcase name="test4" time="0.0" classname="com.dcits.defaultReport.TestDefaultReport">
    <skipped/>
  </testcase> <!-- test4 -->
  <testcase name="test4" time="0.0" classname="com.dcits.defaultReport.TestDefaultReport">
    <skipped/>
  </testcase> <!-- test4 -->
  <testcase name="test4" time="0.0" classname="com.dcits.defaultReport.TestDefaultReport">
    <skipped/>
  </testcase> <!-- test4 -->
  <testcase name="test4" time="0.0" classname="com.dcits.defaultReport.TestDefaultReport">
    <skipped/>
  </testcase> <!-- test4 -->
  <testcase name="test4" time="0.0" classname="com.dcits.defaultReport.TestDefaultReport">
    <skipped/>
  </testcase> <!-- test4 -->
  <testcase name="test4" time="0.0" classname="com.dcits.defaultReport.TestDefaultReport">
    <skipped/>
  </testcase> <!-- test4 -->
  <testcase name="test4" time="0.0" classname="com.dcits.defaultReport.TestDefaultReport">
    <skipped/>
  </testcase> <!-- test4 -->
  <testcase name="test4" time="0.0" classname="com.dcits.defaultReport.TestDefaultReport">
    <skipped/>
  </testcase> <!-- test4 -->
  <testcase name="test4" time="0.0" classname="com.dcits.defaultReport.TestDefaultReport">
    <skipped/>
  </testcase> <!-- test4 -->
  <testcase name="test4" time="0.0" classname="com.dcits.defaultReport.TestDefaultReport">
    <skipped/>
  </testcase> <!-- test4 -->
  <testcase name="test4" time="0.0" classname="com.dcits.defaultReport.TestDefaultReport">
    <skipped/>
  </testcase> <!-- test4 -->
  <testcase name="test4" time="0.0" classname="com.dcits.defaultReport.TestDefaultReport">
    <skipped/>
  </testcase> <!-- test4 -->
  <testcase name="test4" time="0.0" classname="com.dcits.defaultReport.TestDefaultReport">
    <skipped/>
  </testcase> <!-- test4 -->
  <testcase name="test4" time="0.0" classname="com.dcits.defaultReport.TestDefaultReport">
    <skipped/>
  </testcase> <!-- test4 -->
  <testcase name="test4" time="0.0" classname="com.dcits.defaultReport.TestDefaultReport">
    <skipped/>
  </testcase> <!-- test4 -->
  <testcase name="test4" time="0.0" classname="com.dcits.defaultReport.TestDefaultReport">
    <skipped/>
  </testcase> <!-- test4 -->
  <testcase name="test4" time="0.0" classname="com.dcits.defaultReport.TestDefaultReport">
    <skipped/>
  </testcase> <!-- test4 -->
  <testcase name="test4" time="0.0" classname="com.dcits.defaultReport.TestDefaultReport">
    <skipped/>
  </testcase> <!-- test4 -->
  <testcase name="test4" time="0.0" classname="com.dcits.defaultReport.TestDefaultReport">
    <skipped/>
  </testcase> <!-- test4 -->
  <testcase name="test4" time="0.0" classname="com.dcits.defaultReport.TestDefaultReport">
    <skipped/>
  </testcase> <!-- test4 -->
  <testcase name="test4" time="0.0" classname="com.dcits.defaultReport.TestDefaultReport">
    <skipped/>
  </testcase> <!-- test4 -->
  <testcase name="test4" time="0.0" classname="com.dcits.defaultReport.TestDefaultReport">
    <skipped/>
  </testcase> <!-- test4 -->
  <testcase name="test4" time="0.0" classname="com.dcits.defaultReport.TestDefaultReport">
    <skipped/>
  </testcase> <!-- test4 -->
  <testcase name="test4" time="0.0" classname="com.dcits.defaultReport.TestDefaultReport">
    <skipped/>
  </testcase> <!-- test4 -->
  <testcase name="test4" time="0.0" classname="com.dcits.defaultReport.TestDefaultReport">
    <skipped/>
  </testcase> <!-- test4 -->
  <testcase name="test4" time="0.0" classname="com.dcits.defaultReport.TestDefaultReport">
    <skipped/>
  </testcase> <!-- test4 -->
  <testcase name="test4" time="0.0" classname="com.dcits.defaultReport.TestDefaultReport">
    <skipped/>
  </testcase> <!-- test4 -->
  <testcase name="test4" time="0.0" classname="com.dcits.defaultReport.TestDefaultReport">
    <skipped/>
  </testcase> <!-- test4 -->
  <testcase name="test4" time="0.0" classname="com.dcits.defaultReport.TestDefaultReport">
    <skipped/>
  </testcase> <!-- test4 -->
  <testcase name="test4" time="0.0" classname="com.dcits.defaultReport.TestDefaultReport">
    <skipped/>
  </testcase> <!-- test4 -->
  <testcase name="test4" time="0.0" classname="com.dcits.defaultReport.TestDefaultReport">
    <skipped/>
  </testcase> <!-- test4 -->
  <testcase name="test4" time="0.0" classname="com.dcits.defaultReport.TestDefaultReport">
    <skipped/>
  </testcase> <!-- test4 -->
  <testcase name="test4" time="0.0" classname="com.dcits.defaultReport.TestDefaultReport">
    <skipped/>
  </testcase> <!-- test4 -->
  <testcase name="test4" time="0.0" classname="com.dcits.defaultReport.TestDefaultReport">
    <skipped/>
  </testcase> <!-- test4 -->
  <testcase name="test4" time="0.0" classname="com.dcits.defaultReport.TestDefaultReport">
    <skipped/>
  </testcase> <!-- test4 -->
  <testcase name="test4" time="0.0" classname="com.dcits.defaultReport.TestDefaultReport">
    <skipped/>
  </testcase> <!-- test4 -->
  <testcase name="test4" time="0.0" classname="com.dcits.defaultReport.TestDefaultReport">
    <skipped/>
  </testcase> <!-- test4 -->
  <testcase name="test4" time="0.0" classname="com.dcits.defaultReport.TestDefaultReport">
    <skipped/>
  </testcase> <!-- test4 -->
  <testcase name="test4" time="0.0" classname="com.dcits.defaultReport.TestDefaultReport">
    <skipped/>
  </testcase> <!-- test4 -->
  <testcase name="test4" time="0.0" classname="com.dcits.defaultReport.TestDefaultReport">
    <skipped/>
  </testcase> <!-- test4 -->
  <testcase name="test4" time="0.0" classname="com.dcits.defaultReport.TestDefaultReport">
    <skipped/>
  </testcase> <!-- test4 -->
  <testcase name="test4" time="0.0" classname="com.dcits.defaultReport.TestDefaultReport">
    <skipped/>
  </testcase> <!-- test4 -->
  <testcase name="test4" time="0.0" classname="com.dcits.defaultReport.TestDefaultReport">
    <skipped/>
  </testcase> <!-- test4 -->
  <testcase name="test4" time="0.0" classname="com.dcits.defaultReport.TestDefaultReport">
    <skipped/>
  </testcase> <!-- test4 -->
  <testcase name="test4" time="0.0" classname="com.dcits.defaultReport.TestDefaultReport">
    <skipped/>
  </testcase> <!-- test4 -->
  <testcase name="test4" time="0.0" classname="com.dcits.defaultReport.TestDefaultReport">
    <skipped/>
  </testcase> <!-- test4 -->
  <testcase name="test4" time="0.0" classname="com.dcits.defaultReport.TestDefaultReport">
    <skipped/>
  </testcase> <!-- test4 -->
  <testcase name="test4" time="0.0" classname="com.dcits.defaultReport.TestDefaultReport">
    <skipped/>
  </testcase> <!-- test4 -->
  <testcase name="test4" time="0.0" classname="com.dcits.defaultReport.TestDefaultReport">
    <skipped/>
  </testcase> <!-- test4 -->
  <testcase name="test4" time="0.0" classname="com.dcits.defaultReport.TestDefaultReport">
    <skipped/>
  </testcase> <!-- test4 -->
  <testcase name="test4" time="0.0" classname="com.dcits.defaultReport.TestDefaultReport">
    <skipped/>
  </testcase> <!-- test4 -->
  <testcase name="test4" time="0.0" classname="com.dcits.defaultReport.TestDefaultReport">
    <skipped/>
  </testcase> <!-- test4 -->
  <testcase name="test4" time="0.0" classname="com.dcits.defaultReport.TestDefaultReport">
    <skipped/>
  </testcase> <!-- test4 -->
  <testcase name="test4" time="0.0" classname="com.dcits.defaultReport.TestDefaultReport">
    <skipped/>
  </testcase> <!-- test4 -->
  <testcase name="test4" time="0.0" classname="com.dcits.defaultReport.TestDefaultReport">
    <skipped/>
  </testcase> <!-- test4 -->
  <testcase name="test4" time="0.0" classname="com.dcits.defaultReport.TestDefaultReport">
    <skipped/>
  </testcase> <!-- test4 -->
  <testcase name="test4" time="0.0" classname="com.dcits.defaultReport.TestDefaultReport">
    <skipped/>
  </testcase> <!-- test4 -->
  <testcase name="test4" time="0.0" classname="com.dcits.defaultReport.TestDefaultReport">
    <skipped/>
  </testcase> <!-- test4 -->
  <testcase name="test4" time="0.0" classname="com.dcits.defaultReport.TestDefaultReport">
    <skipped/>
  </testcase> <!-- test4 -->
  <testcase name="test4" time="0.0" classname="com.dcits.defaultReport.TestDefaultReport">
    <skipped/>
  </testcase> <!-- test4 -->
  <testcase name="test4" time="0.0" classname="com.dcits.defaultReport.TestDefaultReport">
    <skipped/>
  </testcase> <!-- test4 -->
  <testcase name="test4" time="0.0" classname="com.dcits.defaultReport.TestDefaultReport">
    <skipped/>
  </testcase> <!-- test4 -->
  <testcase name="test4" time="0.0" classname="com.dcits.defaultReport.TestDefaultReport">
    <skipped/>
  </testcase> <!-- test4 -->
  <testcase name="test4" time="0.0" classname="com.dcits.defaultReport.TestDefaultReport">
    <skipped/>
  </testcase> <!-- test4 -->
  <testcase name="test4" time="0.0" classname="com.dcits.defaultReport.TestDefaultReport">
    <skipped/>
  </testcase> <!-- test4 -->
  <testcase name="test4" time="0.0" classname="com.dcits.defaultReport.TestDefaultReport">
    <skipped/>
  </testcase> <!-- test4 -->
  <testcase name="test4" time="0.0" classname="com.dcits.defaultReport.TestDefaultReport">
    <skipped/>
  </testcase> <!-- test4 -->
  <testcase name="test4" time="0.0" classname="com.dcits.defaultReport.TestDefaultReport">
    <skipped/>
  </testcase> <!-- test4 -->
  <testcase name="test4" time="0.0" classname="com.dcits.defaultReport.TestDefaultReport">
    <skipped/>
  </testcase> <!-- test4 -->
  <testcase name="test4" time="0.0" classname="com.dcits.defaultReport.TestDefaultReport">
    <skipped/>
  </testcase> <!-- test4 -->
  <testcase name="test4" time="0.0" classname="com.dcits.defaultReport.TestDefaultReport">
    <skipped/>
  </testcase> <!-- test4 -->
  <testcase name="test4" time="0.0" classname="com.dcits.defaultReport.TestDefaultReport">
    <skipped/>
  </testcase> <!-- test4 -->
  <testcase name="test4" time="0.0" classname="com.dcits.defaultReport.TestDefaultReport">
    <skipped/>
  </testcase> <!-- test4 -->
  <testcase name="test4" time="0.0" classname="com.dcits.defaultReport.TestDefaultReport">
    <skipped/>
  </testcase> <!-- test4 -->
  <testcase name="test4" time="0.0" classname="com.dcits.defaultReport.TestDefaultReport">
    <skipped/>
  </testcase> <!-- test4 -->
  <testcase name="test4" time="0.0" classname="com.dcits.defaultReport.TestDefaultReport">
    <skipped/>
  </testcase> <!-- test4 -->
  <testcase name="test4" time="0.0" classname="com.dcits.defaultReport.TestDefaultReport">
    <skipped/>
  </testcase> <!-- test4 -->
  <testcase name="test4" time="0.0" classname="com.dcits.defaultReport.TestDefaultReport">
    <skipped/>
  </testcase> <!-- test4 -->
  <testcase name="test4" time="0.0" classname="com.dcits.defaultReport.TestDefaultReport">
    <skipped/>
  </testcase> <!-- test4 -->
  <testcase name="test4" time="0.0" classname="com.dcits.defaultReport.TestDefaultReport">
    <skipped/>
  </testcase> <!-- test4 -->
  <testcase name="test4" time="0.0" classname="com.dcits.defaultReport.TestDefaultReport">
    <skipped/>
  </testcase> <!-- test4 -->
  <testcase name="test4" time="0.0" classname="com.dcits.defaultReport.TestDefaultReport">
    <skipped/>
  </testcase> <!-- test4 -->
  <testcase name="test4" time="0.0" classname="com.dcits.defaultReport.TestDefaultReport">
    <skipped/>
  </testcase> <!-- test4 -->
  <testcase name="test4" time="0.0" classname="com.dcits.defaultReport.TestDefaultReport">
    <skipped/>
  </testcase> <!-- test4 -->
  <testcase name="test4" time="0.0" classname="com.dcits.defaultReport.TestDefaultReport">
    <skipped/>
  </testcase> <!-- test4 -->
  <testcase name="test4" time="0.0" classname="com.dcits.defaultReport.TestDefaultReport">
    <skipped/>
  </testcase> <!-- test4 -->
  <testcase name="test4" time="0.0" classname="com.dcits.defaultReport.TestDefaultReport">
    <skipped/>
  </testcase> <!-- test4 -->
  <testcase name="test4" time="0.0" classname="com.dcits.defaultReport.TestDefaultReport">
    <skipped/>
  </testcase> <!-- test4 -->
  <testcase name="test4" time="0.0" classname="com.dcits.defaultReport.TestDefaultReport">
    <skipped/>
  </testcase> <!-- test4 -->
  <testcase name="test4" time="0.0" classname="com.dcits.defaultReport.TestDefaultReport">
    <skipped/>
  </testcase> <!-- test4 -->
  <testcase name="test4" time="0.0" classname="com.dcits.defaultReport.TestDefaultReport">
    <skipped/>
  </testcase> <!-- test4 -->
  <testcase name="test4" time="0.0" classname="com.dcits.defaultReport.TestDefaultReport">
    <skipped/>
  </testcase> <!-- test4 -->
  <testcase name="test4" time="0.0" classname="com.dcits.defaultReport.TestDefaultReport">
    <skipped/>
  </testcase> <!-- test4 -->
  <testcase name="test4" time="0.0" classname="com.dcits.defaultReport.TestDefaultReport">
    <skipped/>
  </testcase> <!-- test4 -->
  <testcase name="test4" time="0.0" classname="com.dcits.defaultReport.TestDefaultReport">
    <skipped/>
  </testcase> <!-- test4 -->
  <testcase name="test4" time="0.0" classname="com.dcits.defaultReport.TestDefaultReport">
    <skipped/>
  </testcase> <!-- test4 -->
  <testcase name="test4" time="0.0" classname="com.dcits.defaultReport.TestDefaultReport">
    <skipped/>
  </testcase> <!-- test4 -->
  <testcase name="test4" time="0.0" classname="com.dcits.defaultReport.TestDefaultReport">
    <skipped/>
  </testcase> <!-- test4 -->
  <testcase name="test4" time="0.0" classname="com.dcits.defaultReport.TestDefaultReport">
    <skipped/>
  </testcase> <!-- test4 -->
  <testcase name="test4" time="0.0" classname="com.dcits.defaultReport.TestDefaultReport">
    <skipped/>
  </testcase> <!-- test4 -->
  <testcase name="test4" time="0.0" classname="com.dcits.defaultReport.TestDefaultReport">
    <skipped/>
  </testcase> <!-- test4 -->
  <testcase name="test4" time="0.0" classname="com.dcits.defaultReport.TestDefaultReport">
    <skipped/>
  </testcase> <!-- test4 -->
  <testcase name="test4" time="0.0" classname="com.dcits.defaultReport.TestDefaultReport">
    <skipped/>
  </testcase> <!-- test4 -->
  <testcase name="test4" time="0.0" classname="com.dcits.defaultReport.TestDefaultReport">
    <skipped/>
  </testcase> <!-- test4 -->
  <testcase name="test4" time="0.0" classname="com.dcits.defaultReport.TestDefaultReport">
    <skipped/>
  </testcase> <!-- test4 -->
  <testcase name="test4" time="0.0" classname="com.dcits.defaultReport.TestDefaultReport">
    <skipped/>
  </testcase> <!-- test4 -->
  <testcase name="test4" time="0.0" classname="com.dcits.defaultReport.TestDefaultReport">
    <skipped/>
  </testcase> <!-- test4 -->
  <testcase name="test4" time="0.0" classname="com.dcits.defaultReport.TestDefaultReport">
    <skipped/>
  </testcase> <!-- test4 -->
  <testcase name="test4" time="0.0" classname="com.dcits.defaultReport.TestDefaultReport">
    <skipped/>
  </testcase> <!-- test4 -->
</testsuite> <!-- TestNG-demo -->
